[1.138s] Invoking command in '/home/raihan/seano_ws/build/seano_logger': PYTHONPATH=/home/raihan/seano_ws/build/seano_logger/prefix_override:/usr/lib/python3/dist-packages/colcon_core/task/python/colcon_distutils_commands:/home/raihan/seano_ws/install/seano_logger/lib/python3.10/site-packages:${PYTHONPATH} /usr/bin/python3 -W ignore:setup.py install is deprecated -W ignore:easy_install command is deprecated setup.py develop --uninstall --editable --build-directory /home/raihan/seano_ws/build/seano_logger/build
[1.584s] running develop
[1.857s] Removing /home/raihan/seano_ws/install/seano_logger/lib/python3.10/site-packages/seano-logger.egg-link (link to .)
[1.901s] Invoked command in '/home/raihan/seano_ws/build/seano_logger' returned '0': PYTHONPATH=/home/raihan/seano_ws/build/seano_logger/prefix_override:/usr/lib/python3/dist-packages/colcon_core/task/python/colcon_distutils_commands:/home/raihan/seano_ws/install/seano_logger/lib/python3.10/site-packages:${PYTHONPATH} /usr/bin/python3 -W ignore:setup.py install is deprecated -W ignore:easy_install command is deprecated setup.py develop --uninstall --editable --build-directory /home/raihan/seano_ws/build/seano_logger/build
[1.902s] Invoking command in '/home/raihan/seano_ws/src/seano_logger': PYTHONPATH=/home/raihan/seano_ws/build/seano_logger/prefix_override:/usr/lib/python3/dist-packages/colcon_core/task/python/colcon_distutils_commands:/home/raihan/seano_ws/install/seano_logger/lib/python3.10/site-packages:${PYTHONPATH} /usr/bin/python3 -W ignore:setup.py install is deprecated -W ignore:easy_install command is deprecated setup.py egg_info --egg-base ../../build/seano_logger build --build-base /home/raihan/seano_ws/build/seano_logger/build install --record /home/raihan/seano_ws/build/seano_logger/install.log --single-version-externally-managed install_data --force
[2.302s] running egg_info
[2.303s] writing ../../build/seano_logger/seano_logger.egg-info/PKG-INFO
[2.305s] writing dependency_links to ../../build/seano_logger/seano_logger.egg-info/dependency_links.txt
[2.305s] writing entry points to ../../build/seano_logger/seano_logger.egg-info/entry_points.txt
[2.305s] writing requirements to ../../build/seano_logger/seano_logger.egg-info/requires.txt
[2.305s] writing top-level names to ../../build/seano_logger/seano_logger.egg-info/top_level.txt
[2.308s] reading manifest file '../../build/seano_logger/seano_logger.egg-info/SOURCES.txt'
[2.310s] writing manifest file '../../build/seano_logger/seano_logger.egg-info/SOURCES.txt'
[2.310s] running build
[2.310s] running build_py
[2.310s] running install
[2.311s] running install_lib
[2.313s] creating /home/raihan/seano_ws/install/seano_logger/lib/python3.10/site-packages/seano_logger
[2.313s] copying /home/raihan/seano_ws/build/seano_logger/build/lib/seano_logger/logger_node.py -> /home/raihan/seano_ws/install/seano_logger/lib/python3.10/site-packages/seano_logger
[2.313s] copying /home/raihan/seano_ws/build/seano_logger/build/lib/seano_logger/__init__.py -> /home/raihan/seano_ws/install/seano_logger/lib/python3.10/site-packages/seano_logger
[2.315s] byte-compiling /home/raihan/seano_ws/install/seano_logger/lib/python3.10/site-packages/seano_logger/logger_node.py to logger_node.cpython-310.pyc
[2.317s] byte-compiling /home/raihan/seano_ws/install/seano_logger/lib/python3.10/site-packages/seano_logger/__init__.py to __init__.cpython-310.pyc
[2.317s] running install_data
[2.318s] copying resource/seano_logger -> /home/raihan/seano_ws/install/seano_logger/share/ament_index/resource_index/packages
[2.318s] copying package.xml -> /home/raihan/seano_ws/install/seano_logger/share/seano_logger
[2.318s] running install_egg_info
[2.321s] Copying ../../build/seano_logger/seano_logger.egg-info to /home/raihan/seano_ws/install/seano_logger/lib/python3.10/site-packages/seano_logger-0.0.0-py3.10.egg-info
[2.322s] running install_scripts
[2.359s] Installing logger_node script to /home/raihan/seano_ws/install/seano_logger/lib/seano_logger
[2.360s] writing list of installed files to '/home/raihan/seano_ws/build/seano_logger/install.log'
[2.399s] Invoked command in '/home/raihan/seano_ws/src/seano_logger' returned '0': PYTHONPATH=/home/raihan/seano_ws/build/seano_logger/prefix_override:/usr/lib/python3/dist-packages/colcon_core/task/python/colcon_distutils_commands:/home/raihan/seano_ws/install/seano_logger/lib/python3.10/site-packages:${PYTHONPATH} /usr/bin/python3 -W ignore:setup.py install is deprecated -W ignore:easy_install command is deprecated setup.py egg_info --egg-base ../../build/seano_logger build --build-base /home/raihan/seano_ws/build/seano_logger/build install --record /home/raihan/seano_ws/build/seano_logger/install.log --single-version-externally-managed install_data --force
