[1.609s] Invoking command in '/home/raihan/seano_ws/build/seano_logger': PYTHONPATH=/home/raihan/seano_ws/build/seano_logger/prefix_override:/usr/lib/python3/dist-packages/colcon_core/task/python/colcon_distutils_commands:/home/raihan/seano_ws/install/seano_logger/lib/python3.10/site-packages:${PYTHONPATH} /usr/bin/python3 -W ignore:setup.py install is deprecated -W ignore:easy_install command is deprecated setup.py develop --editable --build-directory /home/raihan/seano_ws/build/seano_logger/build --no-deps symlink_data
[2.158s] running develop
[2.553s] running egg_info
[2.553s] creating seano_logger.egg-info
[2.554s] writing seano_logger.egg-info/PKG-INFO
[2.555s] writing dependency_links to seano_logger.egg-info/dependency_links.txt
[2.556s] writing entry points to seano_logger.egg-info/entry_points.txt
[2.556s] writing requirements to seano_logger.egg-info/requires.txt
[2.556s] writing top-level names to seano_logger.egg-info/top_level.txt
[2.556s] writing manifest file 'seano_logger.egg-info/SOURCES.txt'
[2.563s] reading manifest file 'seano_logger.egg-info/SOURCES.txt'
[2.564s] writing manifest file 'seano_logger.egg-info/SOURCES.txt'
[2.567s] running build_ext
[2.570s] Creating /home/raihan/seano_ws/install/seano_logger/lib/python3.10/site-packages/seano-logger.egg-link (link to .)
[2.570s] Installing logger_node script to /home/raihan/seano_ws/install/seano_logger/lib/seano_logger
[2.570s] 
[2.570s] Installed /home/raihan/seano_ws/build/seano_logger
[2.571s] running symlink_data
[2.572s] creating /home/raihan/seano_ws/install/seano_logger/share/ament_index
[2.572s] creating /home/raihan/seano_ws/install/seano_logger/share/ament_index/resource_index
[2.573s] creating /home/raihan/seano_ws/install/seano_logger/share/ament_index/resource_index/packages
[2.573s] symbolically linking /home/raihan/seano_ws/build/seano_logger/resource/seano_logger -> /home/raihan/seano_ws/install/seano_logger/share/ament_index/resource_index/packages
[2.573s] symbolically linking /home/raihan/seano_ws/build/seano_logger/package.xml -> /home/raihan/seano_ws/install/seano_logger/share/seano_logger
[2.653s] Invoked command in '/home/raihan/seano_ws/build/seano_logger' returned '0': PYTHONPATH=/home/raihan/seano_ws/build/seano_logger/prefix_override:/usr/lib/python3/dist-packages/colcon_core/task/python/colcon_distutils_commands:/home/raihan/seano_ws/install/seano_logger/lib/python3.10/site-packages:${PYTHONPATH} /usr/bin/python3 -W ignore:setup.py install is deprecated -W ignore:easy_install command is deprecated setup.py develop --editable --build-directory /home/raihan/seano_ws/build/seano_logger/build --no-deps symlink_data
