[0.449s] DEBUG:colcon:Command line arguments: ['/usr/bin/colcon', 'build']
[0.449s] DEBUG:colcon:Parsed command line arguments: Namespace(log_base=None, log_level=None, verb_name='build', build_base='build', install_base='install', merge_install=False, symlink_install=False, test_result_base=None, continue_on_error=False, executor='parallel', parallel_workers=4, event_handlers=None, ignore_user_meta=False, metas=['./colcon.meta'], base_paths=['.'], packages_ignore=None, packages_ignore_regex=None, paths=None, packages_up_to=None, packages_up_to_regex=None, packages_above=None, packages_above_and_dependencies=None, packages_above_depth=None, packages_select_by_dep=None, packages_skip_by_dep=None, packages_skip_up_to=None, packages_select_build_failed=False, packages_skip_build_finished=False, packages_select_test_failures=False, packages_skip_test_passed=False, packages_select=None, packages_skip=None, packages_select_regex=None, packages_skip_regex=None, packages_start=None, packages_end=None, allow_overriding=[], cmake_args=None, cmake_target=None, cmake_target_skip_unavailable=False, cmake_clean_cache=False, cmake_clean_first=False, cmake_force_configure=False, ament_cmake_args=None, catkin_cmake_args=None, catkin_skip_building_tests=False, verb_parser=<colcon_defaults.argument_parser.defaults.DefaultArgumentsDecorator object at 0x73b91b05cd60>, verb_extension=<colcon_core.verb.build.BuildVerb object at 0x73b91b05c1c0>, main=<bound method BuildVerb.main of <colcon_core.verb.build.BuildVerb object at 0x73b91b05c1c0>>)
[4.534s] Level 1:colcon.colcon_core.package_discovery:discover_packages(colcon_meta) check parameters
[4.534s] Level 1:colcon.colcon_core.package_discovery:discover_packages(recursive) check parameters
[4.534s] Level 1:colcon.colcon_core.package_discovery:discover_packages(ignore) check parameters
[4.535s] Level 1:colcon.colcon_core.package_discovery:discover_packages(path) check parameters
[4.535s] Level 1:colcon.colcon_core.package_discovery:discover_packages(colcon_meta) discover
[4.535s] Level 1:colcon.colcon_core.package_discovery:discover_packages(recursive) discover
[4.535s] INFO:colcon.colcon_core.package_discovery:Crawling recursively for packages in '/home/raihan/seano_ws'
[4.535s] Level 1:colcon.colcon_core.package_identification:_identify(.) by extensions ['ignore', 'ignore_ament_install']
[4.535s] Level 1:colcon.colcon_core.package_identification:_identify(.) by extension 'ignore'
[4.535s] Level 1:colcon.colcon_core.package_identification:_identify(.) by extension 'ignore_ament_install'
[4.535s] Level 1:colcon.colcon_core.package_identification:_identify(.) by extensions ['colcon_pkg']
[4.535s] Level 1:colcon.colcon_core.package_identification:_identify(.) by extension 'colcon_pkg'
[4.535s] Level 1:colcon.colcon_core.package_identification:_identify(.) by extensions ['colcon_meta']
[4.536s] Level 1:colcon.colcon_core.package_identification:_identify(.) by extension 'colcon_meta'
[4.536s] Level 1:colcon.colcon_core.package_identification:_identify(.) by extensions ['ros']
[4.536s] Level 1:colcon.colcon_core.package_identification:_identify(.) by extension 'ros'
[4.632s] Level 1:colcon.colcon_core.package_identification:_identify(.) by extensions ['cmake', 'python']
[4.632s] Level 1:colcon.colcon_core.package_identification:_identify(.) by extension 'cmake'
[4.632s] Level 1:colcon.colcon_core.package_identification:_identify(.) by extension 'python'
[4.633s] Level 1:colcon.colcon_core.package_identification:_identify(.) by extensions ['python_setup_py']
[4.633s] Level 1:colcon.colcon_core.package_identification:_identify(.) by extension 'python_setup_py'
[4.633s] Level 1:colcon.colcon_core.package_identification:_identify(build) by extensions ['ignore', 'ignore_ament_install']
[4.633s] Level 1:colcon.colcon_core.package_identification:_identify(build) by extension 'ignore'
[4.633s] Level 1:colcon.colcon_core.package_identification:_identify(build) ignored
[4.633s] Level 1:colcon.colcon_core.package_identification:_identify(install) by extensions ['ignore', 'ignore_ament_install']
[4.633s] Level 1:colcon.colcon_core.package_identification:_identify(install) by extension 'ignore'
[4.633s] Level 1:colcon.colcon_core.package_identification:_identify(install) ignored
[4.634s] Level 1:colcon.colcon_core.package_identification:_identify(log) by extensions ['ignore', 'ignore_ament_install']
[4.634s] Level 1:colcon.colcon_core.package_identification:_identify(log) by extension 'ignore'
[4.634s] Level 1:colcon.colcon_core.package_identification:_identify(log) ignored
[4.634s] Level 1:colcon.colcon_core.package_identification:_identify(src) by extensions ['ignore', 'ignore_ament_install']
[4.634s] Level 1:colcon.colcon_core.package_identification:_identify(src) by extension 'ignore'
[4.634s] Level 1:colcon.colcon_core.package_identification:_identify(src) by extension 'ignore_ament_install'
[4.634s] Level 1:colcon.colcon_core.package_identification:_identify(src) by extensions ['colcon_pkg']
[4.634s] Level 1:colcon.colcon_core.package_identification:_identify(src) by extension 'colcon_pkg'
[4.635s] Level 1:colcon.colcon_core.package_identification:_identify(src) by extensions ['colcon_meta']
[4.635s] Level 1:colcon.colcon_core.package_identification:_identify(src) by extension 'colcon_meta'
[4.635s] Level 1:colcon.colcon_core.package_identification:_identify(src) by extensions ['ros']
[4.635s] Level 1:colcon.colcon_core.package_identification:_identify(src) by extension 'ros'
[4.635s] Level 1:colcon.colcon_core.package_identification:_identify(src) by extensions ['cmake', 'python']
[4.635s] Level 1:colcon.colcon_core.package_identification:_identify(src) by extension 'cmake'
[4.635s] Level 1:colcon.colcon_core.package_identification:_identify(src) by extension 'python'
[4.635s] Level 1:colcon.colcon_core.package_identification:_identify(src) by extensions ['python_setup_py']
[4.635s] Level 1:colcon.colcon_core.package_identification:_identify(src) by extension 'python_setup_py'
[4.636s] Level 1:colcon.colcon_core.package_identification:_identify(src/build) by extensions ['ignore', 'ignore_ament_install']
[4.636s] Level 1:colcon.colcon_core.package_identification:_identify(src/build) by extension 'ignore'
[4.636s] Level 1:colcon.colcon_core.package_identification:_identify(src/build) ignored
[4.636s] Level 1:colcon.colcon_core.package_identification:_identify(src/install) by extensions ['ignore', 'ignore_ament_install']
[4.636s] Level 1:colcon.colcon_core.package_identification:_identify(src/install) by extension 'ignore'
[4.636s] Level 1:colcon.colcon_core.package_identification:_identify(src/install) ignored
[4.636s] Level 1:colcon.colcon_core.package_identification:_identify(src/log) by extensions ['ignore', 'ignore_ament_install']
[4.636s] Level 1:colcon.colcon_core.package_identification:_identify(src/log) by extension 'ignore'
[4.637s] Level 1:colcon.colcon_core.package_identification:_identify(src/log) ignored
[4.637s] Level 1:colcon.colcon_core.package_identification:_identify(src/seano_logger) by extensions ['ignore', 'ignore_ament_install']
[4.637s] Level 1:colcon.colcon_core.package_identification:_identify(src/seano_logger) by extension 'ignore'
[4.637s] Level 1:colcon.colcon_core.package_identification:_identify(src/seano_logger) by extension 'ignore_ament_install'
[4.637s] Level 1:colcon.colcon_core.package_identification:_identify(src/seano_logger) by extensions ['colcon_pkg']
[4.637s] Level 1:colcon.colcon_core.package_identification:_identify(src/seano_logger) by extension 'colcon_pkg'
[4.637s] Level 1:colcon.colcon_core.package_identification:_identify(src/seano_logger) by extensions ['colcon_meta']
[4.637s] Level 1:colcon.colcon_core.package_identification:_identify(src/seano_logger) by extension 'colcon_meta'
[4.637s] Level 1:colcon.colcon_core.package_identification:_identify(src/seano_logger) by extensions ['ros']
[4.638s] Level 1:colcon.colcon_core.package_identification:_identify(src/seano_logger) by extension 'ros'
[4.672s] DEBUG:colcon.colcon_core.package_identification:Package 'src/seano_logger' with type 'ros.ament_python' and name 'seano_logger'
[4.672s] Level 1:colcon.colcon_core.package_identification:_identify(src/seano_sensors) by extensions ['ignore', 'ignore_ament_install']
[4.672s] Level 1:colcon.colcon_core.package_identification:_identify(src/seano_sensors) by extension 'ignore'
[4.672s] Level 1:colcon.colcon_core.package_identification:_identify(src/seano_sensors) by extension 'ignore_ament_install'
[4.672s] Level 1:colcon.colcon_core.package_identification:_identify(src/seano_sensors) by extensions ['colcon_pkg']
[4.673s] Level 1:colcon.colcon_core.package_identification:_identify(src/seano_sensors) by extension 'colcon_pkg'
[4.673s] Level 1:colcon.colcon_core.package_identification:_identify(src/seano_sensors) by extensions ['colcon_meta']
[4.673s] Level 1:colcon.colcon_core.package_identification:_identify(src/seano_sensors) by extension 'colcon_meta'
[4.673s] Level 1:colcon.colcon_core.package_identification:_identify(src/seano_sensors) by extensions ['ros']
[4.673s] Level 1:colcon.colcon_core.package_identification:_identify(src/seano_sensors) by extension 'ros'
[4.687s] DEBUG:colcon.colcon_core.package_identification:Package 'src/seano_sensors' with type 'ros.ament_python' and name 'seano_sensors'
[4.687s] Level 1:colcon.colcon_core.package_discovery:discover_packages(recursive) using defaults
[4.687s] Level 1:colcon.colcon_core.package_discovery:discover_packages(ignore) discover
[4.687s] Level 1:colcon.colcon_core.package_discovery:discover_packages(ignore) using defaults
[4.687s] Level 1:colcon.colcon_core.package_discovery:discover_packages(path) discover
[4.687s] Level 1:colcon.colcon_core.package_discovery:discover_packages(path) using defaults
[4.921s] Level 1:colcon.colcon_core.package_discovery:discover_packages(prefix_path) check parameters
[4.921s] Level 1:colcon.colcon_core.package_discovery:discover_packages(prefix_path) discover
[4.969s] DEBUG:colcon.colcon_installed_package_information.package_discovery:Found 2 installed packages in /home/raihan/seano_ws/install
[4.970s] DEBUG:colcon.colcon_installed_package_information.package_discovery:Found 2 installed packages in /home/raihan/seano_ws/src/install
[4.981s] DEBUG:colcon.colcon_installed_package_information.package_discovery:Found 279 installed packages in /opt/ros/humble
[4.999s] Level 1:colcon.colcon_core.package_discovery:discover_packages(prefix_path) using defaults
[7.383s] Level 5:colcon.colcon_core.verb:set package 'seano_logger' build argument 'cmake_args' from command line to 'None'
[7.383s] Level 5:colcon.colcon_core.verb:set package 'seano_logger' build argument 'cmake_target' from command line to 'None'
[7.383s] Level 5:colcon.colcon_core.verb:set package 'seano_logger' build argument 'cmake_target_skip_unavailable' from command line to 'False'
[7.383s] Level 5:colcon.colcon_core.verb:set package 'seano_logger' build argument 'cmake_clean_cache' from command line to 'False'
[7.383s] Level 5:colcon.colcon_core.verb:set package 'seano_logger' build argument 'cmake_clean_first' from command line to 'False'
[7.383s] Level 5:colcon.colcon_core.verb:set package 'seano_logger' build argument 'cmake_force_configure' from command line to 'False'
[7.383s] Level 5:colcon.colcon_core.verb:set package 'seano_logger' build argument 'ament_cmake_args' from command line to 'None'
[7.383s] Level 5:colcon.colcon_core.verb:set package 'seano_logger' build argument 'catkin_cmake_args' from command line to 'None'
[7.383s] Level 5:colcon.colcon_core.verb:set package 'seano_logger' build argument 'catkin_skip_building_tests' from command line to 'False'
[7.384s] DEBUG:colcon.colcon_core.verb:Building package 'seano_logger' with the following arguments: {'ament_cmake_args': None, 'build_base': '/home/raihan/seano_ws/build/seano_logger', 'catkin_cmake_args': None, 'catkin_skip_building_tests': False, 'cmake_args': None, 'cmake_clean_cache': False, 'cmake_clean_first': False, 'cmake_force_configure': False, 'cmake_target': None, 'cmake_target_skip_unavailable': False, 'install_base': '/home/raihan/seano_ws/install/seano_logger', 'merge_install': False, 'path': '/home/raihan/seano_ws/src/seano_logger', 'symlink_install': False, 'test_result_base': None}
[7.384s] Level 5:colcon.colcon_core.verb:set package 'seano_sensors' build argument 'cmake_args' from command line to 'None'
[7.384s] Level 5:colcon.colcon_core.verb:set package 'seano_sensors' build argument 'cmake_target' from command line to 'None'
[7.384s] Level 5:colcon.colcon_core.verb:set package 'seano_sensors' build argument 'cmake_target_skip_unavailable' from command line to 'False'
[7.384s] Level 5:colcon.colcon_core.verb:set package 'seano_sensors' build argument 'cmake_clean_cache' from command line to 'False'
[7.384s] Level 5:colcon.colcon_core.verb:set package 'seano_sensors' build argument 'cmake_clean_first' from command line to 'False'
[7.384s] Level 5:colcon.colcon_core.verb:set package 'seano_sensors' build argument 'cmake_force_configure' from command line to 'False'
[7.385s] Level 5:colcon.colcon_core.verb:set package 'seano_sensors' build argument 'ament_cmake_args' from command line to 'None'
[7.385s] Level 5:colcon.colcon_core.verb:set package 'seano_sensors' build argument 'catkin_cmake_args' from command line to 'None'
[7.385s] Level 5:colcon.colcon_core.verb:set package 'seano_sensors' build argument 'catkin_skip_building_tests' from command line to 'False'
[7.385s] DEBUG:colcon.colcon_core.verb:Building package 'seano_sensors' with the following arguments: {'ament_cmake_args': None, 'build_base': '/home/raihan/seano_ws/build/seano_sensors', 'catkin_cmake_args': None, 'catkin_skip_building_tests': False, 'cmake_args': None, 'cmake_clean_cache': False, 'cmake_clean_first': False, 'cmake_force_configure': False, 'cmake_target': None, 'cmake_target_skip_unavailable': False, 'install_base': '/home/raihan/seano_ws/install/seano_sensors', 'merge_install': False, 'path': '/home/raihan/seano_ws/src/seano_sensors', 'symlink_install': False, 'test_result_base': None}
[7.385s] INFO:colcon.colcon_core.executor:Executing jobs using 'parallel' executor
[7.388s] DEBUG:colcon.colcon_parallel_executor.executor.parallel:run_until_complete
[7.388s] INFO:colcon.colcon_ros.task.ament_python.build:Building ROS package in '/home/raihan/seano_ws/src/seano_logger' with build type 'ament_python'
[7.389s] Level 1:colcon.colcon_core.shell:create_environment_hook('seano_logger', 'ament_prefix_path')
[7.470s] INFO:colcon.colcon_core.plugin_system:Skipping extension 'colcon_core.shell.bat': Not used on non-Windows systems
[7.471s] INFO:colcon.colcon_core.shell:Creating environment hook '/home/raihan/seano_ws/install/seano_logger/share/seano_logger/hook/ament_prefix_path.ps1'
[7.488s] INFO:colcon.colcon_core.shell:Creating environment descriptor '/home/raihan/seano_ws/install/seano_logger/share/seano_logger/hook/ament_prefix_path.dsv'
[7.506s] INFO:colcon.colcon_core.shell:Creating environment hook '/home/raihan/seano_ws/install/seano_logger/share/seano_logger/hook/ament_prefix_path.sh'
[7.508s] INFO:colcon.colcon_core.shell:Skip shell extension 'powershell' for command environment: Not usable outside of PowerShell
[7.508s] DEBUG:colcon.colcon_core.shell:Skip shell extension 'dsv' for command environment
[7.517s] INFO:colcon.colcon_ros.task.ament_python.build:Building ROS package in '/home/raihan/seano_ws/src/seano_sensors' with build type 'ament_python'
[7.517s] Level 1:colcon.colcon_core.shell:create_environment_hook('seano_sensors', 'ament_prefix_path')
[7.518s] INFO:colcon.colcon_core.shell:Creating environment hook '/home/raihan/seano_ws/install/seano_sensors/share/seano_sensors/hook/ament_prefix_path.ps1'
[7.520s] INFO:colcon.colcon_core.shell:Creating environment descriptor '/home/raihan/seano_ws/install/seano_sensors/share/seano_sensors/hook/ament_prefix_path.dsv'
[7.520s] INFO:colcon.colcon_core.shell:Creating environment hook '/home/raihan/seano_ws/install/seano_sensors/share/seano_sensors/hook/ament_prefix_path.sh'
[7.522s] INFO:colcon.colcon_core.shell:Skip shell extension 'powershell' for command environment: Not usable outside of PowerShell
[7.522s] DEBUG:colcon.colcon_core.shell:Skip shell extension 'dsv' for command environment
[8.118s] INFO:colcon.colcon_core.task.python.build:Building Python package in '/home/raihan/seano_ws/src/seano_logger'
[8.119s] INFO:colcon.colcon_core.shell:Skip shell extension 'powershell' for command environment: Not usable outside of PowerShell
[8.119s] DEBUG:colcon.colcon_core.shell:Skip shell extension 'dsv' for command environment
[8.643s] INFO:colcon.colcon_core.task.python.build:Building Python package in '/home/raihan/seano_ws/src/seano_sensors'
[8.644s] INFO:colcon.colcon_core.shell:Skip shell extension 'powershell' for command environment: Not usable outside of PowerShell
[8.644s] DEBUG:colcon.colcon_core.shell:Skip shell extension 'dsv' for command environment
[9.872s] DEBUG:colcon.colcon_core.event_handler.log_command:Invoking command in '/home/raihan/seano_ws/build/seano_logger': PYTHONPATH=/home/raihan/seano_ws/build/seano_logger/prefix_override:/usr/lib/python3/dist-packages/colcon_core/task/python/colcon_distutils_commands:/home/raihan/seano_ws/install/seano_logger/lib/python3.10/site-packages:${PYTHONPATH} /usr/bin/python3 -W ignore:setup.py install is deprecated -W ignore:easy_install command is deprecated setup.py develop --uninstall --editable --build-directory /home/raihan/seano_ws/build/seano_logger/build
[9.878s] DEBUG:colcon.colcon_core.event_handler.log_command:Invoking command in '/home/raihan/seano_ws/build/seano_sensors': PYTHONPATH=/home/raihan/seano_ws/build/seano_sensors/prefix_override:/usr/lib/python3/dist-packages/colcon_core/task/python/colcon_distutils_commands:/home/raihan/seano_ws/install/seano_sensors/lib/python3.10/site-packages:${PYTHONPATH} /usr/bin/python3 -W ignore:setup.py install is deprecated -W ignore:easy_install command is deprecated setup.py develop --uninstall --editable --build-directory /home/raihan/seano_ws/build/seano_sensors/build
[10.755s] DEBUG:colcon.colcon_core.event_handler.log_command:Invoked command in '/home/raihan/seano_ws/build/seano_logger' returned '0': PYTHONPATH=/home/raihan/seano_ws/build/seano_logger/prefix_override:/usr/lib/python3/dist-packages/colcon_core/task/python/colcon_distutils_commands:/home/raihan/seano_ws/install/seano_logger/lib/python3.10/site-packages:${PYTHONPATH} /usr/bin/python3 -W ignore:setup.py install is deprecated -W ignore:easy_install command is deprecated setup.py develop --uninstall --editable --build-directory /home/raihan/seano_ws/build/seano_logger/build
[10.758s] DEBUG:colcon.colcon_core.event_handler.log_command:Invoking command in '/home/raihan/seano_ws/src/seano_logger': PYTHONPATH=/home/raihan/seano_ws/build/seano_logger/prefix_override:/usr/lib/python3/dist-packages/colcon_core/task/python/colcon_distutils_commands:/home/raihan/seano_ws/install/seano_logger/lib/python3.10/site-packages:${PYTHONPATH} /usr/bin/python3 -W ignore:setup.py install is deprecated -W ignore:easy_install command is deprecated setup.py egg_info --egg-base ../../build/seano_logger build --build-base /home/raihan/seano_ws/build/seano_logger/build install --record /home/raihan/seano_ws/build/seano_logger/install.log --single-version-externally-managed install_data --force
[10.763s] DEBUG:colcon.colcon_core.event_handler.log_command:Invoked command in '/home/raihan/seano_ws/build/seano_sensors' returned '0': PYTHONPATH=/home/raihan/seano_ws/build/seano_sensors/prefix_override:/usr/lib/python3/dist-packages/colcon_core/task/python/colcon_distutils_commands:/home/raihan/seano_ws/install/seano_sensors/lib/python3.10/site-packages:${PYTHONPATH} /usr/bin/python3 -W ignore:setup.py install is deprecated -W ignore:easy_install command is deprecated setup.py develop --uninstall --editable --build-directory /home/raihan/seano_ws/build/seano_sensors/build
[10.765s] DEBUG:colcon.colcon_core.event_handler.log_command:Invoking command in '/home/raihan/seano_ws/src/seano_sensors': PYTHONPATH=/home/raihan/seano_ws/build/seano_sensors/prefix_override:/usr/lib/python3/dist-packages/colcon_core/task/python/colcon_distutils_commands:/home/raihan/seano_ws/install/seano_sensors/lib/python3.10/site-packages:${PYTHONPATH} /usr/bin/python3 -W ignore:setup.py install is deprecated -W ignore:easy_install command is deprecated setup.py egg_info --egg-base ../../build/seano_sensors build --build-base /home/raihan/seano_ws/build/seano_sensors/build install --record /home/raihan/seano_ws/build/seano_sensors/install.log --single-version-externally-managed install_data --force
[11.404s] DEBUG:colcon.colcon_core.event_handler.log_command:Invoked command in '/home/raihan/seano_ws/src/seano_logger' returned '0': PYTHONPATH=/home/raihan/seano_ws/build/seano_logger/prefix_override:/usr/lib/python3/dist-packages/colcon_core/task/python/colcon_distutils_commands:/home/raihan/seano_ws/install/seano_logger/lib/python3.10/site-packages:${PYTHONPATH} /usr/bin/python3 -W ignore:setup.py install is deprecated -W ignore:easy_install command is deprecated setup.py egg_info --egg-base ../../build/seano_logger build --build-base /home/raihan/seano_ws/build/seano_logger/build install --record /home/raihan/seano_ws/build/seano_logger/install.log --single-version-externally-managed install_data --force
[11.471s] Level 1:colcon.colcon_core.environment:checking '/home/raihan/seano_ws/install/seano_logger' for CMake module files
[11.472s] Level 1:colcon.colcon_core.environment:checking '/home/raihan/seano_ws/install/seano_logger' for CMake config files
[11.473s] Level 1:colcon.colcon_core.environment:checking '/home/raihan/seano_ws/install/seano_logger/lib'
[11.474s] Level 1:colcon.colcon_core.environment:checking '/home/raihan/seano_ws/install/seano_logger/bin'
[11.474s] Level 1:colcon.colcon_core.environment:checking '/home/raihan/seano_ws/install/seano_logger/lib/pkgconfig/seano_logger.pc'
[11.474s] Level 1:colcon.colcon_core.environment:checking '/home/raihan/seano_ws/install/seano_logger/lib/python3.10/site-packages'
[11.474s] Level 1:colcon.colcon_core.shell:create_environment_hook('seano_logger', 'pythonpath')
[11.474s] INFO:colcon.colcon_core.shell:Creating environment hook '/home/raihan/seano_ws/install/seano_logger/share/seano_logger/hook/pythonpath.ps1'
[11.475s] INFO:colcon.colcon_core.shell:Creating environment descriptor '/home/raihan/seano_ws/install/seano_logger/share/seano_logger/hook/pythonpath.dsv'
[11.476s] INFO:colcon.colcon_core.shell:Creating environment hook '/home/raihan/seano_ws/install/seano_logger/share/seano_logger/hook/pythonpath.sh'
[11.477s] Level 1:colcon.colcon_core.environment:checking '/home/raihan/seano_ws/install/seano_logger/bin'
[11.477s] Level 1:colcon.colcon_core.environment:create_environment_scripts_only(seano_logger)
[11.478s] INFO:colcon.colcon_core.shell:Creating package script '/home/raihan/seano_ws/install/seano_logger/share/seano_logger/package.ps1'
[11.479s] INFO:colcon.colcon_core.shell:Creating package descriptor '/home/raihan/seano_ws/install/seano_logger/share/seano_logger/package.dsv'
[11.518s] INFO:colcon.colcon_core.shell:Creating package script '/home/raihan/seano_ws/install/seano_logger/share/seano_logger/package.sh'
[11.521s] INFO:colcon.colcon_core.shell:Creating package script '/home/raihan/seano_ws/install/seano_logger/share/seano_logger/package.bash'
[11.554s] INFO:colcon.colcon_core.shell:Creating package script '/home/raihan/seano_ws/install/seano_logger/share/seano_logger/package.zsh'
[11.555s] Level 1:colcon.colcon_core.environment:create_file_with_runtime_dependencies(/home/raihan/seano_ws/install/seano_logger/share/colcon-core/packages/seano_logger)
[11.558s] Level 1:colcon.colcon_core.environment:checking '/home/raihan/seano_ws/install/seano_sensors' for CMake module files
[11.559s] DEBUG:colcon.colcon_core.event_handler.log_command:Invoked command in '/home/raihan/seano_ws/src/seano_sensors' returned '0': PYTHONPATH=/home/raihan/seano_ws/build/seano_sensors/prefix_override:/usr/lib/python3/dist-packages/colcon_core/task/python/colcon_distutils_commands:/home/raihan/seano_ws/install/seano_sensors/lib/python3.10/site-packages:${PYTHONPATH} /usr/bin/python3 -W ignore:setup.py install is deprecated -W ignore:easy_install command is deprecated setup.py egg_info --egg-base ../../build/seano_sensors build --build-base /home/raihan/seano_ws/build/seano_sensors/build install --record /home/raihan/seano_ws/build/seano_sensors/install.log --single-version-externally-managed install_data --force
[11.560s] Level 1:colcon.colcon_core.environment:checking '/home/raihan/seano_ws/install/seano_sensors' for CMake config files
[11.561s] Level 1:colcon.colcon_core.environment:checking '/home/raihan/seano_ws/install/seano_sensors/lib'
[11.561s] Level 1:colcon.colcon_core.environment:checking '/home/raihan/seano_ws/install/seano_sensors/bin'
[11.561s] Level 1:colcon.colcon_core.environment:checking '/home/raihan/seano_ws/install/seano_sensors/lib/pkgconfig/seano_sensors.pc'
[11.561s] Level 1:colcon.colcon_core.environment:checking '/home/raihan/seano_ws/install/seano_sensors/lib/python3.10/site-packages'
[11.561s] Level 1:colcon.colcon_core.shell:create_environment_hook('seano_sensors', 'pythonpath')
[11.562s] INFO:colcon.colcon_core.shell:Creating environment hook '/home/raihan/seano_ws/install/seano_sensors/share/seano_sensors/hook/pythonpath.ps1'
[11.563s] INFO:colcon.colcon_core.shell:Creating environment descriptor '/home/raihan/seano_ws/install/seano_sensors/share/seano_sensors/hook/pythonpath.dsv'
[11.564s] INFO:colcon.colcon_core.shell:Creating environment hook '/home/raihan/seano_ws/install/seano_sensors/share/seano_sensors/hook/pythonpath.sh'
[11.566s] Level 1:colcon.colcon_core.environment:checking '/home/raihan/seano_ws/install/seano_sensors/bin'
[11.566s] Level 1:colcon.colcon_core.environment:create_environment_scripts_only(seano_sensors)
[11.567s] INFO:colcon.colcon_core.shell:Creating package script '/home/raihan/seano_ws/install/seano_sensors/share/seano_sensors/package.ps1'
[11.567s] INFO:colcon.colcon_core.shell:Creating package descriptor '/home/raihan/seano_ws/install/seano_sensors/share/seano_sensors/package.dsv'
[11.568s] INFO:colcon.colcon_core.shell:Creating package script '/home/raihan/seano_ws/install/seano_sensors/share/seano_sensors/package.sh'
[11.569s] INFO:colcon.colcon_core.shell:Creating package script '/home/raihan/seano_ws/install/seano_sensors/share/seano_sensors/package.bash'
[11.570s] INFO:colcon.colcon_core.shell:Creating package script '/home/raihan/seano_ws/install/seano_sensors/share/seano_sensors/package.zsh'
[11.570s] Level 1:colcon.colcon_core.environment:create_file_with_runtime_dependencies(/home/raihan/seano_ws/install/seano_sensors/share/colcon-core/packages/seano_sensors)
[11.571s] DEBUG:colcon.colcon_parallel_executor.executor.parallel:closing loop
[11.572s] DEBUG:colcon.colcon_parallel_executor.executor.parallel:loop closed
[11.572s] DEBUG:colcon.colcon_parallel_executor.executor.parallel:run_until_complete finished with '0'
[11.572s] DEBUG:colcon.colcon_core.event_reactor:joining thread
[11.685s] INFO:colcon.colcon_core.plugin_system:Skipping extension 'colcon_notification.desktop_notification.terminal_notifier': Not used on non-Darwin systems
[11.685s] INFO:colcon.colcon_core.plugin_system:Skipping extension 'colcon_notification.desktop_notification.win32': Not used on non-Windows systems
[11.685s] INFO:colcon.colcon_notification.desktop_notification:Sending desktop notification using 'notify2'
[11.707s] DEBUG:colcon.colcon_core.event_reactor:joined thread
[11.707s] INFO:colcon.colcon_core.shell:Creating prefix script '/home/raihan/seano_ws/install/local_setup.ps1'
[11.720s] INFO:colcon.colcon_core.shell:Creating prefix util module '/home/raihan/seano_ws/install/_local_setup_util_ps1.py'
[11.723s] INFO:colcon.colcon_core.shell:Creating prefix chain script '/home/raihan/seano_ws/install/setup.ps1'
[11.725s] INFO:colcon.colcon_core.shell:Creating prefix script '/home/raihan/seano_ws/install/local_setup.sh'
[11.727s] INFO:colcon.colcon_core.shell:Creating prefix util module '/home/raihan/seano_ws/install/_local_setup_util_sh.py'
[11.728s] INFO:colcon.colcon_core.shell:Creating prefix chain script '/home/raihan/seano_ws/install/setup.sh'
[11.730s] INFO:colcon.colcon_core.shell:Creating prefix script '/home/raihan/seano_ws/install/local_setup.bash'
[11.731s] INFO:colcon.colcon_core.shell:Creating prefix chain script '/home/raihan/seano_ws/install/setup.bash'
[11.733s] INFO:colcon.colcon_core.shell:Creating prefix script '/home/raihan/seano_ws/install/local_setup.zsh'
[11.734s] INFO:colcon.colcon_core.shell:Creating prefix chain script '/home/raihan/seano_ws/install/setup.zsh'
