[3.237s] Invoking command in '/home/raihan/seano_ws/src/seano_logger': PYTHONPATH=/home/raihan/seano_ws/build/seano_logger/prefix_override:/usr/lib/python3/dist-packages/colcon_core/task/python/colcon_distutils_commands:/home/raihan/seano_ws/install/seano_logger/lib/python3.10/site-packages:${PYTHONPATH} /usr/bin/python3 -W ignore:setup.py install is deprecated -W ignore:easy_install command is deprecated setup.py egg_info --egg-base ../../build/seano_logger build --build-base /home/raihan/seano_ws/build/seano_logger/build install --record /home/raihan/seano_ws/build/seano_logger/install.log --single-version-externally-managed install_data
[3.817s] running egg_info
[3.819s] writing ../../build/seano_logger/seano_logger.egg-info/PKG-INFO
[3.819s] writing dependency_links to ../../build/seano_logger/seano_logger.egg-info/dependency_links.txt
[3.820s] writing entry points to ../../build/seano_logger/seano_logger.egg-info/entry_points.txt
[3.820s] writing requirements to ../../build/seano_logger/seano_logger.egg-info/requires.txt
[3.820s] writing top-level names to ../../build/seano_logger/seano_logger.egg-info/top_level.txt
[3.824s] reading manifest file '../../build/seano_logger/seano_logger.egg-info/SOURCES.txt'
[3.826s] writing manifest file '../../build/seano_logger/seano_logger.egg-info/SOURCES.txt'
[3.827s] running build
[3.827s] running build_py
[3.827s] running install
[3.828s] running install_lib
[3.831s] running install_data
[3.832s] running install_egg_info
[3.835s] removing '/home/raihan/seano_ws/install/seano_logger/lib/python3.10/site-packages/seano_logger-0.0.0-py3.10.egg-info' (and everything under it)
[3.836s] Copying ../../build/seano_logger/seano_logger.egg-info to /home/raihan/seano_ws/install/seano_logger/lib/python3.10/site-packages/seano_logger-0.0.0-py3.10.egg-info
[3.903s] running install_scripts
[3.949s] Installing logger_node script to /home/raihan/seano_ws/install/seano_logger/lib/seano_logger
[3.949s] writing list of installed files to '/home/raihan/seano_ws/build/seano_logger/install.log'
[4.030s] Invoked command in '/home/raihan/seano_ws/src/seano_logger' returned '0': PYTHONPATH=/home/raihan/seano_ws/build/seano_logger/prefix_override:/usr/lib/python3/dist-packages/colcon_core/task/python/colcon_distutils_commands:/home/raihan/seano_ws/install/seano_logger/lib/python3.10/site-packages:${PYTHONPATH} /usr/bin/python3 -W ignore:setup.py install is deprecated -W ignore:easy_install command is deprecated setup.py egg_info --egg-base ../../build/seano_logger build --build-base /home/raihan/seano_ws/build/seano_logger/build install --record /home/raihan/seano_ws/build/seano_logger/install.log --single-version-externally-managed install_data
