[1.497s] Invoking command in '/home/raihan/seano_ws/src/seano_logger': PYTHONPATH=/home/raihan/seano_ws/build/seano_logger/prefix_override:/usr/lib/python3/dist-packages/colcon_core/task/python/colcon_distutils_commands:/home/raihan/seano_ws/install/seano_logger/lib/python3.10/site-packages:${PYTHONPATH} /usr/bin/python3 -W ignore:setup.py install is deprecated -W ignore:easy_install command is deprecated setup.py egg_info --egg-base ../../build/seano_logger build --build-base /home/raihan/seano_ws/build/seano_logger/build install --record /home/raihan/seano_ws/build/seano_logger/install.log --single-version-externally-managed install_data
[2.072s] running egg_info
[2.073s] writing ../../build/seano_logger/seano_logger.egg-info/PKG-INFO
[2.074s] writing dependency_links to ../../build/seano_logger/seano_logger.egg-info/dependency_links.txt
[2.074s] writing entry points to ../../build/seano_logger/seano_logger.egg-info/entry_points.txt
[2.075s] writing requirements to ../../build/seano_logger/seano_logger.egg-info/requires.txt
[2.075s] writing top-level names to ../../build/seano_logger/seano_logger.egg-info/top_level.txt
[2.078s] reading manifest file '../../build/seano_logger/seano_logger.egg-info/SOURCES.txt'
[2.079s] writing manifest file '../../build/seano_logger/seano_logger.egg-info/SOURCES.txt'
[2.079s] running build
[2.080s] running build_py
[2.080s] running install
[2.081s] running install_lib
[2.083s] running install_data
[2.083s] running install_egg_info
[2.086s] removing '/home/raihan/seano_ws/install/seano_logger/lib/python3.10/site-packages/seano_logger-0.0.0-py3.10.egg-info' (and everything under it)
[2.087s] Copying ../../build/seano_logger/seano_logger.egg-info to /home/raihan/seano_ws/install/seano_logger/lib/python3.10/site-packages/seano_logger-0.0.0-py3.10.egg-info
[2.089s] running install_scripts
[2.128s] Installing logger_node script to /home/raihan/seano_ws/install/seano_logger/lib/seano_logger
[2.129s] writing list of installed files to '/home/raihan/seano_ws/build/seano_logger/install.log'
[2.180s] Invoked command in '/home/raihan/seano_ws/src/seano_logger' returned '0': PYTHONPATH=/home/raihan/seano_ws/build/seano_logger/prefix_override:/usr/lib/python3/dist-packages/colcon_core/task/python/colcon_distutils_commands:/home/raihan/seano_ws/install/seano_logger/lib/python3.10/site-packages:${PYTHONPATH} /usr/bin/python3 -W ignore:setup.py install is deprecated -W ignore:easy_install command is deprecated setup.py egg_info --egg-base ../../build/seano_logger build --build-base /home/raihan/seano_ws/build/seano_logger/build install --record /home/raihan/seano_ws/build/seano_logger/install.log --single-version-externally-managed install_data
