[2.466s] Invoking command in '/home/raihan/seano_ws/build/seano_sensors': PYTHONPATH=/home/raihan/seano_ws/build/seano_sensors/prefix_override:/usr/lib/python3/dist-packages/colcon_core/task/python/colcon_distutils_commands:/home/raihan/seano_ws/install/seano_sensors/lib/python3.10/site-packages:${PYTHONPATH} /usr/bin/python3 -W ignore:setup.py install is deprecated -W ignore:easy_install command is deprecated setup.py develop --editable --build-directory /home/raihan/seano_ws/build/seano_sensors/build --no-deps symlink_data
[3.096s] running develop
[3.552s] running egg_info
[3.555s] writing seano_sensors.egg-info/PKG-INFO
[3.555s] writing dependency_links to seano_sensors.egg-info/dependency_links.txt
[3.555s] writing entry points to seano_sensors.egg-info/entry_points.txt
[3.556s] writing requirements to seano_sensors.egg-info/requires.txt
[3.556s] writing top-level names to seano_sensors.egg-info/top_level.txt
[3.557s] reading manifest file 'seano_sensors.egg-info/SOURCES.txt'
[3.559s] writing manifest file 'seano_sensors.egg-info/SOURCES.txt'
[3.563s] running build_ext
[3.564s] Creating /home/raihan/seano_ws/install/seano_sensors/lib/python3.10/site-packages/seano-sensors.egg-link (link to .)
[3.565s] Installing adcp_reader script to /home/raihan/seano_ws/install/seano_sensors/lib/seano_sensors
[3.566s] Installing ctd_reader script to /home/raihan/seano_ws/install/seano_sensors/lib/seano_sensors
[3.566s] Installing gps_reader script to /home/raihan/seano_ws/install/seano_sensors/lib/seano_sensors
[3.566s] Installing imu_reader script to /home/raihan/seano_ws/install/seano_sensors/lib/seano_sensors
[3.567s] 
[3.567s] Installed /home/raihan/seano_ws/build/seano_sensors
[3.567s] running symlink_data
[3.626s] Invoked command in '/home/raihan/seano_ws/build/seano_sensors' returned '0': PYTHONPATH=/home/raihan/seano_ws/build/seano_sensors/prefix_override:/usr/lib/python3/dist-packages/colcon_core/task/python/colcon_distutils_commands:/home/raihan/seano_ws/install/seano_sensors/lib/python3.10/site-packages:${PYTHONPATH} /usr/bin/python3 -W ignore:setup.py install is deprecated -W ignore:easy_install command is deprecated setup.py develop --editable --build-directory /home/raihan/seano_ws/build/seano_sensors/build --no-deps symlink_data
