[1.200s] Invoking command in '/home/raihan/seano_ws/src/seano_logger': PYTHONPATH=/home/raihan/seano_ws/build/seano_logger/prefix_override:/usr/lib/python3/dist-packages/colcon_core/task/python/colcon_distutils_commands:/home/raihan/seano_ws/install/seano_logger/lib/python3.10/site-packages:${PYTHONPATH} /usr/bin/python3 -W ignore:setup.py install is deprecated -W ignore:easy_install command is deprecated setup.py egg_info --egg-base ../../build/seano_logger build --build-base /home/raihan/seano_ws/build/seano_logger/build install --record /home/raihan/seano_ws/build/seano_logger/install.log --single-version-externally-managed install_data
[1.615s] running egg_info
[1.617s] writing ../../build/seano_logger/seano_logger.egg-info/PKG-INFO
[1.617s] writing dependency_links to ../../build/seano_logger/seano_logger.egg-info/dependency_links.txt
[1.617s] writing entry points to ../../build/seano_logger/seano_logger.egg-info/entry_points.txt
[1.618s] writing requirements to ../../build/seano_logger/seano_logger.egg-info/requires.txt
[1.618s] writing top-level names to ../../build/seano_logger/seano_logger.egg-info/top_level.txt
[1.622s] reading manifest file '../../build/seano_logger/seano_logger.egg-info/SOURCES.txt'
[1.623s] writing manifest file '../../build/seano_logger/seano_logger.egg-info/SOURCES.txt'
[1.624s] running build
[1.624s] running build_py
[1.624s] running install
[1.625s] running install_lib
[1.628s] running install_data
[1.629s] running install_egg_info
[1.633s] removing '/home/raihan/seano_ws/install/seano_logger/lib/python3.10/site-packages/seano_logger-0.0.0-py3.10.egg-info' (and everything under it)
[1.633s] Copying ../../build/seano_logger/seano_logger.egg-info to /home/raihan/seano_ws/install/seano_logger/lib/python3.10/site-packages/seano_logger-0.0.0-py3.10.egg-info
[1.635s] running install_scripts
[1.670s] Installing logger_node script to /home/raihan/seano_ws/install/seano_logger/lib/seano_logger
[1.670s] writing list of installed files to '/home/raihan/seano_ws/build/seano_logger/install.log'
[1.710s] Invoked command in '/home/raihan/seano_ws/src/seano_logger' returned '0': PYTHONPATH=/home/raihan/seano_ws/build/seano_logger/prefix_override:/usr/lib/python3/dist-packages/colcon_core/task/python/colcon_distutils_commands:/home/raihan/seano_ws/install/seano_logger/lib/python3.10/site-packages:${PYTHONPATH} /usr/bin/python3 -W ignore:setup.py install is deprecated -W ignore:easy_install command is deprecated setup.py egg_info --egg-base ../../build/seano_logger build --build-base /home/raihan/seano_ws/build/seano_logger/build install --record /home/raihan/seano_ws/build/seano_logger/install.log --single-version-externally-managed install_data
