[1.044s] Invoking command in '/home/raihan/seano_ws/build/seano_logger': PYTHONPATH=/home/raihan/seano_ws/build/seano_logger/prefix_override:/usr/lib/python3/dist-packages/colcon_core/task/python/colcon_distutils_commands:/home/raihan/seano_ws/install/seano_logger/lib/python3.10/site-packages:${PYTHONPATH} /usr/bin/python3 -W ignore:setup.py install is deprecated -W ignore:easy_install command is deprecated setup.py develop --uninstall --editable --build-directory /home/raihan/seano_ws/build/seano_logger/build
[1.508s] running develop
[1.756s] Removing /home/raihan/seano_ws/install/seano_logger/lib/python3.10/site-packages/seano-logger.egg-link (link to .)
[1.798s] Invoked command in '/home/raihan/seano_ws/build/seano_logger' returned '0': PYTHONPATH=/home/raihan/seano_ws/build/seano_logger/prefix_override:/usr/lib/python3/dist-packages/colcon_core/task/python/colcon_distutils_commands:/home/raihan/seano_ws/install/seano_logger/lib/python3.10/site-packages:${PYTHONPATH} /usr/bin/python3 -W ignore:setup.py install is deprecated -W ignore:easy_install command is deprecated setup.py develop --uninstall --editable --build-directory /home/raihan/seano_ws/build/seano_logger/build
[1.800s] Invoking command in '/home/raihan/seano_ws/src/seano_logger': PYTHONPATH=/home/raihan/seano_ws/build/seano_logger/prefix_override:/usr/lib/python3/dist-packages/colcon_core/task/python/colcon_distutils_commands:/home/raihan/seano_ws/install/seano_logger/lib/python3.10/site-packages:${PYTHONPATH} /usr/bin/python3 -W ignore:setup.py install is deprecated -W ignore:easy_install command is deprecated setup.py egg_info --egg-base ../../build/seano_logger build --build-base /home/raihan/seano_ws/build/seano_logger/build install --record /home/raihan/seano_ws/build/seano_logger/install.log --single-version-externally-managed install_data --force
[2.187s] running egg_info
[2.188s] writing ../../build/seano_logger/seano_logger.egg-info/PKG-INFO
[2.188s] writing dependency_links to ../../build/seano_logger/seano_logger.egg-info/dependency_links.txt
[2.189s] writing entry points to ../../build/seano_logger/seano_logger.egg-info/entry_points.txt
[2.189s] writing requirements to ../../build/seano_logger/seano_logger.egg-info/requires.txt
[2.189s] writing top-level names to ../../build/seano_logger/seano_logger.egg-info/top_level.txt
[2.192s] reading manifest file '../../build/seano_logger/seano_logger.egg-info/SOURCES.txt'
[2.194s] writing manifest file '../../build/seano_logger/seano_logger.egg-info/SOURCES.txt'
[2.194s] running build
[2.194s] running build_py
[2.194s] copying seano_logger/logger_node.py -> /home/raihan/seano_ws/build/seano_logger/build/lib/seano_logger
[2.195s] running install
[2.195s] running install_lib
[2.197s] creating /home/raihan/seano_ws/install/seano_logger/lib/python3.10/site-packages/seano_logger
[2.197s] copying /home/raihan/seano_ws/build/seano_logger/build/lib/seano_logger/logger_node.py -> /home/raihan/seano_ws/install/seano_logger/lib/python3.10/site-packages/seano_logger
[2.197s] copying /home/raihan/seano_ws/build/seano_logger/build/lib/seano_logger/__init__.py -> /home/raihan/seano_ws/install/seano_logger/lib/python3.10/site-packages/seano_logger
[2.199s] byte-compiling /home/raihan/seano_ws/install/seano_logger/lib/python3.10/site-packages/seano_logger/logger_node.py to logger_node.cpython-310.pyc
[2.203s] byte-compiling /home/raihan/seano_ws/install/seano_logger/lib/python3.10/site-packages/seano_logger/__init__.py to __init__.cpython-310.pyc
[2.203s] running install_data
[2.203s] copying resource/seano_logger -> /home/raihan/seano_ws/install/seano_logger/share/ament_index/resource_index/packages
[2.203s] copying package.xml -> /home/raihan/seano_ws/install/seano_logger/share/seano_logger
[2.204s] running install_egg_info
[2.207s] Copying ../../build/seano_logger/seano_logger.egg-info to /home/raihan/seano_ws/install/seano_logger/lib/python3.10/site-packages/seano_logger-0.0.0-py3.10.egg-info
[2.254s] running install_scripts
[2.288s] Installing logger_node script to /home/raihan/seano_ws/install/seano_logger/lib/seano_logger
[2.289s] writing list of installed files to '/home/raihan/seano_ws/build/seano_logger/install.log'
[2.328s] Invoked command in '/home/raihan/seano_ws/src/seano_logger' returned '0': PYTHONPATH=/home/raihan/seano_ws/build/seano_logger/prefix_override:/usr/lib/python3/dist-packages/colcon_core/task/python/colcon_distutils_commands:/home/raihan/seano_ws/install/seano_logger/lib/python3.10/site-packages:${PYTHONPATH} /usr/bin/python3 -W ignore:setup.py install is deprecated -W ignore:easy_install command is deprecated setup.py egg_info --egg-base ../../build/seano_logger build --build-base /home/raihan/seano_ws/build/seano_logger/build install --record /home/raihan/seano_ws/build/seano_logger/install.log --single-version-externally-managed install_data --force
