[1.686s] Invoking command in '/home/raihan/seano_ws/src/seano_logger': PYTHONPATH=/home/raihan/seano_ws/build/seano_logger/prefix_override:/usr/lib/python3/dist-packages/colcon_core/task/python/colcon_distutils_commands:/home/raihan/seano_ws/install/seano_logger/lib/python3.10/site-packages:${PYTHONPATH} /usr/bin/python3 -W ignore:setup.py install is deprecated -W ignore:easy_install command is deprecated setup.py egg_info --egg-base ../../build/seano_logger build --build-base /home/raihan/seano_ws/build/seano_logger/build install --record /home/raihan/seano_ws/build/seano_logger/install.log --single-version-externally-managed install_data
[2.082s] running egg_info
[2.084s] writing ../../build/seano_logger/seano_logger.egg-info/PKG-INFO
[2.084s] writing dependency_links to ../../build/seano_logger/seano_logger.egg-info/dependency_links.txt
[2.085s] writing entry points to ../../build/seano_logger/seano_logger.egg-info/entry_points.txt
[2.086s] writing requirements to ../../build/seano_logger/seano_logger.egg-info/requires.txt
[2.086s] writing top-level names to ../../build/seano_logger/seano_logger.egg-info/top_level.txt
[2.089s] reading manifest file '../../build/seano_logger/seano_logger.egg-info/SOURCES.txt'
[2.091s] writing manifest file '../../build/seano_logger/seano_logger.egg-info/SOURCES.txt'
[2.091s] running build
[2.091s] running build_py
[2.092s] running install
[2.092s] running install_lib
[2.095s] running install_data
[2.096s] running install_egg_info
[2.099s] removing '/home/raihan/seano_ws/install/seano_logger/lib/python3.10/site-packages/seano_logger-0.0.0-py3.10.egg-info' (and everything under it)
[2.100s] Copying ../../build/seano_logger/seano_logger.egg-info to /home/raihan/seano_ws/install/seano_logger/lib/python3.10/site-packages/seano_logger-0.0.0-py3.10.egg-info
[2.124s] running install_scripts
[2.157s] Installing logger_node script to /home/raihan/seano_ws/install/seano_logger/lib/seano_logger
[2.158s] writing list of installed files to '/home/raihan/seano_ws/build/seano_logger/install.log'
[2.201s] Invoked command in '/home/raihan/seano_ws/src/seano_logger' returned '0': PYTHONPATH=/home/raihan/seano_ws/build/seano_logger/prefix_override:/usr/lib/python3/dist-packages/colcon_core/task/python/colcon_distutils_commands:/home/raihan/seano_ws/install/seano_logger/lib/python3.10/site-packages:${PYTHONPATH} /usr/bin/python3 -W ignore:setup.py install is deprecated -W ignore:easy_install command is deprecated setup.py egg_info --egg-base ../../build/seano_logger build --build-base /home/raihan/seano_ws/build/seano_logger/build install --record /home/raihan/seano_ws/build/seano_logger/install.log --single-version-externally-managed install_data
