[1.497s] Invoking command in '/home/raihan/seano_ws/src/seano_sensors': PYTHONPATH=/home/raihan/seano_ws/build/seano_sensors/prefix_override:/usr/lib/python3/dist-packages/colcon_core/task/python/colcon_distutils_commands:/home/raihan/seano_ws/install/seano_sensors/lib/python3.10/site-packages:${PYTHONPATH} /usr/bin/python3 -W ignore:setup.py install is deprecated -W ignore:easy_install command is deprecated setup.py egg_info --egg-base ../../build/seano_sensors build --build-base /home/raihan/seano_ws/build/seano_sensors/build install --record /home/raihan/seano_ws/build/seano_sensors/install.log --single-version-externally-managed install_data
[2.071s] running egg_info
[2.072s] writing ../../build/seano_sensors/seano_sensors.egg-info/PKG-INFO
[2.073s] writing dependency_links to ../../build/seano_sensors/seano_sensors.egg-info/dependency_links.txt
[2.073s] writing entry points to ../../build/seano_sensors/seano_sensors.egg-info/entry_points.txt
[2.073s] writing requirements to ../../build/seano_sensors/seano_sensors.egg-info/requires.txt
[2.074s] writing top-level names to ../../build/seano_sensors/seano_sensors.egg-info/top_level.txt
[2.078s] reading manifest file '../../build/seano_sensors/seano_sensors.egg-info/SOURCES.txt'
[2.080s] writing manifest file '../../build/seano_sensors/seano_sensors.egg-info/SOURCES.txt'
[2.080s] running build
[2.081s] running build_py
[2.082s] running install
[2.082s] running install_lib
[2.086s] running install_data
[2.086s] running install_egg_info
[2.090s] removing '/home/raihan/seano_ws/install/seano_sensors/lib/python3.10/site-packages/seano_sensors-0.0.0-py3.10.egg-info' (and everything under it)
[2.090s] Copying ../../build/seano_sensors/seano_sensors.egg-info to /home/raihan/seano_ws/install/seano_sensors/lib/python3.10/site-packages/seano_sensors-0.0.0-py3.10.egg-info
[2.092s] running install_scripts
[2.140s] Installing adcp_reader script to /home/raihan/seano_ws/install/seano_sensors/lib/seano_sensors
[2.140s] Installing battery_reader script to /home/raihan/seano_ws/install/seano_sensors/lib/seano_sensors
[2.140s] Installing ctd_reader script to /home/raihan/seano_ws/install/seano_sensors/lib/seano_sensors
[2.140s] Installing gps_reader script to /home/raihan/seano_ws/install/seano_sensors/lib/seano_sensors
[2.141s] Installing imu_reader script to /home/raihan/seano_ws/install/seano_sensors/lib/seano_sensors
[2.141s] Installing sbes_reader script to /home/raihan/seano_ws/install/seano_sensors/lib/seano_sensors
[2.141s] writing list of installed files to '/home/raihan/seano_ws/build/seano_sensors/install.log'
[2.188s] Invoked command in '/home/raihan/seano_ws/src/seano_sensors' returned '0': PYTHONPATH=/home/raihan/seano_ws/build/seano_sensors/prefix_override:/usr/lib/python3/dist-packages/colcon_core/task/python/colcon_distutils_commands:/home/raihan/seano_ws/install/seano_sensors/lib/python3.10/site-packages:${PYTHONPATH} /usr/bin/python3 -W ignore:setup.py install is deprecated -W ignore:easy_install command is deprecated setup.py egg_info --egg-base ../../build/seano_sensors build --build-base /home/raihan/seano_ws/build/seano_sensors/build install --record /home/raihan/seano_ws/build/seano_sensors/install.log --single-version-externally-managed install_data
