[11.728s] DEBUG:colcon:Command line arguments: ['/usr/bin/colcon', 'build']
[11.728s] DEBUG:colcon:Parsed command line arguments: Namespace(log_base=None, log_level=None, verb_name='build', build_base='build', install_base='install', merge_install=False, symlink_install=False, test_result_base=None, continue_on_error=False, executor='parallel', parallel_workers=4, event_handlers=None, ignore_user_meta=False, metas=['./colcon.meta'], base_paths=['.'], packages_ignore=None, packages_ignore_regex=None, paths=None, packages_up_to=None, packages_up_to_regex=None, packages_above=None, packages_above_and_dependencies=None, packages_above_depth=None, packages_select_by_dep=None, packages_skip_by_dep=None, packages_skip_up_to=None, packages_select_build_failed=False, packages_skip_build_finished=False, packages_select_test_failures=False, packages_skip_test_passed=False, packages_select=None, packages_skip=None, packages_select_regex=None, packages_skip_regex=None, packages_start=None, packages_end=None, allow_overriding=[], cmake_args=None, cmake_target=None, cmake_target_skip_unavailable=False, cmake_clean_cache=False, cmake_clean_first=False, cmake_force_configure=False, ament_cmake_args=None, catkin_cmake_args=None, catkin_skip_building_tests=False, verb_parser=<colcon_defaults.argument_parser.defaults.DefaultArgumentsDecorator object at 0x7addc553cd60>, verb_extension=<colcon_core.verb.build.BuildVerb object at 0x7addc553c1c0>, main=<bound method BuildVerb.main of <colcon_core.verb.build.BuildVerb object at 0x7addc553c1c0>>)
[15.657s] Level 1:colcon.colcon_core.package_discovery:discover_packages(colcon_meta) check parameters
[15.657s] Level 1:colcon.colcon_core.package_discovery:discover_packages(recursive) check parameters
[15.658s] Level 1:colcon.colcon_core.package_discovery:discover_packages(ignore) check parameters
[15.658s] Level 1:colcon.colcon_core.package_discovery:discover_packages(path) check parameters
[15.658s] Level 1:colcon.colcon_core.package_discovery:discover_packages(colcon_meta) discover
[15.658s] Level 1:colcon.colcon_core.package_discovery:discover_packages(recursive) discover
[15.658s] INFO:colcon.colcon_core.package_discovery:Crawling recursively for packages in '/home/raihan/seano_ws'
[15.658s] Level 1:colcon.colcon_core.package_identification:_identify(.) by extensions ['ignore', 'ignore_ament_install']
[15.658s] Level 1:colcon.colcon_core.package_identification:_identify(.) by extension 'ignore'
[15.658s] Level 1:colcon.colcon_core.package_identification:_identify(.) by extension 'ignore_ament_install'
[15.658s] Level 1:colcon.colcon_core.package_identification:_identify(.) by extensions ['colcon_pkg']
[15.658s] Level 1:colcon.colcon_core.package_identification:_identify(.) by extension 'colcon_pkg'
[15.659s] Level 1:colcon.colcon_core.package_identification:_identify(.) by extensions ['colcon_meta']
[15.659s] Level 1:colcon.colcon_core.package_identification:_identify(.) by extension 'colcon_meta'
[15.659s] Level 1:colcon.colcon_core.package_identification:_identify(.) by extensions ['ros']
[15.659s] Level 1:colcon.colcon_core.package_identification:_identify(.) by extension 'ros'
[15.789s] Level 1:colcon.colcon_core.package_identification:_identify(.) by extensions ['cmake', 'python']
[15.789s] Level 1:colcon.colcon_core.package_identification:_identify(.) by extension 'cmake'
[15.789s] Level 1:colcon.colcon_core.package_identification:_identify(.) by extension 'python'
[15.789s] Level 1:colcon.colcon_core.package_identification:_identify(.) by extensions ['python_setup_py']
[15.789s] Level 1:colcon.colcon_core.package_identification:_identify(.) by extension 'python_setup_py'
[15.789s] Level 1:colcon.colcon_core.package_identification:_identify(build) by extensions ['ignore', 'ignore_ament_install']
[15.789s] Level 1:colcon.colcon_core.package_identification:_identify(build) by extension 'ignore'
[15.789s] Level 1:colcon.colcon_core.package_identification:_identify(build) ignored
[15.789s] Level 1:colcon.colcon_core.package_identification:_identify(install) by extensions ['ignore', 'ignore_ament_install']
[15.790s] Level 1:colcon.colcon_core.package_identification:_identify(install) by extension 'ignore'
[15.790s] Level 1:colcon.colcon_core.package_identification:_identify(install) ignored
[15.790s] Level 1:colcon.colcon_core.package_identification:_identify(log) by extensions ['ignore', 'ignore_ament_install']
[15.790s] Level 1:colcon.colcon_core.package_identification:_identify(log) by extension 'ignore'
[15.790s] Level 1:colcon.colcon_core.package_identification:_identify(log) ignored
[15.790s] Level 1:colcon.colcon_core.package_identification:_identify(src) by extensions ['ignore', 'ignore_ament_install']
[15.790s] Level 1:colcon.colcon_core.package_identification:_identify(src) by extension 'ignore'
[15.790s] Level 1:colcon.colcon_core.package_identification:_identify(src) by extension 'ignore_ament_install'
[15.790s] Level 1:colcon.colcon_core.package_identification:_identify(src) by extensions ['colcon_pkg']
[15.791s] Level 1:colcon.colcon_core.package_identification:_identify(src) by extension 'colcon_pkg'
[15.791s] Level 1:colcon.colcon_core.package_identification:_identify(src) by extensions ['colcon_meta']
[15.791s] Level 1:colcon.colcon_core.package_identification:_identify(src) by extension 'colcon_meta'
[15.791s] Level 1:colcon.colcon_core.package_identification:_identify(src) by extensions ['ros']
[15.791s] Level 1:colcon.colcon_core.package_identification:_identify(src) by extension 'ros'
[15.791s] Level 1:colcon.colcon_core.package_identification:_identify(src) by extensions ['cmake', 'python']
[15.791s] Level 1:colcon.colcon_core.package_identification:_identify(src) by extension 'cmake'
[15.791s] Level 1:colcon.colcon_core.package_identification:_identify(src) by extension 'python'
[15.791s] Level 1:colcon.colcon_core.package_identification:_identify(src) by extensions ['python_setup_py']
[15.791s] Level 1:colcon.colcon_core.package_identification:_identify(src) by extension 'python_setup_py'
[15.791s] Level 1:colcon.colcon_core.package_identification:_identify(src/build) by extensions ['ignore', 'ignore_ament_install']
[15.791s] Level 1:colcon.colcon_core.package_identification:_identify(src/build) by extension 'ignore'
[15.791s] Level 1:colcon.colcon_core.package_identification:_identify(src/build) ignored
[15.792s] Level 1:colcon.colcon_core.package_identification:_identify(src/install) by extensions ['ignore', 'ignore_ament_install']
[15.792s] Level 1:colcon.colcon_core.package_identification:_identify(src/install) by extension 'ignore'
[15.792s] Level 1:colcon.colcon_core.package_identification:_identify(src/install) ignored
[15.792s] Level 1:colcon.colcon_core.package_identification:_identify(src/log) by extensions ['ignore', 'ignore_ament_install']
[15.792s] Level 1:colcon.colcon_core.package_identification:_identify(src/log) by extension 'ignore'
[15.792s] Level 1:colcon.colcon_core.package_identification:_identify(src/log) ignored
[15.792s] Level 1:colcon.colcon_core.package_identification:_identify(src/seano_logger) by extensions ['ignore', 'ignore_ament_install']
[15.792s] Level 1:colcon.colcon_core.package_identification:_identify(src/seano_logger) by extension 'ignore'
[15.793s] Level 1:colcon.colcon_core.package_identification:_identify(src/seano_logger) by extension 'ignore_ament_install'
[15.793s] Level 1:colcon.colcon_core.package_identification:_identify(src/seano_logger) by extensions ['colcon_pkg']
[15.793s] Level 1:colcon.colcon_core.package_identification:_identify(src/seano_logger) by extension 'colcon_pkg'
[15.793s] Level 1:colcon.colcon_core.package_identification:_identify(src/seano_logger) by extensions ['colcon_meta']
[15.793s] Level 1:colcon.colcon_core.package_identification:_identify(src/seano_logger) by extension 'colcon_meta'
[15.793s] Level 1:colcon.colcon_core.package_identification:_identify(src/seano_logger) by extensions ['ros']
[15.793s] Level 1:colcon.colcon_core.package_identification:_identify(src/seano_logger) by extension 'ros'
[15.840s] DEBUG:colcon.colcon_core.package_identification:Package 'src/seano_logger' with type 'ros.ament_python' and name 'seano_logger'
[15.841s] Level 1:colcon.colcon_core.package_identification:_identify(src/seano_sensors) by extensions ['ignore', 'ignore_ament_install']
[15.841s] Level 1:colcon.colcon_core.package_identification:_identify(src/seano_sensors) by extension 'ignore'
[15.841s] Level 1:colcon.colcon_core.package_identification:_identify(src/seano_sensors) by extension 'ignore_ament_install'
[15.841s] Level 1:colcon.colcon_core.package_identification:_identify(src/seano_sensors) by extensions ['colcon_pkg']
[15.841s] Level 1:colcon.colcon_core.package_identification:_identify(src/seano_sensors) by extension 'colcon_pkg'
[15.841s] Level 1:colcon.colcon_core.package_identification:_identify(src/seano_sensors) by extensions ['colcon_meta']
[15.841s] Level 1:colcon.colcon_core.package_identification:_identify(src/seano_sensors) by extension 'colcon_meta'
[15.841s] Level 1:colcon.colcon_core.package_identification:_identify(src/seano_sensors) by extensions ['ros']
[15.841s] Level 1:colcon.colcon_core.package_identification:_identify(src/seano_sensors) by extension 'ros'
[15.861s] DEBUG:colcon.colcon_core.package_identification:Package 'src/seano_sensors' with type 'ros.ament_python' and name 'seano_sensors'
[15.861s] Level 1:colcon.colcon_core.package_discovery:discover_packages(recursive) using defaults
[15.861s] Level 1:colcon.colcon_core.package_discovery:discover_packages(ignore) discover
[15.861s] Level 1:colcon.colcon_core.package_discovery:discover_packages(ignore) using defaults
[15.861s] Level 1:colcon.colcon_core.package_discovery:discover_packages(path) discover
[15.861s] Level 1:colcon.colcon_core.package_discovery:discover_packages(path) using defaults
[16.227s] Level 1:colcon.colcon_core.package_discovery:discover_packages(prefix_path) check parameters
[16.227s] Level 1:colcon.colcon_core.package_discovery:discover_packages(prefix_path) discover
[16.259s] DEBUG:colcon.colcon_installed_package_information.package_discovery:Found 2 installed packages in /home/raihan/seano_ws/install
[16.260s] DEBUG:colcon.colcon_installed_package_information.package_discovery:Found 2 installed packages in /home/raihan/seano_ws/src/install
[16.270s] DEBUG:colcon.colcon_installed_package_information.package_discovery:Found 279 installed packages in /opt/ros/humble
[16.286s] Level 1:colcon.colcon_core.package_discovery:discover_packages(prefix_path) using defaults
[18.385s] Level 5:colcon.colcon_core.verb:set package 'seano_logger' build argument 'cmake_args' from command line to 'None'
[18.385s] Level 5:colcon.colcon_core.verb:set package 'seano_logger' build argument 'cmake_target' from command line to 'None'
[18.385s] Level 5:colcon.colcon_core.verb:set package 'seano_logger' build argument 'cmake_target_skip_unavailable' from command line to 'False'
[18.385s] Level 5:colcon.colcon_core.verb:set package 'seano_logger' build argument 'cmake_clean_cache' from command line to 'False'
[18.385s] Level 5:colcon.colcon_core.verb:set package 'seano_logger' build argument 'cmake_clean_first' from command line to 'False'
[18.385s] Level 5:colcon.colcon_core.verb:set package 'seano_logger' build argument 'cmake_force_configure' from command line to 'False'
[18.385s] Level 5:colcon.colcon_core.verb:set package 'seano_logger' build argument 'ament_cmake_args' from command line to 'None'
[18.385s] Level 5:colcon.colcon_core.verb:set package 'seano_logger' build argument 'catkin_cmake_args' from command line to 'None'
[18.385s] Level 5:colcon.colcon_core.verb:set package 'seano_logger' build argument 'catkin_skip_building_tests' from command line to 'False'
[18.386s] DEBUG:colcon.colcon_core.verb:Building package 'seano_logger' with the following arguments: {'ament_cmake_args': None, 'build_base': '/home/raihan/seano_ws/build/seano_logger', 'catkin_cmake_args': None, 'catkin_skip_building_tests': False, 'cmake_args': None, 'cmake_clean_cache': False, 'cmake_clean_first': False, 'cmake_force_configure': False, 'cmake_target': None, 'cmake_target_skip_unavailable': False, 'install_base': '/home/raihan/seano_ws/install/seano_logger', 'merge_install': False, 'path': '/home/raihan/seano_ws/src/seano_logger', 'symlink_install': False, 'test_result_base': None}
[18.386s] Level 5:colcon.colcon_core.verb:set package 'seano_sensors' build argument 'cmake_args' from command line to 'None'
[18.386s] Level 5:colcon.colcon_core.verb:set package 'seano_sensors' build argument 'cmake_target' from command line to 'None'
[18.386s] Level 5:colcon.colcon_core.verb:set package 'seano_sensors' build argument 'cmake_target_skip_unavailable' from command line to 'False'
[18.386s] Level 5:colcon.colcon_core.verb:set package 'seano_sensors' build argument 'cmake_clean_cache' from command line to 'False'
[18.386s] Level 5:colcon.colcon_core.verb:set package 'seano_sensors' build argument 'cmake_clean_first' from command line to 'False'
[18.386s] Level 5:colcon.colcon_core.verb:set package 'seano_sensors' build argument 'cmake_force_configure' from command line to 'False'
[18.386s] Level 5:colcon.colcon_core.verb:set package 'seano_sensors' build argument 'ament_cmake_args' from command line to 'None'
[18.387s] Level 5:colcon.colcon_core.verb:set package 'seano_sensors' build argument 'catkin_cmake_args' from command line to 'None'
[18.387s] Level 5:colcon.colcon_core.verb:set package 'seano_sensors' build argument 'catkin_skip_building_tests' from command line to 'False'
[18.387s] DEBUG:colcon.colcon_core.verb:Building package 'seano_sensors' with the following arguments: {'ament_cmake_args': None, 'build_base': '/home/raihan/seano_ws/build/seano_sensors', 'catkin_cmake_args': None, 'catkin_skip_building_tests': False, 'cmake_args': None, 'cmake_clean_cache': False, 'cmake_clean_first': False, 'cmake_force_configure': False, 'cmake_target': None, 'cmake_target_skip_unavailable': False, 'install_base': '/home/raihan/seano_ws/install/seano_sensors', 'merge_install': False, 'path': '/home/raihan/seano_ws/src/seano_sensors', 'symlink_install': False, 'test_result_base': None}
[18.387s] INFO:colcon.colcon_core.executor:Executing jobs using 'parallel' executor
[18.388s] DEBUG:colcon.colcon_parallel_executor.executor.parallel:run_until_complete
[18.388s] INFO:colcon.colcon_ros.task.ament_python.build:Building ROS package in '/home/raihan/seano_ws/src/seano_logger' with build type 'ament_python'
[18.389s] Level 1:colcon.colcon_core.shell:create_environment_hook('seano_logger', 'ament_prefix_path')
[18.471s] INFO:colcon.colcon_core.plugin_system:Skipping extension 'colcon_core.shell.bat': Not used on non-Windows systems
[18.472s] INFO:colcon.colcon_core.shell:Creating environment hook '/home/raihan/seano_ws/install/seano_logger/share/seano_logger/hook/ament_prefix_path.ps1'
[18.487s] INFO:colcon.colcon_core.shell:Creating environment descriptor '/home/raihan/seano_ws/install/seano_logger/share/seano_logger/hook/ament_prefix_path.dsv'
[18.495s] INFO:colcon.colcon_core.shell:Creating environment hook '/home/raihan/seano_ws/install/seano_logger/share/seano_logger/hook/ament_prefix_path.sh'
[18.497s] INFO:colcon.colcon_core.shell:Skip shell extension 'powershell' for command environment: Not usable outside of PowerShell
[18.497s] DEBUG:colcon.colcon_core.shell:Skip shell extension 'dsv' for command environment
[18.506s] INFO:colcon.colcon_ros.task.ament_python.build:Building ROS package in '/home/raihan/seano_ws/src/seano_sensors' with build type 'ament_python'
[18.507s] Level 1:colcon.colcon_core.shell:create_environment_hook('seano_sensors', 'ament_prefix_path')
[18.507s] INFO:colcon.colcon_core.shell:Creating environment hook '/home/raihan/seano_ws/install/seano_sensors/share/seano_sensors/hook/ament_prefix_path.ps1'
[18.508s] INFO:colcon.colcon_core.shell:Creating environment descriptor '/home/raihan/seano_ws/install/seano_sensors/share/seano_sensors/hook/ament_prefix_path.dsv'
[18.509s] INFO:colcon.colcon_core.shell:Creating environment hook '/home/raihan/seano_ws/install/seano_sensors/share/seano_sensors/hook/ament_prefix_path.sh'
[18.510s] INFO:colcon.colcon_core.shell:Skip shell extension 'powershell' for command environment: Not usable outside of PowerShell
[18.510s] DEBUG:colcon.colcon_core.shell:Skip shell extension 'dsv' for command environment
[19.102s] INFO:colcon.colcon_core.task.python.build:Building Python package in '/home/raihan/seano_ws/src/seano_logger'
[19.102s] INFO:colcon.colcon_core.shell:Skip shell extension 'powershell' for command environment: Not usable outside of PowerShell
[19.102s] DEBUG:colcon.colcon_core.shell:Skip shell extension 'dsv' for command environment
[19.556s] INFO:colcon.colcon_core.task.python.build:Building Python package in '/home/raihan/seano_ws/src/seano_sensors'
[19.557s] INFO:colcon.colcon_core.shell:Skip shell extension 'powershell' for command environment: Not usable outside of PowerShell
[19.557s] DEBUG:colcon.colcon_core.shell:Skip shell extension 'dsv' for command environment
[20.749s] DEBUG:colcon.colcon_core.event_handler.log_command:Invoking command in '/home/raihan/seano_ws/src/seano_logger': PYTHONPATH=/home/raihan/seano_ws/build/seano_logger/prefix_override:/usr/lib/python3/dist-packages/colcon_core/task/python/colcon_distutils_commands:/home/raihan/seano_ws/install/seano_logger/lib/python3.10/site-packages:${PYTHONPATH} /usr/bin/python3 -W ignore:setup.py install is deprecated -W ignore:easy_install command is deprecated setup.py egg_info --egg-base ../../build/seano_logger build --build-base /home/raihan/seano_ws/build/seano_logger/build install --record /home/raihan/seano_ws/build/seano_logger/install.log --single-version-externally-managed install_data
[20.763s] DEBUG:colcon.colcon_core.event_handler.log_command:Invoking command in '/home/raihan/seano_ws/src/seano_sensors': PYTHONPATH=/home/raihan/seano_ws/build/seano_sensors/prefix_override:/usr/lib/python3/dist-packages/colcon_core/task/python/colcon_distutils_commands:/home/raihan/seano_ws/install/seano_sensors/lib/python3.10/site-packages:${PYTHONPATH} /usr/bin/python3 -W ignore:setup.py install is deprecated -W ignore:easy_install command is deprecated setup.py egg_info --egg-base ../../build/seano_sensors build --build-base /home/raihan/seano_ws/build/seano_sensors/build install --record /home/raihan/seano_ws/build/seano_sensors/install.log --single-version-externally-managed install_data
[21.521s] DEBUG:colcon.colcon_core.event_handler.log_command:Invoked command in '/home/raihan/seano_ws/src/seano_logger' returned '0': PYTHONPATH=/home/raihan/seano_ws/build/seano_logger/prefix_override:/usr/lib/python3/dist-packages/colcon_core/task/python/colcon_distutils_commands:/home/raihan/seano_ws/install/seano_logger/lib/python3.10/site-packages:${PYTHONPATH} /usr/bin/python3 -W ignore:setup.py install is deprecated -W ignore:easy_install command is deprecated setup.py egg_info --egg-base ../../build/seano_logger build --build-base /home/raihan/seano_ws/build/seano_logger/build install --record /home/raihan/seano_ws/build/seano_logger/install.log --single-version-externally-managed install_data
[21.635s] Level 1:colcon.colcon_core.environment:checking '/home/raihan/seano_ws/install/seano_logger' for CMake module files
[21.636s] Level 1:colcon.colcon_core.environment:checking '/home/raihan/seano_ws/install/seano_logger' for CMake config files
[21.637s] Level 1:colcon.colcon_core.environment:checking '/home/raihan/seano_ws/install/seano_logger/lib'
[21.638s] Level 1:colcon.colcon_core.environment:checking '/home/raihan/seano_ws/install/seano_logger/bin'
[21.638s] Level 1:colcon.colcon_core.environment:checking '/home/raihan/seano_ws/install/seano_logger/lib/pkgconfig/seano_logger.pc'
[21.638s] Level 1:colcon.colcon_core.environment:checking '/home/raihan/seano_ws/install/seano_logger/lib/python3.10/site-packages'
[21.639s] Level 1:colcon.colcon_core.shell:create_environment_hook('seano_logger', 'pythonpath')
[21.639s] INFO:colcon.colcon_core.shell:Creating environment hook '/home/raihan/seano_ws/install/seano_logger/share/seano_logger/hook/pythonpath.ps1'
[21.640s] INFO:colcon.colcon_core.shell:Creating environment descriptor '/home/raihan/seano_ws/install/seano_logger/share/seano_logger/hook/pythonpath.dsv'
[21.641s] INFO:colcon.colcon_core.shell:Creating environment hook '/home/raihan/seano_ws/install/seano_logger/share/seano_logger/hook/pythonpath.sh'
[21.642s] Level 1:colcon.colcon_core.environment:checking '/home/raihan/seano_ws/install/seano_logger/bin'
[21.642s] Level 1:colcon.colcon_core.environment:create_environment_scripts_only(seano_logger)
[21.643s] INFO:colcon.colcon_core.shell:Creating package script '/home/raihan/seano_ws/install/seano_logger/share/seano_logger/package.ps1'
[21.645s] INFO:colcon.colcon_core.shell:Creating package descriptor '/home/raihan/seano_ws/install/seano_logger/share/seano_logger/package.dsv'
[21.646s] INFO:colcon.colcon_core.shell:Creating package script '/home/raihan/seano_ws/install/seano_logger/share/seano_logger/package.sh'
[21.647s] INFO:colcon.colcon_core.shell:Creating package script '/home/raihan/seano_ws/install/seano_logger/share/seano_logger/package.bash'
[21.708s] INFO:colcon.colcon_core.shell:Creating package script '/home/raihan/seano_ws/install/seano_logger/share/seano_logger/package.zsh'
[21.729s] Level 1:colcon.colcon_core.environment:create_file_with_runtime_dependencies(/home/raihan/seano_ws/install/seano_logger/share/colcon-core/packages/seano_logger)
[21.733s] Level 1:colcon.colcon_core.environment:checking '/home/raihan/seano_ws/install/seano_sensors' for CMake module files
[21.734s] Level 1:colcon.colcon_core.environment:checking '/home/raihan/seano_ws/install/seano_sensors' for CMake config files
[21.736s] DEBUG:colcon.colcon_core.event_handler.log_command:Invoked command in '/home/raihan/seano_ws/src/seano_sensors' returned '0': PYTHONPATH=/home/raihan/seano_ws/build/seano_sensors/prefix_override:/usr/lib/python3/dist-packages/colcon_core/task/python/colcon_distutils_commands:/home/raihan/seano_ws/install/seano_sensors/lib/python3.10/site-packages:${PYTHONPATH} /usr/bin/python3 -W ignore:setup.py install is deprecated -W ignore:easy_install command is deprecated setup.py egg_info --egg-base ../../build/seano_sensors build --build-base /home/raihan/seano_ws/build/seano_sensors/build install --record /home/raihan/seano_ws/build/seano_sensors/install.log --single-version-externally-managed install_data
[21.737s] Level 1:colcon.colcon_core.environment:checking '/home/raihan/seano_ws/install/seano_sensors/lib'
[21.737s] Level 1:colcon.colcon_core.environment:checking '/home/raihan/seano_ws/install/seano_sensors/bin'
[21.737s] Level 1:colcon.colcon_core.environment:checking '/home/raihan/seano_ws/install/seano_sensors/lib/pkgconfig/seano_sensors.pc'
[21.738s] Level 1:colcon.colcon_core.environment:checking '/home/raihan/seano_ws/install/seano_sensors/lib/python3.10/site-packages'
[21.738s] Level 1:colcon.colcon_core.shell:create_environment_hook('seano_sensors', 'pythonpath')
[21.738s] INFO:colcon.colcon_core.shell:Creating environment hook '/home/raihan/seano_ws/install/seano_sensors/share/seano_sensors/hook/pythonpath.ps1'
[21.740s] INFO:colcon.colcon_core.shell:Creating environment descriptor '/home/raihan/seano_ws/install/seano_sensors/share/seano_sensors/hook/pythonpath.dsv'
[21.741s] INFO:colcon.colcon_core.shell:Creating environment hook '/home/raihan/seano_ws/install/seano_sensors/share/seano_sensors/hook/pythonpath.sh'
[21.743s] Level 1:colcon.colcon_core.environment:checking '/home/raihan/seano_ws/install/seano_sensors/bin'
[21.744s] Level 1:colcon.colcon_core.environment:create_environment_scripts_only(seano_sensors)
[21.745s] INFO:colcon.colcon_core.shell:Creating package script '/home/raihan/seano_ws/install/seano_sensors/share/seano_sensors/package.ps1'
[21.746s] INFO:colcon.colcon_core.shell:Creating package descriptor '/home/raihan/seano_ws/install/seano_sensors/share/seano_sensors/package.dsv'
[21.748s] INFO:colcon.colcon_core.shell:Creating package script '/home/raihan/seano_ws/install/seano_sensors/share/seano_sensors/package.sh'
[21.749s] INFO:colcon.colcon_core.shell:Creating package script '/home/raihan/seano_ws/install/seano_sensors/share/seano_sensors/package.bash'
[21.750s] INFO:colcon.colcon_core.shell:Creating package script '/home/raihan/seano_ws/install/seano_sensors/share/seano_sensors/package.zsh'
[21.751s] Level 1:colcon.colcon_core.environment:create_file_with_runtime_dependencies(/home/raihan/seano_ws/install/seano_sensors/share/colcon-core/packages/seano_sensors)
[21.753s] DEBUG:colcon.colcon_parallel_executor.executor.parallel:closing loop
[21.753s] DEBUG:colcon.colcon_parallel_executor.executor.parallel:loop closed
[21.753s] DEBUG:colcon.colcon_parallel_executor.executor.parallel:run_until_complete finished with '0'
[21.753s] DEBUG:colcon.colcon_core.event_reactor:joining thread
[21.956s] INFO:colcon.colcon_core.plugin_system:Skipping extension 'colcon_notification.desktop_notification.terminal_notifier': Not used on non-Darwin systems
[21.956s] INFO:colcon.colcon_core.plugin_system:Skipping extension 'colcon_notification.desktop_notification.win32': Not used on non-Windows systems
[21.956s] INFO:colcon.colcon_notification.desktop_notification:Sending desktop notification using 'notify2'
[22.218s] DEBUG:colcon.colcon_core.event_reactor:joined thread
[22.219s] INFO:colcon.colcon_core.shell:Creating prefix script '/home/raihan/seano_ws/install/local_setup.ps1'
[22.238s] INFO:colcon.colcon_core.shell:Creating prefix util module '/home/raihan/seano_ws/install/_local_setup_util_ps1.py'
[22.242s] INFO:colcon.colcon_core.shell:Creating prefix chain script '/home/raihan/seano_ws/install/setup.ps1'
[22.259s] INFO:colcon.colcon_core.shell:Creating prefix script '/home/raihan/seano_ws/install/local_setup.sh'
[22.261s] INFO:colcon.colcon_core.shell:Creating prefix util module '/home/raihan/seano_ws/install/_local_setup_util_sh.py'
[22.262s] INFO:colcon.colcon_core.shell:Creating prefix chain script '/home/raihan/seano_ws/install/setup.sh'
[22.266s] INFO:colcon.colcon_core.shell:Creating prefix script '/home/raihan/seano_ws/install/local_setup.bash'
[22.285s] INFO:colcon.colcon_core.shell:Creating prefix chain script '/home/raihan/seano_ws/install/setup.bash'
[22.288s] INFO:colcon.colcon_core.shell:Creating prefix script '/home/raihan/seano_ws/install/local_setup.zsh'
[22.289s] INFO:colcon.colcon_core.shell:Creating prefix chain script '/home/raihan/seano_ws/install/setup.zsh'
