[1.386s] DEBUG:colcon:Command line arguments: ['/usr/bin/colcon', 'build', '--packages-select', 'seano_logger']
[1.386s] DEBUG:colcon:Parsed command line arguments: Namespace(log_base=None, log_level=None, verb_name='build', build_base='build', install_base='install', merge_install=False, symlink_install=False, test_result_base=None, continue_on_error=False, executor='parallel', parallel_workers=4, event_handlers=None, ignore_user_meta=False, metas=['./colcon.meta'], base_paths=['.'], packages_ignore=None, packages_ignore_regex=None, paths=None, packages_up_to=None, packages_up_to_regex=None, packages_above=None, packages_above_and_dependencies=None, packages_above_depth=None, packages_select_by_dep=None, packages_skip_by_dep=None, packages_skip_up_to=None, packages_select_build_failed=False, packages_skip_build_finished=False, packages_select_test_failures=False, packages_skip_test_passed=False, packages_select=['seano_logger'], packages_skip=None, packages_select_regex=None, packages_skip_regex=None, packages_start=None, packages_end=None, allow_overriding=[], cmake_args=None, cmake_target=None, cmake_target_skip_unavailable=False, cmake_clean_cache=False, cmake_clean_first=False, cmake_force_configure=False, ament_cmake_args=None, catkin_cmake_args=None, catkin_skip_building_tests=False, verb_parser=<colcon_defaults.argument_parser.defaults.DefaultArgumentsDecorator object at 0x7f267d43b100>, verb_extension=<colcon_core.verb.build.BuildVerb object at 0x7f267d43a560>, main=<bound method BuildVerb.main of <colcon_core.verb.build.BuildVerb object at 0x7f267d43a560>>)
[4.454s] Level 1:colcon.colcon_core.package_discovery:discover_packages(colcon_meta) check parameters
[4.454s] Level 1:colcon.colcon_core.package_discovery:discover_packages(recursive) check parameters
[4.455s] Level 1:colcon.colcon_core.package_discovery:discover_packages(ignore) check parameters
[4.455s] Level 1:colcon.colcon_core.package_discovery:discover_packages(path) check parameters
[4.455s] Level 1:colcon.colcon_core.package_discovery:discover_packages(colcon_meta) discover
[4.455s] Level 1:colcon.colcon_core.package_discovery:discover_packages(recursive) discover
[4.455s] INFO:colcon.colcon_core.package_discovery:Crawling recursively for packages in '/home/raihan/seano_ws'
[4.455s] Level 1:colcon.colcon_core.package_identification:_identify(.) by extensions ['ignore', 'ignore_ament_install']
[4.455s] Level 1:colcon.colcon_core.package_identification:_identify(.) by extension 'ignore'
[4.455s] Level 1:colcon.colcon_core.package_identification:_identify(.) by extension 'ignore_ament_install'
[4.455s] Level 1:colcon.colcon_core.package_identification:_identify(.) by extensions ['colcon_pkg']
[4.455s] Level 1:colcon.colcon_core.package_identification:_identify(.) by extension 'colcon_pkg'
[4.456s] Level 1:colcon.colcon_core.package_identification:_identify(.) by extensions ['colcon_meta']
[4.456s] Level 1:colcon.colcon_core.package_identification:_identify(.) by extension 'colcon_meta'
[4.456s] Level 1:colcon.colcon_core.package_identification:_identify(.) by extensions ['ros']
[4.456s] Level 1:colcon.colcon_core.package_identification:_identify(.) by extension 'ros'
[4.520s] Level 1:colcon.colcon_core.package_identification:_identify(.) by extensions ['cmake', 'python']
[4.520s] Level 1:colcon.colcon_core.package_identification:_identify(.) by extension 'cmake'
[4.520s] Level 1:colcon.colcon_core.package_identification:_identify(.) by extension 'python'
[4.520s] Level 1:colcon.colcon_core.package_identification:_identify(.) by extensions ['python_setup_py']
[4.520s] Level 1:colcon.colcon_core.package_identification:_identify(.) by extension 'python_setup_py'
[4.538s] Level 1:colcon.colcon_core.package_identification:_identify(build) by extensions ['ignore', 'ignore_ament_install']
[4.538s] Level 1:colcon.colcon_core.package_identification:_identify(build) by extension 'ignore'
[4.538s] Level 1:colcon.colcon_core.package_identification:_identify(build) ignored
[4.539s] Level 1:colcon.colcon_core.package_identification:_identify(install) by extensions ['ignore', 'ignore_ament_install']
[4.539s] Level 1:colcon.colcon_core.package_identification:_identify(install) by extension 'ignore'
[4.539s] Level 1:colcon.colcon_core.package_identification:_identify(install) ignored
[4.539s] Level 1:colcon.colcon_core.package_identification:_identify(log) by extensions ['ignore', 'ignore_ament_install']
[4.540s] Level 1:colcon.colcon_core.package_identification:_identify(log) by extension 'ignore'
[4.540s] Level 1:colcon.colcon_core.package_identification:_identify(log) ignored
[4.540s] Level 1:colcon.colcon_core.package_identification:_identify(src) by extensions ['ignore', 'ignore_ament_install']
[4.540s] Level 1:colcon.colcon_core.package_identification:_identify(src) by extension 'ignore'
[4.540s] Level 1:colcon.colcon_core.package_identification:_identify(src) by extension 'ignore_ament_install'
[4.540s] Level 1:colcon.colcon_core.package_identification:_identify(src) by extensions ['colcon_pkg']
[4.540s] Level 1:colcon.colcon_core.package_identification:_identify(src) by extension 'colcon_pkg'
[4.541s] Level 1:colcon.colcon_core.package_identification:_identify(src) by extensions ['colcon_meta']
[4.541s] Level 1:colcon.colcon_core.package_identification:_identify(src) by extension 'colcon_meta'
[4.541s] Level 1:colcon.colcon_core.package_identification:_identify(src) by extensions ['ros']
[4.541s] Level 1:colcon.colcon_core.package_identification:_identify(src) by extension 'ros'
[4.541s] Level 1:colcon.colcon_core.package_identification:_identify(src) by extensions ['cmake', 'python']
[4.541s] Level 1:colcon.colcon_core.package_identification:_identify(src) by extension 'cmake'
[4.541s] Level 1:colcon.colcon_core.package_identification:_identify(src) by extension 'python'
[4.541s] Level 1:colcon.colcon_core.package_identification:_identify(src) by extensions ['python_setup_py']
[4.541s] Level 1:colcon.colcon_core.package_identification:_identify(src) by extension 'python_setup_py'
[4.546s] Level 1:colcon.colcon_core.package_identification:_identify(src/build) by extensions ['ignore', 'ignore_ament_install']
[4.546s] Level 1:colcon.colcon_core.package_identification:_identify(src/build) by extension 'ignore'
[4.546s] Level 1:colcon.colcon_core.package_identification:_identify(src/build) ignored
[4.547s] Level 1:colcon.colcon_core.package_identification:_identify(src/install) by extensions ['ignore', 'ignore_ament_install']
[4.547s] Level 1:colcon.colcon_core.package_identification:_identify(src/install) by extension 'ignore'
[4.547s] Level 1:colcon.colcon_core.package_identification:_identify(src/install) ignored
[4.595s] Level 1:colcon.colcon_core.package_identification:_identify(src/log) by extensions ['ignore', 'ignore_ament_install']
[4.595s] Level 1:colcon.colcon_core.package_identification:_identify(src/log) by extension 'ignore'
[4.595s] Level 1:colcon.colcon_core.package_identification:_identify(src/log) ignored
[4.596s] Level 1:colcon.colcon_core.package_identification:_identify(src/seano_logger) by extensions ['ignore', 'ignore_ament_install']
[4.596s] Level 1:colcon.colcon_core.package_identification:_identify(src/seano_logger) by extension 'ignore'
[4.596s] Level 1:colcon.colcon_core.package_identification:_identify(src/seano_logger) by extension 'ignore_ament_install'
[4.596s] Level 1:colcon.colcon_core.package_identification:_identify(src/seano_logger) by extensions ['colcon_pkg']
[4.596s] Level 1:colcon.colcon_core.package_identification:_identify(src/seano_logger) by extension 'colcon_pkg'
[4.596s] Level 1:colcon.colcon_core.package_identification:_identify(src/seano_logger) by extensions ['colcon_meta']
[4.597s] Level 1:colcon.colcon_core.package_identification:_identify(src/seano_logger) by extension 'colcon_meta'
[4.597s] Level 1:colcon.colcon_core.package_identification:_identify(src/seano_logger) by extensions ['ros']
[4.597s] Level 1:colcon.colcon_core.package_identification:_identify(src/seano_logger) by extension 'ros'
[4.625s] DEBUG:colcon.colcon_core.package_identification:Package 'src/seano_logger' with type 'ros.ament_python' and name 'seano_logger'
[4.625s] Level 1:colcon.colcon_core.package_identification:_identify(src/seano_sensors) by extensions ['ignore', 'ignore_ament_install']
[4.626s] Level 1:colcon.colcon_core.package_identification:_identify(src/seano_sensors) by extension 'ignore'
[4.626s] Level 1:colcon.colcon_core.package_identification:_identify(src/seano_sensors) by extension 'ignore_ament_install'
[4.626s] Level 1:colcon.colcon_core.package_identification:_identify(src/seano_sensors) by extensions ['colcon_pkg']
[4.626s] Level 1:colcon.colcon_core.package_identification:_identify(src/seano_sensors) by extension 'colcon_pkg'
[4.626s] Level 1:colcon.colcon_core.package_identification:_identify(src/seano_sensors) by extensions ['colcon_meta']
[4.626s] Level 1:colcon.colcon_core.package_identification:_identify(src/seano_sensors) by extension 'colcon_meta'
[4.626s] Level 1:colcon.colcon_core.package_identification:_identify(src/seano_sensors) by extensions ['ros']
[4.626s] Level 1:colcon.colcon_core.package_identification:_identify(src/seano_sensors) by extension 'ros'
[4.676s] DEBUG:colcon.colcon_core.package_identification:Package 'src/seano_sensors' with type 'ros.ament_python' and name 'seano_sensors'
[4.676s] Level 1:colcon.colcon_core.package_discovery:discover_packages(recursive) using defaults
[4.676s] Level 1:colcon.colcon_core.package_discovery:discover_packages(ignore) discover
[4.676s] Level 1:colcon.colcon_core.package_discovery:discover_packages(ignore) using defaults
[4.676s] Level 1:colcon.colcon_core.package_discovery:discover_packages(path) discover
[4.676s] Level 1:colcon.colcon_core.package_discovery:discover_packages(path) using defaults
[4.884s] INFO:colcon.colcon_core.package_selection:Skipping not selected package 'seano_sensors' in 'src/seano_sensors'
[4.885s] Level 1:colcon.colcon_core.package_discovery:discover_packages(prefix_path) check parameters
[4.886s] Level 1:colcon.colcon_core.package_discovery:discover_packages(prefix_path) discover
[4.916s] DEBUG:colcon.colcon_installed_package_information.package_discovery:Found 272 installed packages in /opt/ros/humble
[4.920s] Level 1:colcon.colcon_core.package_discovery:discover_packages(prefix_path) using defaults
[6.492s] Level 5:colcon.colcon_core.verb:set package 'seano_logger' build argument 'cmake_args' from command line to 'None'
[6.493s] Level 5:colcon.colcon_core.verb:set package 'seano_logger' build argument 'cmake_target' from command line to 'None'
[6.493s] Level 5:colcon.colcon_core.verb:set package 'seano_logger' build argument 'cmake_target_skip_unavailable' from command line to 'False'
[6.493s] Level 5:colcon.colcon_core.verb:set package 'seano_logger' build argument 'cmake_clean_cache' from command line to 'False'
[6.493s] Level 5:colcon.colcon_core.verb:set package 'seano_logger' build argument 'cmake_clean_first' from command line to 'False'
[6.493s] Level 5:colcon.colcon_core.verb:set package 'seano_logger' build argument 'cmake_force_configure' from command line to 'False'
[6.493s] Level 5:colcon.colcon_core.verb:set package 'seano_logger' build argument 'ament_cmake_args' from command line to 'None'
[6.493s] Level 5:colcon.colcon_core.verb:set package 'seano_logger' build argument 'catkin_cmake_args' from command line to 'None'
[6.493s] Level 5:colcon.colcon_core.verb:set package 'seano_logger' build argument 'catkin_skip_building_tests' from command line to 'False'
[6.493s] DEBUG:colcon.colcon_core.verb:Building package 'seano_logger' with the following arguments: {'ament_cmake_args': None, 'build_base': '/home/raihan/seano_ws/build/seano_logger', 'catkin_cmake_args': None, 'catkin_skip_building_tests': False, 'cmake_args': None, 'cmake_clean_cache': False, 'cmake_clean_first': False, 'cmake_force_configure': False, 'cmake_target': None, 'cmake_target_skip_unavailable': False, 'install_base': '/home/raihan/seano_ws/install/seano_logger', 'merge_install': False, 'path': '/home/raihan/seano_ws/src/seano_logger', 'symlink_install': False, 'test_result_base': None}
[6.493s] INFO:colcon.colcon_core.executor:Executing jobs using 'parallel' executor
[6.495s] DEBUG:colcon.colcon_parallel_executor.executor.parallel:run_until_complete
[6.495s] INFO:colcon.colcon_ros.task.ament_python.build:Building ROS package in '/home/raihan/seano_ws/src/seano_logger' with build type 'ament_python'
[6.495s] Level 1:colcon.colcon_core.shell:create_environment_hook('seano_logger', 'ament_prefix_path')
[6.533s] INFO:colcon.colcon_core.plugin_system:Skipping extension 'colcon_core.shell.bat': Not used on non-Windows systems
[6.533s] INFO:colcon.colcon_core.shell:Creating environment hook '/home/raihan/seano_ws/install/seano_logger/share/seano_logger/hook/ament_prefix_path.ps1'
[6.540s] INFO:colcon.colcon_core.shell:Creating environment descriptor '/home/raihan/seano_ws/install/seano_logger/share/seano_logger/hook/ament_prefix_path.dsv'
[6.552s] INFO:colcon.colcon_core.shell:Creating environment hook '/home/raihan/seano_ws/install/seano_logger/share/seano_logger/hook/ament_prefix_path.sh'
[6.554s] INFO:colcon.colcon_core.shell:Skip shell extension 'powershell' for command environment: Not usable outside of PowerShell
[6.554s] DEBUG:colcon.colcon_core.shell:Skip shell extension 'dsv' for command environment
[7.033s] INFO:colcon.colcon_core.task.python.build:Building Python package in '/home/raihan/seano_ws/src/seano_logger'
[7.033s] INFO:colcon.colcon_core.shell:Skip shell extension 'powershell' for command environment: Not usable outside of PowerShell
[7.033s] DEBUG:colcon.colcon_core.shell:Skip shell extension 'dsv' for command environment
[8.882s] DEBUG:colcon.colcon_core.event_handler.log_command:Invoking command in '/home/raihan/seano_ws/build/seano_logger': PYTHONPATH=/home/raihan/seano_ws/build/seano_logger/prefix_override:/usr/lib/python3/dist-packages/colcon_core/task/python/colcon_distutils_commands:/home/raihan/seano_ws/install/seano_logger/lib/python3.10/site-packages:${PYTHONPATH} /usr/bin/python3 -W ignore:setup.py install is deprecated -W ignore:easy_install command is deprecated setup.py develop --uninstall --editable --build-directory /home/raihan/seano_ws/build/seano_logger/build
[9.729s] DEBUG:colcon.colcon_core.event_handler.log_command:Invoked command in '/home/raihan/seano_ws/build/seano_logger' returned '0': PYTHONPATH=/home/raihan/seano_ws/build/seano_logger/prefix_override:/usr/lib/python3/dist-packages/colcon_core/task/python/colcon_distutils_commands:/home/raihan/seano_ws/install/seano_logger/lib/python3.10/site-packages:${PYTHONPATH} /usr/bin/python3 -W ignore:setup.py install is deprecated -W ignore:easy_install command is deprecated setup.py develop --uninstall --editable --build-directory /home/raihan/seano_ws/build/seano_logger/build
[9.732s] DEBUG:colcon.colcon_core.event_handler.log_command:Invoking command in '/home/raihan/seano_ws/src/seano_logger': PYTHONPATH=/home/raihan/seano_ws/build/seano_logger/prefix_override:/usr/lib/python3/dist-packages/colcon_core/task/python/colcon_distutils_commands:/home/raihan/seano_ws/install/seano_logger/lib/python3.10/site-packages:${PYTHONPATH} /usr/bin/python3 -W ignore:setup.py install is deprecated -W ignore:easy_install command is deprecated setup.py egg_info --egg-base ../../build/seano_logger build --build-base /home/raihan/seano_ws/build/seano_logger/build install --record /home/raihan/seano_ws/build/seano_logger/install.log --single-version-externally-managed install_data --force
[10.381s] DEBUG:colcon.colcon_core.event_handler.log_command:Invoked command in '/home/raihan/seano_ws/src/seano_logger' returned '0': PYTHONPATH=/home/raihan/seano_ws/build/seano_logger/prefix_override:/usr/lib/python3/dist-packages/colcon_core/task/python/colcon_distutils_commands:/home/raihan/seano_ws/install/seano_logger/lib/python3.10/site-packages:${PYTHONPATH} /usr/bin/python3 -W ignore:setup.py install is deprecated -W ignore:easy_install command is deprecated setup.py egg_info --egg-base ../../build/seano_logger build --build-base /home/raihan/seano_ws/build/seano_logger/build install --record /home/raihan/seano_ws/build/seano_logger/install.log --single-version-externally-managed install_data --force
[10.424s] Level 1:colcon.colcon_core.environment:checking '/home/raihan/seano_ws/install/seano_logger' for CMake module files
[10.425s] Level 1:colcon.colcon_core.environment:checking '/home/raihan/seano_ws/install/seano_logger' for CMake config files
[10.458s] Level 1:colcon.colcon_core.environment:checking '/home/raihan/seano_ws/install/seano_logger/lib'
[10.458s] Level 1:colcon.colcon_core.environment:checking '/home/raihan/seano_ws/install/seano_logger/bin'
[10.458s] Level 1:colcon.colcon_core.environment:checking '/home/raihan/seano_ws/install/seano_logger/lib/pkgconfig/seano_logger.pc'
[10.458s] Level 1:colcon.colcon_core.environment:checking '/home/raihan/seano_ws/install/seano_logger/lib/python3.10/site-packages'
[10.459s] Level 1:colcon.colcon_core.shell:create_environment_hook('seano_logger', 'pythonpath')
[10.459s] INFO:colcon.colcon_core.shell:Creating environment hook '/home/raihan/seano_ws/install/seano_logger/share/seano_logger/hook/pythonpath.ps1'
[10.460s] INFO:colcon.colcon_core.shell:Creating environment descriptor '/home/raihan/seano_ws/install/seano_logger/share/seano_logger/hook/pythonpath.dsv'
[10.460s] INFO:colcon.colcon_core.shell:Creating environment hook '/home/raihan/seano_ws/install/seano_logger/share/seano_logger/hook/pythonpath.sh'
[10.462s] Level 1:colcon.colcon_core.environment:checking '/home/raihan/seano_ws/install/seano_logger/bin'
[10.462s] Level 1:colcon.colcon_core.environment:create_environment_scripts_only(seano_logger)
[10.463s] INFO:colcon.colcon_core.shell:Creating package script '/home/raihan/seano_ws/install/seano_logger/share/seano_logger/package.ps1'
[10.474s] INFO:colcon.colcon_core.shell:Creating package descriptor '/home/raihan/seano_ws/install/seano_logger/share/seano_logger/package.dsv'
[10.485s] INFO:colcon.colcon_core.shell:Creating package script '/home/raihan/seano_ws/install/seano_logger/share/seano_logger/package.sh'
[10.487s] INFO:colcon.colcon_core.shell:Creating package script '/home/raihan/seano_ws/install/seano_logger/share/seano_logger/package.bash'
[10.502s] INFO:colcon.colcon_core.shell:Creating package script '/home/raihan/seano_ws/install/seano_logger/share/seano_logger/package.zsh'
[10.519s] Level 1:colcon.colcon_core.environment:create_file_with_runtime_dependencies(/home/raihan/seano_ws/install/seano_logger/share/colcon-core/packages/seano_logger)
[10.519s] DEBUG:colcon.colcon_parallel_executor.executor.parallel:closing loop
[10.520s] DEBUG:colcon.colcon_parallel_executor.executor.parallel:loop closed
[10.520s] DEBUG:colcon.colcon_parallel_executor.executor.parallel:run_until_complete finished with '0'
[10.520s] DEBUG:colcon.colcon_core.event_reactor:joining thread
[10.689s] INFO:colcon.colcon_core.plugin_system:Skipping extension 'colcon_notification.desktop_notification.terminal_notifier': Not used on non-Darwin systems
[10.689s] INFO:colcon.colcon_core.plugin_system:Skipping extension 'colcon_notification.desktop_notification.win32': Not used on non-Windows systems
[10.689s] INFO:colcon.colcon_notification.desktop_notification:Sending desktop notification using 'notify2'
[11.044s] DEBUG:colcon.colcon_core.event_reactor:joined thread
[11.045s] INFO:colcon.colcon_core.shell:Creating prefix script '/home/raihan/seano_ws/install/local_setup.ps1'
[11.108s] INFO:colcon.colcon_core.shell:Creating prefix util module '/home/raihan/seano_ws/install/_local_setup_util_ps1.py'
[11.110s] INFO:colcon.colcon_core.shell:Creating prefix chain script '/home/raihan/seano_ws/install/setup.ps1'
[11.162s] INFO:colcon.colcon_core.shell:Creating prefix script '/home/raihan/seano_ws/install/local_setup.sh'
[11.163s] INFO:colcon.colcon_core.shell:Creating prefix util module '/home/raihan/seano_ws/install/_local_setup_util_sh.py'
[11.164s] INFO:colcon.colcon_core.shell:Creating prefix chain script '/home/raihan/seano_ws/install/setup.sh'
[11.166s] INFO:colcon.colcon_core.shell:Creating prefix script '/home/raihan/seano_ws/install/local_setup.bash'
[11.179s] INFO:colcon.colcon_core.shell:Creating prefix chain script '/home/raihan/seano_ws/install/setup.bash'
[11.181s] INFO:colcon.colcon_core.shell:Creating prefix script '/home/raihan/seano_ws/install/local_setup.zsh'
[11.219s] INFO:colcon.colcon_core.shell:Creating prefix chain script '/home/raihan/seano_ws/install/setup.zsh'
