[1.774s] DEBUG:colcon:Command line arguments: ['/usr/bin/colcon', 'build', '--symlink-install']
[1.774s] DEBUG:colcon:Parsed command line arguments: Namespace(log_base=None, log_level=None, verb_name='build', build_base='build', install_base='install', merge_install=False, symlink_install=True, test_result_base=None, continue_on_error=False, executor='parallel', parallel_workers=4, event_handlers=None, ignore_user_meta=False, metas=['./colcon.meta'], base_paths=['.'], packages_ignore=None, packages_ignore_regex=None, paths=None, packages_up_to=None, packages_up_to_regex=None, packages_above=None, packages_above_and_dependencies=None, packages_above_depth=None, packages_select_by_dep=None, packages_skip_by_dep=None, packages_skip_up_to=None, packages_select_build_failed=False, packages_skip_build_finished=False, packages_select_test_failures=False, packages_skip_test_passed=False, packages_select=None, packages_skip=None, packages_select_regex=None, packages_skip_regex=None, packages_start=None, packages_end=None, allow_overriding=[], cmake_args=None, cmake_target=None, cmake_target_skip_unavailable=False, cmake_clean_cache=False, cmake_clean_first=False, cmake_force_configure=False, ament_cmake_args=None, catkin_cmake_args=None, catkin_skip_building_tests=False, verb_parser=<colcon_defaults.argument_parser.defaults.DefaultArgumentsDecorator object at 0x7c8596040ca0>, verb_extension=<colcon_core.verb.build.BuildVerb object at 0x7c8596040100>, main=<bound method BuildVerb.main of <colcon_core.verb.build.BuildVerb object at 0x7c8596040100>>)
[5.901s] Level 1:colcon.colcon_core.package_discovery:discover_packages(colcon_meta) check parameters
[5.901s] Level 1:colcon.colcon_core.package_discovery:discover_packages(recursive) check parameters
[5.901s] Level 1:colcon.colcon_core.package_discovery:discover_packages(ignore) check parameters
[5.901s] Level 1:colcon.colcon_core.package_discovery:discover_packages(path) check parameters
[5.901s] Level 1:colcon.colcon_core.package_discovery:discover_packages(colcon_meta) discover
[5.901s] Level 1:colcon.colcon_core.package_discovery:discover_packages(recursive) discover
[5.901s] INFO:colcon.colcon_core.package_discovery:Crawling recursively for packages in '/home/raihan/seano_ws'
[5.901s] Level 1:colcon.colcon_core.package_identification:_identify(.) by extensions ['ignore', 'ignore_ament_install']
[5.901s] Level 1:colcon.colcon_core.package_identification:_identify(.) by extension 'ignore'
[5.901s] Level 1:colcon.colcon_core.package_identification:_identify(.) by extension 'ignore_ament_install'
[5.902s] Level 1:colcon.colcon_core.package_identification:_identify(.) by extensions ['colcon_pkg']
[5.902s] Level 1:colcon.colcon_core.package_identification:_identify(.) by extension 'colcon_pkg'
[5.902s] Level 1:colcon.colcon_core.package_identification:_identify(.) by extensions ['colcon_meta']
[5.902s] Level 1:colcon.colcon_core.package_identification:_identify(.) by extension 'colcon_meta'
[5.902s] Level 1:colcon.colcon_core.package_identification:_identify(.) by extensions ['ros']
[5.902s] Level 1:colcon.colcon_core.package_identification:_identify(.) by extension 'ros'
[5.955s] Level 1:colcon.colcon_core.package_identification:_identify(.) by extensions ['cmake', 'python']
[5.956s] Level 1:colcon.colcon_core.package_identification:_identify(.) by extension 'cmake'
[5.956s] Level 1:colcon.colcon_core.package_identification:_identify(.) by extension 'python'
[5.956s] Level 1:colcon.colcon_core.package_identification:_identify(.) by extensions ['python_setup_py']
[5.956s] Level 1:colcon.colcon_core.package_identification:_identify(.) by extension 'python_setup_py'
[5.968s] Level 1:colcon.colcon_core.package_identification:_identify(build) by extensions ['ignore', 'ignore_ament_install']
[5.969s] Level 1:colcon.colcon_core.package_identification:_identify(build) by extension 'ignore'
[5.969s] Level 1:colcon.colcon_core.package_identification:_identify(build) ignored
[5.969s] Level 1:colcon.colcon_core.package_identification:_identify(install) by extensions ['ignore', 'ignore_ament_install']
[5.969s] Level 1:colcon.colcon_core.package_identification:_identify(install) by extension 'ignore'
[5.970s] Level 1:colcon.colcon_core.package_identification:_identify(install) ignored
[5.970s] Level 1:colcon.colcon_core.package_identification:_identify(log) by extensions ['ignore', 'ignore_ament_install']
[5.970s] Level 1:colcon.colcon_core.package_identification:_identify(log) by extension 'ignore'
[5.970s] Level 1:colcon.colcon_core.package_identification:_identify(log) ignored
[5.970s] Level 1:colcon.colcon_core.package_identification:_identify(src) by extensions ['ignore', 'ignore_ament_install']
[5.970s] Level 1:colcon.colcon_core.package_identification:_identify(src) by extension 'ignore'
[5.970s] Level 1:colcon.colcon_core.package_identification:_identify(src) by extension 'ignore_ament_install'
[5.970s] Level 1:colcon.colcon_core.package_identification:_identify(src) by extensions ['colcon_pkg']
[5.971s] Level 1:colcon.colcon_core.package_identification:_identify(src) by extension 'colcon_pkg'
[5.971s] Level 1:colcon.colcon_core.package_identification:_identify(src) by extensions ['colcon_meta']
[5.971s] Level 1:colcon.colcon_core.package_identification:_identify(src) by extension 'colcon_meta'
[5.971s] Level 1:colcon.colcon_core.package_identification:_identify(src) by extensions ['ros']
[5.971s] Level 1:colcon.colcon_core.package_identification:_identify(src) by extension 'ros'
[5.971s] Level 1:colcon.colcon_core.package_identification:_identify(src) by extensions ['cmake', 'python']
[5.971s] Level 1:colcon.colcon_core.package_identification:_identify(src) by extension 'cmake'
[5.971s] Level 1:colcon.colcon_core.package_identification:_identify(src) by extension 'python'
[5.971s] Level 1:colcon.colcon_core.package_identification:_identify(src) by extensions ['python_setup_py']
[5.971s] Level 1:colcon.colcon_core.package_identification:_identify(src) by extension 'python_setup_py'
[5.977s] Level 1:colcon.colcon_core.package_identification:_identify(src/build) by extensions ['ignore', 'ignore_ament_install']
[5.977s] Level 1:colcon.colcon_core.package_identification:_identify(src/build) by extension 'ignore'
[5.977s] Level 1:colcon.colcon_core.package_identification:_identify(src/build) ignored
[5.978s] Level 1:colcon.colcon_core.package_identification:_identify(src/install) by extensions ['ignore', 'ignore_ament_install']
[5.978s] Level 1:colcon.colcon_core.package_identification:_identify(src/install) by extension 'ignore'
[5.978s] Level 1:colcon.colcon_core.package_identification:_identify(src/install) ignored
[5.992s] Level 1:colcon.colcon_core.package_identification:_identify(src/log) by extensions ['ignore', 'ignore_ament_install']
[5.992s] Level 1:colcon.colcon_core.package_identification:_identify(src/log) by extension 'ignore'
[5.992s] Level 1:colcon.colcon_core.package_identification:_identify(src/log) ignored
[5.992s] Level 1:colcon.colcon_core.package_identification:_identify(src/seano_logger) by extensions ['ignore', 'ignore_ament_install']
[5.992s] Level 1:colcon.colcon_core.package_identification:_identify(src/seano_logger) by extension 'ignore'
[5.992s] Level 1:colcon.colcon_core.package_identification:_identify(src/seano_logger) by extension 'ignore_ament_install'
[5.992s] Level 1:colcon.colcon_core.package_identification:_identify(src/seano_logger) by extensions ['colcon_pkg']
[5.992s] Level 1:colcon.colcon_core.package_identification:_identify(src/seano_logger) by extension 'colcon_pkg'
[5.992s] Level 1:colcon.colcon_core.package_identification:_identify(src/seano_logger) by extensions ['colcon_meta']
[5.993s] Level 1:colcon.colcon_core.package_identification:_identify(src/seano_logger) by extension 'colcon_meta'
[5.993s] Level 1:colcon.colcon_core.package_identification:_identify(src/seano_logger) by extensions ['ros']
[5.993s] Level 1:colcon.colcon_core.package_identification:_identify(src/seano_logger) by extension 'ros'
[6.027s] DEBUG:colcon.colcon_core.package_identification:Package 'src/seano_logger' with type 'ros.ament_python' and name 'seano_logger'
[6.027s] Level 1:colcon.colcon_core.package_identification:_identify(src/seano_sensors) by extensions ['ignore', 'ignore_ament_install']
[6.028s] Level 1:colcon.colcon_core.package_identification:_identify(src/seano_sensors) by extension 'ignore'
[6.028s] Level 1:colcon.colcon_core.package_identification:_identify(src/seano_sensors) by extension 'ignore_ament_install'
[6.028s] Level 1:colcon.colcon_core.package_identification:_identify(src/seano_sensors) by extensions ['colcon_pkg']
[6.028s] Level 1:colcon.colcon_core.package_identification:_identify(src/seano_sensors) by extension 'colcon_pkg'
[6.028s] Level 1:colcon.colcon_core.package_identification:_identify(src/seano_sensors) by extensions ['colcon_meta']
[6.028s] Level 1:colcon.colcon_core.package_identification:_identify(src/seano_sensors) by extension 'colcon_meta'
[6.028s] Level 1:colcon.colcon_core.package_identification:_identify(src/seano_sensors) by extensions ['ros']
[6.028s] Level 1:colcon.colcon_core.package_identification:_identify(src/seano_sensors) by extension 'ros'
[6.044s] DEBUG:colcon.colcon_core.package_identification:Package 'src/seano_sensors' with type 'ros.ament_python' and name 'seano_sensors'
[6.044s] Level 1:colcon.colcon_core.package_discovery:discover_packages(recursive) using defaults
[6.044s] Level 1:colcon.colcon_core.package_discovery:discover_packages(ignore) discover
[6.045s] Level 1:colcon.colcon_core.package_discovery:discover_packages(ignore) using defaults
[6.045s] Level 1:colcon.colcon_core.package_discovery:discover_packages(path) discover
[6.045s] Level 1:colcon.colcon_core.package_discovery:discover_packages(path) using defaults
[6.241s] Level 1:colcon.colcon_core.package_discovery:discover_packages(prefix_path) check parameters
[6.241s] Level 1:colcon.colcon_core.package_discovery:discover_packages(prefix_path) discover
[6.413s] DEBUG:colcon.colcon_installed_package_information.package_discovery:Found 2 installed packages in /home/raihan/seano_ws/install
[6.438s] DEBUG:colcon.colcon_installed_package_information.package_discovery:Found 2 installed packages in /home/raihan/install
[6.469s] DEBUG:colcon.colcon_installed_package_information.package_discovery:Found 279 installed packages in /opt/ros/humble
[6.487s] Level 1:colcon.colcon_core.package_discovery:discover_packages(prefix_path) using defaults
[8.306s] Level 5:colcon.colcon_core.verb:set package 'seano_logger' build argument 'cmake_args' from command line to 'None'
[8.306s] Level 5:colcon.colcon_core.verb:set package 'seano_logger' build argument 'cmake_target' from command line to 'None'
[8.306s] Level 5:colcon.colcon_core.verb:set package 'seano_logger' build argument 'cmake_target_skip_unavailable' from command line to 'False'
[8.306s] Level 5:colcon.colcon_core.verb:set package 'seano_logger' build argument 'cmake_clean_cache' from command line to 'False'
[8.306s] Level 5:colcon.colcon_core.verb:set package 'seano_logger' build argument 'cmake_clean_first' from command line to 'False'
[8.307s] Level 5:colcon.colcon_core.verb:set package 'seano_logger' build argument 'cmake_force_configure' from command line to 'False'
[8.307s] Level 5:colcon.colcon_core.verb:set package 'seano_logger' build argument 'ament_cmake_args' from command line to 'None'
[8.307s] Level 5:colcon.colcon_core.verb:set package 'seano_logger' build argument 'catkin_cmake_args' from command line to 'None'
[8.307s] Level 5:colcon.colcon_core.verb:set package 'seano_logger' build argument 'catkin_skip_building_tests' from command line to 'False'
[8.307s] DEBUG:colcon.colcon_core.verb:Building package 'seano_logger' with the following arguments: {'ament_cmake_args': None, 'build_base': '/home/raihan/seano_ws/build/seano_logger', 'catkin_cmake_args': None, 'catkin_skip_building_tests': False, 'cmake_args': None, 'cmake_clean_cache': False, 'cmake_clean_first': False, 'cmake_force_configure': False, 'cmake_target': None, 'cmake_target_skip_unavailable': False, 'install_base': '/home/raihan/seano_ws/install/seano_logger', 'merge_install': False, 'path': '/home/raihan/seano_ws/src/seano_logger', 'symlink_install': True, 'test_result_base': None}
[8.308s] Level 5:colcon.colcon_core.verb:set package 'seano_sensors' build argument 'cmake_args' from command line to 'None'
[8.308s] Level 5:colcon.colcon_core.verb:set package 'seano_sensors' build argument 'cmake_target' from command line to 'None'
[8.308s] Level 5:colcon.colcon_core.verb:set package 'seano_sensors' build argument 'cmake_target_skip_unavailable' from command line to 'False'
[8.308s] Level 5:colcon.colcon_core.verb:set package 'seano_sensors' build argument 'cmake_clean_cache' from command line to 'False'
[8.308s] Level 5:colcon.colcon_core.verb:set package 'seano_sensors' build argument 'cmake_clean_first' from command line to 'False'
[8.308s] Level 5:colcon.colcon_core.verb:set package 'seano_sensors' build argument 'cmake_force_configure' from command line to 'False'
[8.308s] Level 5:colcon.colcon_core.verb:set package 'seano_sensors' build argument 'ament_cmake_args' from command line to 'None'
[8.308s] Level 5:colcon.colcon_core.verb:set package 'seano_sensors' build argument 'catkin_cmake_args' from command line to 'None'
[8.308s] Level 5:colcon.colcon_core.verb:set package 'seano_sensors' build argument 'catkin_skip_building_tests' from command line to 'False'
[8.308s] DEBUG:colcon.colcon_core.verb:Building package 'seano_sensors' with the following arguments: {'ament_cmake_args': None, 'build_base': '/home/raihan/seano_ws/build/seano_sensors', 'catkin_cmake_args': None, 'catkin_skip_building_tests': False, 'cmake_args': None, 'cmake_clean_cache': False, 'cmake_clean_first': False, 'cmake_force_configure': False, 'cmake_target': None, 'cmake_target_skip_unavailable': False, 'install_base': '/home/raihan/seano_ws/install/seano_sensors', 'merge_install': False, 'path': '/home/raihan/seano_ws/src/seano_sensors', 'symlink_install': True, 'test_result_base': None}
[8.309s] INFO:colcon.colcon_core.executor:Executing jobs using 'parallel' executor
[8.310s] DEBUG:colcon.colcon_parallel_executor.executor.parallel:run_until_complete
[8.311s] INFO:colcon.colcon_ros.task.ament_python.build:Building ROS package in '/home/raihan/seano_ws/src/seano_logger' with build type 'ament_python'
[8.311s] Level 1:colcon.colcon_core.shell:create_environment_hook('seano_logger', 'ament_prefix_path')
[8.384s] INFO:colcon.colcon_core.plugin_system:Skipping extension 'colcon_core.shell.bat': Not used on non-Windows systems
[8.385s] INFO:colcon.colcon_core.shell:Creating environment hook '/home/raihan/seano_ws/install/seano_logger/share/seano_logger/hook/ament_prefix_path.ps1'
[8.396s] INFO:colcon.colcon_core.shell:Creating environment descriptor '/home/raihan/seano_ws/install/seano_logger/share/seano_logger/hook/ament_prefix_path.dsv'
[8.421s] INFO:colcon.colcon_core.shell:Creating environment hook '/home/raihan/seano_ws/install/seano_logger/share/seano_logger/hook/ament_prefix_path.sh'
[8.424s] INFO:colcon.colcon_core.shell:Skip shell extension 'powershell' for command environment: Not usable outside of PowerShell
[8.424s] DEBUG:colcon.colcon_core.shell:Skip shell extension 'dsv' for command environment
[8.431s] INFO:colcon.colcon_ros.task.ament_python.build:Building ROS package in '/home/raihan/seano_ws/src/seano_sensors' with build type 'ament_python'
[8.432s] Level 1:colcon.colcon_core.shell:create_environment_hook('seano_sensors', 'ament_prefix_path')
[8.432s] INFO:colcon.colcon_core.shell:Creating environment hook '/home/raihan/seano_ws/install/seano_sensors/share/seano_sensors/hook/ament_prefix_path.ps1'
[8.433s] INFO:colcon.colcon_core.shell:Creating environment descriptor '/home/raihan/seano_ws/install/seano_sensors/share/seano_sensors/hook/ament_prefix_path.dsv'
[8.434s] INFO:colcon.colcon_core.shell:Creating environment hook '/home/raihan/seano_ws/install/seano_sensors/share/seano_sensors/hook/ament_prefix_path.sh'
[8.435s] INFO:colcon.colcon_core.shell:Skip shell extension 'powershell' for command environment: Not usable outside of PowerShell
[8.435s] DEBUG:colcon.colcon_core.shell:Skip shell extension 'dsv' for command environment
[9.049s] INFO:colcon.colcon_core.task.python.build:Building Python package in '/home/raihan/seano_ws/src/seano_logger'
[9.050s] INFO:colcon.colcon_core.shell:Skip shell extension 'powershell' for command environment: Not usable outside of PowerShell
[9.050s] DEBUG:colcon.colcon_core.shell:Skip shell extension 'dsv' for command environment
[9.584s] INFO:colcon.colcon_core.task.python.build:Building Python package in '/home/raihan/seano_ws/src/seano_sensors'
[9.584s] INFO:colcon.colcon_core.shell:Skip shell extension 'powershell' for command environment: Not usable outside of PowerShell
[9.584s] DEBUG:colcon.colcon_core.shell:Skip shell extension 'dsv' for command environment
[10.856s] DEBUG:colcon.colcon_core.task.python.build:While undoing a previous installation files outside the Python library path are being ignored: /home/raihan/seano_ws/install/seano_logger/share/ament_index/resource_index/packages/seano_logger
[10.857s] DEBUG:colcon.colcon_core.task.python.build:While undoing a previous installation files outside the Python library path are being ignored: /home/raihan/seano_ws/install/seano_logger/share/seano_logger/package.xml
[10.858s] DEBUG:colcon.colcon_core.task.python.build:While undoing a previous installation files outside the Python library path are being ignored: /home/raihan/seano_ws/install/seano_logger/lib/seano_logger/logger_node
[10.888s] DEBUG:colcon.colcon_core.event_handler.log_command:Invoking command in '/home/raihan/seano_ws/build/seano_logger': PYTHONPATH=/home/raihan/seano_ws/build/seano_logger/prefix_override:/usr/lib/python3/dist-packages/colcon_core/task/python/colcon_distutils_commands:/home/raihan/seano_ws/install/seano_logger/lib/python3.10/site-packages:${PYTHONPATH} /usr/bin/python3 -W ignore:setup.py install is deprecated -W ignore:easy_install command is deprecated setup.py develop --editable --build-directory /home/raihan/seano_ws/build/seano_logger/build --no-deps symlink_data --force
[10.897s] DEBUG:colcon.colcon_core.event_handler.log_command:Invoking command in '/home/raihan/seano_ws/build/seano_sensors': PYTHONPATH=/home/raihan/seano_ws/build/seano_sensors/prefix_override:/usr/lib/python3/dist-packages/colcon_core/task/python/colcon_distutils_commands:/home/raihan/seano_ws/install/seano_sensors/lib/python3.10/site-packages:${PYTHONPATH} /usr/bin/python3 -W ignore:setup.py install is deprecated -W ignore:easy_install command is deprecated setup.py develop --editable --build-directory /home/raihan/seano_ws/build/seano_sensors/build --no-deps symlink_data
[12.054s] Level 1:colcon.colcon_core.shell:create_environment_hook('seano_sensors', 'pythonpath_develop')
[12.055s] INFO:colcon.colcon_core.shell:Creating environment hook '/home/raihan/seano_ws/build/seano_sensors/share/seano_sensors/hook/pythonpath_develop.ps1'
[12.057s] INFO:colcon.colcon_core.shell:Creating environment descriptor '/home/raihan/seano_ws/build/seano_sensors/share/seano_sensors/hook/pythonpath_develop.dsv'
[12.058s] DEBUG:colcon.colcon_core.event_handler.log_command:Invoked command in '/home/raihan/seano_ws/build/seano_sensors' returned '0': PYTHONPATH=/home/raihan/seano_ws/build/seano_sensors/prefix_override:/usr/lib/python3/dist-packages/colcon_core/task/python/colcon_distutils_commands:/home/raihan/seano_ws/install/seano_sensors/lib/python3.10/site-packages:${PYTHONPATH} /usr/bin/python3 -W ignore:setup.py install is deprecated -W ignore:easy_install command is deprecated setup.py develop --editable --build-directory /home/raihan/seano_ws/build/seano_sensors/build --no-deps symlink_data
[12.059s] INFO:colcon.colcon_core.shell:Creating environment hook '/home/raihan/seano_ws/build/seano_sensors/share/seano_sensors/hook/pythonpath_develop.sh'
[12.170s] Level 1:colcon.colcon_core.environment:checking '/home/raihan/seano_ws/install/seano_sensors' for CMake module files
[12.181s] Level 1:colcon.colcon_core.environment:checking '/home/raihan/seano_ws/install/seano_sensors' for CMake config files
[12.186s] Level 1:colcon.colcon_core.environment:checking '/home/raihan/seano_ws/install/seano_sensors/lib'
[12.187s] Level 1:colcon.colcon_core.environment:checking '/home/raihan/seano_ws/install/seano_sensors/bin'
[12.187s] Level 1:colcon.colcon_core.environment:checking '/home/raihan/seano_ws/install/seano_sensors/lib/pkgconfig/seano_sensors.pc'
[12.188s] Level 1:colcon.colcon_core.environment:checking '/home/raihan/seano_ws/install/seano_sensors/lib/python3.10/site-packages'
[12.188s] Level 1:colcon.colcon_core.shell:create_environment_hook('seano_sensors', 'pythonpath')
[12.188s] INFO:colcon.colcon_core.shell:Creating environment hook '/home/raihan/seano_ws/install/seano_sensors/share/seano_sensors/hook/pythonpath.ps1'
[12.191s] INFO:colcon.colcon_core.shell:Creating environment descriptor '/home/raihan/seano_ws/install/seano_sensors/share/seano_sensors/hook/pythonpath.dsv'
[12.192s] INFO:colcon.colcon_core.shell:Creating environment hook '/home/raihan/seano_ws/install/seano_sensors/share/seano_sensors/hook/pythonpath.sh'
[12.195s] Level 1:colcon.colcon_core.environment:checking '/home/raihan/seano_ws/install/seano_sensors/bin'
[12.195s] Level 1:colcon.colcon_core.environment:create_environment_scripts_only(seano_sensors)
[12.196s] INFO:colcon.colcon_core.shell:Creating package script '/home/raihan/seano_ws/install/seano_sensors/share/seano_sensors/package.ps1'
[12.252s] INFO:colcon.colcon_core.shell:Creating package descriptor '/home/raihan/seano_ws/install/seano_sensors/share/seano_sensors/package.dsv'
[12.253s] INFO:colcon.colcon_core.shell:Creating package script '/home/raihan/seano_ws/install/seano_sensors/share/seano_sensors/package.sh'
[12.255s] INFO:colcon.colcon_core.shell:Creating package script '/home/raihan/seano_ws/install/seano_sensors/share/seano_sensors/package.bash'
[12.276s] INFO:colcon.colcon_core.shell:Creating package script '/home/raihan/seano_ws/install/seano_sensors/share/seano_sensors/package.zsh'
[12.291s] Level 1:colcon.colcon_core.environment:create_file_with_runtime_dependencies(/home/raihan/seano_ws/install/seano_sensors/share/colcon-core/packages/seano_sensors)
[12.293s] Level 1:colcon.colcon_core.shell:create_environment_hook('seano_logger', 'pythonpath_develop')
[12.294s] INFO:colcon.colcon_core.shell:Creating environment hook '/home/raihan/seano_ws/build/seano_logger/share/seano_logger/hook/pythonpath_develop.ps1'
[12.296s] DEBUG:colcon.colcon_core.event_handler.log_command:Invoked command in '/home/raihan/seano_ws/build/seano_logger' returned '0': PYTHONPATH=/home/raihan/seano_ws/build/seano_logger/prefix_override:/usr/lib/python3/dist-packages/colcon_core/task/python/colcon_distutils_commands:/home/raihan/seano_ws/install/seano_logger/lib/python3.10/site-packages:${PYTHONPATH} /usr/bin/python3 -W ignore:setup.py install is deprecated -W ignore:easy_install command is deprecated setup.py develop --editable --build-directory /home/raihan/seano_ws/build/seano_logger/build --no-deps symlink_data --force
[12.296s] INFO:colcon.colcon_core.shell:Creating environment descriptor '/home/raihan/seano_ws/build/seano_logger/share/seano_logger/hook/pythonpath_develop.dsv'
[12.297s] INFO:colcon.colcon_core.shell:Creating environment hook '/home/raihan/seano_ws/build/seano_logger/share/seano_logger/hook/pythonpath_develop.sh'
[12.298s] Level 1:colcon.colcon_core.environment:checking '/home/raihan/seano_ws/install/seano_logger' for CMake module files
[12.299s] Level 1:colcon.colcon_core.environment:checking '/home/raihan/seano_ws/install/seano_logger' for CMake config files
[12.327s] Level 1:colcon.colcon_core.environment:checking '/home/raihan/seano_ws/install/seano_logger/lib'
[12.327s] Level 1:colcon.colcon_core.environment:checking '/home/raihan/seano_ws/install/seano_logger/bin'
[12.327s] Level 1:colcon.colcon_core.environment:checking '/home/raihan/seano_ws/install/seano_logger/lib/pkgconfig/seano_logger.pc'
[12.328s] Level 1:colcon.colcon_core.environment:checking '/home/raihan/seano_ws/install/seano_logger/lib/python3.10/site-packages'
[12.328s] Level 1:colcon.colcon_core.shell:create_environment_hook('seano_logger', 'pythonpath')
[12.329s] INFO:colcon.colcon_core.shell:Creating environment hook '/home/raihan/seano_ws/install/seano_logger/share/seano_logger/hook/pythonpath.ps1'
[12.330s] INFO:colcon.colcon_core.shell:Creating environment descriptor '/home/raihan/seano_ws/install/seano_logger/share/seano_logger/hook/pythonpath.dsv'
[12.331s] INFO:colcon.colcon_core.shell:Creating environment hook '/home/raihan/seano_ws/install/seano_logger/share/seano_logger/hook/pythonpath.sh'
[12.333s] Level 1:colcon.colcon_core.environment:checking '/home/raihan/seano_ws/install/seano_logger/bin'
[12.333s] Level 1:colcon.colcon_core.environment:create_environment_scripts_only(seano_logger)
[12.334s] INFO:colcon.colcon_core.shell:Creating package script '/home/raihan/seano_ws/install/seano_logger/share/seano_logger/package.ps1'
[12.335s] INFO:colcon.colcon_core.shell:Creating package descriptor '/home/raihan/seano_ws/install/seano_logger/share/seano_logger/package.dsv'
[12.335s] INFO:colcon.colcon_core.shell:Creating package script '/home/raihan/seano_ws/install/seano_logger/share/seano_logger/package.sh'
[12.336s] INFO:colcon.colcon_core.shell:Creating package script '/home/raihan/seano_ws/install/seano_logger/share/seano_logger/package.bash'
[12.337s] INFO:colcon.colcon_core.shell:Creating package script '/home/raihan/seano_ws/install/seano_logger/share/seano_logger/package.zsh'
[12.338s] Level 1:colcon.colcon_core.environment:create_file_with_runtime_dependencies(/home/raihan/seano_ws/install/seano_logger/share/colcon-core/packages/seano_logger)
[12.338s] DEBUG:colcon.colcon_parallel_executor.executor.parallel:closing loop
[12.338s] DEBUG:colcon.colcon_parallel_executor.executor.parallel:loop closed
[12.338s] DEBUG:colcon.colcon_parallel_executor.executor.parallel:run_until_complete finished with '0'
[12.339s] DEBUG:colcon.colcon_core.event_reactor:joining thread
[12.449s] INFO:colcon.colcon_core.plugin_system:Skipping extension 'colcon_notification.desktop_notification.terminal_notifier': Not used on non-Darwin systems
[12.449s] INFO:colcon.colcon_core.plugin_system:Skipping extension 'colcon_notification.desktop_notification.win32': Not used on non-Windows systems
[12.450s] INFO:colcon.colcon_notification.desktop_notification:Sending desktop notification using 'notify2'
[12.472s] DEBUG:colcon.colcon_core.event_reactor:joined thread
[12.473s] INFO:colcon.colcon_core.shell:Creating prefix script '/home/raihan/seano_ws/install/local_setup.ps1'
[12.510s] INFO:colcon.colcon_core.shell:Creating prefix util module '/home/raihan/seano_ws/install/_local_setup_util_ps1.py'
[12.514s] INFO:colcon.colcon_core.shell:Creating prefix chain script '/home/raihan/seano_ws/install/setup.ps1'
[12.516s] INFO:colcon.colcon_core.shell:Creating prefix script '/home/raihan/seano_ws/install/local_setup.sh'
[12.518s] INFO:colcon.colcon_core.shell:Creating prefix util module '/home/raihan/seano_ws/install/_local_setup_util_sh.py'
[12.519s] INFO:colcon.colcon_core.shell:Creating prefix chain script '/home/raihan/seano_ws/install/setup.sh'
[12.521s] INFO:colcon.colcon_core.shell:Creating prefix script '/home/raihan/seano_ws/install/local_setup.bash'
[12.523s] INFO:colcon.colcon_core.shell:Creating prefix chain script '/home/raihan/seano_ws/install/setup.bash'
[12.527s] INFO:colcon.colcon_core.shell:Creating prefix script '/home/raihan/seano_ws/install/local_setup.zsh'
[12.528s] INFO:colcon.colcon_core.shell:Creating prefix chain script '/home/raihan/seano_ws/install/setup.zsh'
