[3.003s] Invoking command in '/home/raihan/seano_ws/src/seano_logger': PYTHONPATH=/home/raihan/seano_ws/build/seano_logger/prefix_override:/usr/lib/python3/dist-packages/colcon_core/task/python/colcon_distutils_commands:/home/raihan/seano_ws/install/seano_logger/lib/python3.10/site-packages:${PYTHONPATH} /usr/bin/python3 -W ignore:setup.py install is deprecated -W ignore:easy_install command is deprecated setup.py egg_info --egg-base ../../build/seano_logger build --build-base /home/raihan/seano_ws/build/seano_logger/build install --record /home/raihan/seano_ws/build/seano_logger/install.log --single-version-externally-managed install_data
[3.625s] running egg_info
[3.627s] writing ../../build/seano_logger/seano_logger.egg-info/PKG-INFO
[3.627s] writing dependency_links to ../../build/seano_logger/seano_logger.egg-info/dependency_links.txt
[3.627s] writing entry points to ../../build/seano_logger/seano_logger.egg-info/entry_points.txt
[3.631s] writing requirements to ../../build/seano_logger/seano_logger.egg-info/requires.txt
[3.631s] writing top-level names to ../../build/seano_logger/seano_logger.egg-info/top_level.txt
[3.632s] reading manifest file '../../build/seano_logger/seano_logger.egg-info/SOURCES.txt'
[3.636s] writing manifest file '../../build/seano_logger/seano_logger.egg-info/SOURCES.txt'
[3.636s] running build
[3.636s] running build_py
[3.637s] copying seano_logger/logger_node.py -> /home/raihan/seano_ws/build/seano_logger/build/lib/seano_logger
[3.711s] running install
[3.712s] running install_lib
[3.713s] copying /home/raihan/seano_ws/build/seano_logger/build/lib/seano_logger/logger_node.py -> /home/raihan/seano_ws/install/seano_logger/lib/python3.10/site-packages/seano_logger
[3.715s] byte-compiling /home/raihan/seano_ws/install/seano_logger/lib/python3.10/site-packages/seano_logger/logger_node.py to logger_node.cpython-310.pyc
[3.721s] running install_data
[3.722s] running install_egg_info
[3.725s] removing '/home/raihan/seano_ws/install/seano_logger/lib/python3.10/site-packages/seano_logger-0.0.0-py3.10.egg-info' (and everything under it)
[3.725s] Copying ../../build/seano_logger/seano_logger.egg-info to /home/raihan/seano_ws/install/seano_logger/lib/python3.10/site-packages/seano_logger-0.0.0-py3.10.egg-info
[3.727s] running install_scripts
[3.767s] Installing logger_node script to /home/raihan/seano_ws/install/seano_logger/lib/seano_logger
[3.768s] writing list of installed files to '/home/raihan/seano_ws/build/seano_logger/install.log'
[4.053s] Invoked command in '/home/raihan/seano_ws/src/seano_logger' returned '0': PYTHONPATH=/home/raihan/seano_ws/build/seano_logger/prefix_override:/usr/lib/python3/dist-packages/colcon_core/task/python/colcon_distutils_commands:/home/raihan/seano_ws/install/seano_logger/lib/python3.10/site-packages:${PYTHONPATH} /usr/bin/python3 -W ignore:setup.py install is deprecated -W ignore:easy_install command is deprecated setup.py egg_info --egg-base ../../build/seano_logger build --build-base /home/raihan/seano_ws/build/seano_logger/build install --record /home/raihan/seano_ws/build/seano_logger/install.log --single-version-externally-managed install_data
