[0.954s] Invoking command in '/home/raihan/seano_ws/src/seano_logger': PYTHONPATH=/home/raihan/seano_ws/build/seano_logger/prefix_override:/usr/lib/python3/dist-packages/colcon_core/task/python/colcon_distutils_commands:/home/raihan/seano_ws/install/seano_logger/lib/python3.10/site-packages:${PYTHONPATH} /usr/bin/python3 -W ignore:setup.py install is deprecated -W ignore:easy_install command is deprecated setup.py egg_info --egg-base ../../build/seano_logger build --build-base /home/raihan/seano_ws/build/seano_logger/build install --record /home/raihan/seano_ws/build/seano_logger/install.log --single-version-externally-managed install_data
[1.319s] running egg_info
[1.320s] writing ../../build/seano_logger/seano_logger.egg-info/PKG-INFO
[1.320s] writing dependency_links to ../../build/seano_logger/seano_logger.egg-info/dependency_links.txt
[1.320s] writing entry points to ../../build/seano_logger/seano_logger.egg-info/entry_points.txt
[1.321s] writing requirements to ../../build/seano_logger/seano_logger.egg-info/requires.txt
[1.321s] writing top-level names to ../../build/seano_logger/seano_logger.egg-info/top_level.txt
[1.324s] reading manifest file '../../build/seano_logger/seano_logger.egg-info/SOURCES.txt'
[1.326s] writing manifest file '../../build/seano_logger/seano_logger.egg-info/SOURCES.txt'
[1.326s] running build
[1.326s] running build_py
[1.326s] copying seano_logger/logger_node.py -> /home/raihan/seano_ws/build/seano_logger/build/lib/seano_logger
[1.327s] running install
[1.327s] running install_lib
[1.328s] copying /home/raihan/seano_ws/build/seano_logger/build/lib/seano_logger/logger_node.py -> /home/raihan/seano_ws/install/seano_logger/lib/python3.10/site-packages/seano_logger
[1.331s] byte-compiling /home/raihan/seano_ws/install/seano_logger/lib/python3.10/site-packages/seano_logger/logger_node.py to logger_node.cpython-310.pyc
[1.334s] running install_data
[1.334s] running install_egg_info
[1.337s] removing '/home/raihan/seano_ws/install/seano_logger/lib/python3.10/site-packages/seano_logger-0.0.0-py3.10.egg-info' (and everything under it)
[1.338s] Copying ../../build/seano_logger/seano_logger.egg-info to /home/raihan/seano_ws/install/seano_logger/lib/python3.10/site-packages/seano_logger-0.0.0-py3.10.egg-info
[1.339s] running install_scripts
[1.371s] Installing logger_node script to /home/raihan/seano_ws/install/seano_logger/lib/seano_logger
[1.372s] writing list of installed files to '/home/raihan/seano_ws/build/seano_logger/install.log'
[1.408s] Invoked command in '/home/raihan/seano_ws/src/seano_logger' returned '0': PYTHONPATH=/home/raihan/seano_ws/build/seano_logger/prefix_override:/usr/lib/python3/dist-packages/colcon_core/task/python/colcon_distutils_commands:/home/raihan/seano_ws/install/seano_logger/lib/python3.10/site-packages:${PYTHONPATH} /usr/bin/python3 -W ignore:setup.py install is deprecated -W ignore:easy_install command is deprecated setup.py egg_info --egg-base ../../build/seano_logger build --build-base /home/raihan/seano_ws/build/seano_logger/build install --record /home/raihan/seano_ws/build/seano_logger/install.log --single-version-externally-managed install_data
