[1.527s] Invoking command in '/home/raihan/seano_ws/src/seano_sensors': PYTHONPATH=/home/raihan/seano_ws/build/seano_sensors/prefix_override:/usr/lib/python3/dist-packages/colcon_core/task/python/colcon_distutils_commands:/home/raihan/seano_ws/install/seano_sensors/lib/python3.10/site-packages:${PYTHONPATH} /usr/bin/python3 -W ignore:setup.py install is deprecated -W ignore:easy_install command is deprecated setup.py egg_info --egg-base ../../build/seano_sensors build --build-base /home/raihan/seano_ws/build/seano_sensors/build install --record /home/raihan/seano_ws/build/seano_sensors/install.log --single-version-externally-managed install_data
[1.955s] running egg_info
[1.956s] writing ../../build/seano_sensors/seano_sensors.egg-info/PKG-INFO
[1.957s] writing dependency_links to ../../build/seano_sensors/seano_sensors.egg-info/dependency_links.txt
[1.957s] writing entry points to ../../build/seano_sensors/seano_sensors.egg-info/entry_points.txt
[1.957s] writing requirements to ../../build/seano_sensors/seano_sensors.egg-info/requires.txt
[1.958s] writing top-level names to ../../build/seano_sensors/seano_sensors.egg-info/top_level.txt
[1.962s] reading manifest file '../../build/seano_sensors/seano_sensors.egg-info/SOURCES.txt'
[1.964s] writing manifest file '../../build/seano_sensors/seano_sensors.egg-info/SOURCES.txt'
[1.964s] running build
[1.965s] running build_py
[1.965s] copying seano_sensors/sbes_reader.py -> /home/raihan/seano_ws/build/seano_sensors/build/lib/seano_sensors
[1.966s] running install
[1.966s] running install_lib
[1.968s] copying /home/raihan/seano_ws/build/seano_sensors/build/lib/seano_sensors/sbes_reader.py -> /home/raihan/seano_ws/install/seano_sensors/lib/python3.10/site-packages/seano_sensors
[1.970s] byte-compiling /home/raihan/seano_ws/install/seano_sensors/lib/python3.10/site-packages/seano_sensors/sbes_reader.py to sbes_reader.cpython-310.pyc
[1.971s] running install_data
[1.972s] running install_egg_info
[1.976s] removing '/home/raihan/seano_ws/install/seano_sensors/lib/python3.10/site-packages/seano_sensors-0.0.0-py3.10.egg-info' (and everything under it)
[1.976s] Copying ../../build/seano_sensors/seano_sensors.egg-info to /home/raihan/seano_ws/install/seano_sensors/lib/python3.10/site-packages/seano_sensors-0.0.0-py3.10.egg-info
[1.978s] running install_scripts
[2.027s] Installing adcp_reader script to /home/raihan/seano_ws/install/seano_sensors/lib/seano_sensors
[2.027s] Installing battery_reader script to /home/raihan/seano_ws/install/seano_sensors/lib/seano_sensors
[2.027s] Installing ctd_reader script to /home/raihan/seano_ws/install/seano_sensors/lib/seano_sensors
[2.028s] Installing gps_reader script to /home/raihan/seano_ws/install/seano_sensors/lib/seano_sensors
[2.028s] Installing imu_reader script to /home/raihan/seano_ws/install/seano_sensors/lib/seano_sensors
[2.028s] Installing sbes_reader script to /home/raihan/seano_ws/install/seano_sensors/lib/seano_sensors
[2.029s] writing list of installed files to '/home/raihan/seano_ws/build/seano_sensors/install.log'
[2.084s] Invoked command in '/home/raihan/seano_ws/src/seano_sensors' returned '0': PYTHONPATH=/home/raihan/seano_ws/build/seano_sensors/prefix_override:/usr/lib/python3/dist-packages/colcon_core/task/python/colcon_distutils_commands:/home/raihan/seano_ws/install/seano_sensors/lib/python3.10/site-packages:${PYTHONPATH} /usr/bin/python3 -W ignore:setup.py install is deprecated -W ignore:easy_install command is deprecated setup.py egg_info --egg-base ../../build/seano_sensors build --build-base /home/raihan/seano_ws/build/seano_sensors/build install --record /home/raihan/seano_ws/build/seano_sensors/install.log --single-version-externally-managed install_data
