[2.359s] Invoking command in '/home/raihan/seano_ws/src/seano_logger': PYTHONPATH=/home/raihan/seano_ws/build/seano_logger/prefix_override:/usr/lib/python3/dist-packages/colcon_core/task/python/colcon_distutils_commands:/home/raihan/seano_ws/install/seano_logger/lib/python3.10/site-packages:${PYTHONPATH} /usr/bin/python3 -W ignore:setup.py install is deprecated -W ignore:easy_install command is deprecated setup.py egg_info --egg-base ../../build/seano_logger build --build-base /home/raihan/seano_ws/build/seano_logger/build install --record /home/raihan/seano_ws/build/seano_logger/install.log --single-version-externally-managed install_data
[2.996s] running egg_info
[2.997s] writing ../../build/seano_logger/seano_logger.egg-info/PKG-INFO
[2.998s] writing dependency_links to ../../build/seano_logger/seano_logger.egg-info/dependency_links.txt
[2.998s] writing entry points to ../../build/seano_logger/seano_logger.egg-info/entry_points.txt
[2.998s] writing requirements to ../../build/seano_logger/seano_logger.egg-info/requires.txt
[2.998s] writing top-level names to ../../build/seano_logger/seano_logger.egg-info/top_level.txt
[3.002s] reading manifest file '../../build/seano_logger/seano_logger.egg-info/SOURCES.txt'
[3.003s] writing manifest file '../../build/seano_logger/seano_logger.egg-info/SOURCES.txt'
[3.004s] running build
[3.004s] running build_py
[3.004s] running install
[3.005s] running install_lib
[3.007s] running install_data
[3.007s] running install_egg_info
[3.010s] removing '/home/raihan/seano_ws/install/seano_logger/lib/python3.10/site-packages/seano_logger-0.0.0-py3.10.egg-info' (and everything under it)
[3.010s] Copying ../../build/seano_logger/seano_logger.egg-info to /home/raihan/seano_ws/install/seano_logger/lib/python3.10/site-packages/seano_logger-0.0.0-py3.10.egg-info
[3.056s] running install_scripts
[3.092s] Installing logger_node script to /home/raihan/seano_ws/install/seano_logger/lib/seano_logger
[3.092s] writing list of installed files to '/home/raihan/seano_ws/build/seano_logger/install.log'
[3.131s] Invoked command in '/home/raihan/seano_ws/src/seano_logger' returned '0': PYTHONPATH=/home/raihan/seano_ws/build/seano_logger/prefix_override:/usr/lib/python3/dist-packages/colcon_core/task/python/colcon_distutils_commands:/home/raihan/seano_ws/install/seano_logger/lib/python3.10/site-packages:${PYTHONPATH} /usr/bin/python3 -W ignore:setup.py install is deprecated -W ignore:easy_install command is deprecated setup.py egg_info --egg-base ../../build/seano_logger build --build-base /home/raihan/seano_ws/build/seano_logger/build install --record /home/raihan/seano_ws/build/seano_logger/install.log --single-version-externally-managed install_data
