[2.797s] Invoking command in '/home/raihan/seano_ws/src/seano_sensors': PYTHONPATH=/home/raihan/seano_ws/build/seano_sensors/prefix_override:/usr/lib/python3/dist-packages/colcon_core/task/python/colcon_distutils_commands:/home/raihan/seano_ws/install/seano_sensors/lib/python3.10/site-packages:${PYTHONPATH} /usr/bin/python3 -W ignore:setup.py install is deprecated -W ignore:easy_install command is deprecated setup.py egg_info --egg-base ../../build/seano_sensors build --build-base /home/raihan/seano_ws/build/seano_sensors/build install --record /home/raihan/seano_ws/build/seano_sensors/install.log --single-version-externally-managed install_data
[3.331s] running egg_info
[3.333s] writing ../../build/seano_sensors/seano_sensors.egg-info/PKG-INFO
[3.333s] writing dependency_links to ../../build/seano_sensors/seano_sensors.egg-info/dependency_links.txt
[3.333s] writing entry points to ../../build/seano_sensors/seano_sensors.egg-info/entry_points.txt
[3.333s] writing requirements to ../../build/seano_sensors/seano_sensors.egg-info/requires.txt
[3.333s] writing top-level names to ../../build/seano_sensors/seano_sensors.egg-info/top_level.txt
[3.341s] reading manifest file '../../build/seano_sensors/seano_sensors.egg-info/SOURCES.txt'
[3.343s] writing manifest file '../../build/seano_sensors/seano_sensors.egg-info/SOURCES.txt'
[3.346s] running build
[3.346s] running build_py
[3.347s] running install
[3.348s] running install_lib
[3.353s] running install_data
[3.354s] running install_egg_info
[3.362s] removing '/home/raihan/seano_ws/install/seano_sensors/lib/python3.10/site-packages/seano_sensors-0.0.0-py3.10.egg-info' (and everything under it)
[3.364s] Copying ../../build/seano_sensors/seano_sensors.egg-info to /home/raihan/seano_ws/install/seano_sensors/lib/python3.10/site-packages/seano_sensors-0.0.0-py3.10.egg-info
[3.365s] running install_scripts
[3.421s] Installing adcp_reader script to /home/raihan/seano_ws/install/seano_sensors/lib/seano_sensors
[3.422s] Installing battery_reader script to /home/raihan/seano_ws/install/seano_sensors/lib/seano_sensors
[3.422s] Installing ctd_reader script to /home/raihan/seano_ws/install/seano_sensors/lib/seano_sensors
[3.422s] Installing gps_reader script to /home/raihan/seano_ws/install/seano_sensors/lib/seano_sensors
[3.423s] Installing imu_reader script to /home/raihan/seano_ws/install/seano_sensors/lib/seano_sensors
[3.423s] Installing sbes_reader script to /home/raihan/seano_ws/install/seano_sensors/lib/seano_sensors
[3.424s] writing list of installed files to '/home/raihan/seano_ws/build/seano_sensors/install.log'
[3.477s] Invoked command in '/home/raihan/seano_ws/src/seano_sensors' returned '0': PYTHONPATH=/home/raihan/seano_ws/build/seano_sensors/prefix_override:/usr/lib/python3/dist-packages/colcon_core/task/python/colcon_distutils_commands:/home/raihan/seano_ws/install/seano_sensors/lib/python3.10/site-packages:${PYTHONPATH} /usr/bin/python3 -W ignore:setup.py install is deprecated -W ignore:easy_install command is deprecated setup.py egg_info --egg-base ../../build/seano_sensors build --build-base /home/raihan/seano_ws/build/seano_sensors/build install --record /home/raihan/seano_ws/build/seano_sensors/install.log --single-version-externally-managed install_data
