[2.255s] Invoking command in '/home/raihan/seano_ws/src/seano_sensors': PYTHONPATH=/home/raihan/seano_ws/build/seano_sensors/prefix_override:/usr/lib/python3/dist-packages/colcon_core/task/python/colcon_distutils_commands:/home/raihan/seano_ws/install/seano_sensors/lib/python3.10/site-packages:${PYTHONPATH} /usr/bin/python3 -W ignore:setup.py install is deprecated -W ignore:easy_install command is deprecated setup.py egg_info --egg-base ../../build/seano_sensors build --build-base /home/raihan/seano_ws/build/seano_sensors/build install --record /home/raihan/seano_ws/build/seano_sensors/install.log --single-version-externally-managed install_data
[2.869s] running egg_info
[2.870s] writing ../../build/seano_sensors/seano_sensors.egg-info/PKG-INFO
[2.965s] writing dependency_links to ../../build/seano_sensors/seano_sensors.egg-info/dependency_links.txt
[3.021s] writing entry points to ../../build/seano_sensors/seano_sensors.egg-info/entry_points.txt
[3.022s] writing requirements to ../../build/seano_sensors/seano_sensors.egg-info/requires.txt
[3.022s] writing top-level names to ../../build/seano_sensors/seano_sensors.egg-info/top_level.txt
[3.027s] reading manifest file '../../build/seano_sensors/seano_sensors.egg-info/SOURCES.txt'
[3.029s] writing manifest file '../../build/seano_sensors/seano_sensors.egg-info/SOURCES.txt'
[3.029s] running build
[3.029s] running build_py
[3.029s] copying seano_sensors/battery_reader.py -> /home/raihan/seano_ws/build/seano_sensors/build/lib/seano_sensors
[3.029s] copying seano_sensors/gps_reader.py -> /home/raihan/seano_ws/build/seano_sensors/build/lib/seano_sensors
[3.030s] copying seano_sensors/imu_reader.py -> /home/raihan/seano_ws/build/seano_sensors/build/lib/seano_sensors
[3.030s] copying seano_sensors/adcp_reader.py -> /home/raihan/seano_ws/build/seano_sensors/build/lib/seano_sensors
[3.030s] copying seano_sensors/sbes_reader.py -> /home/raihan/seano_ws/build/seano_sensors/build/lib/seano_sensors
[3.031s] copying seano_sensors/ctd_reader.py -> /home/raihan/seano_ws/build/seano_sensors/build/lib/seano_sensors
[3.031s] running install
[3.032s] running install_lib
[3.033s] copying /home/raihan/seano_ws/build/seano_sensors/build/lib/seano_sensors/battery_reader.py -> /home/raihan/seano_ws/install/seano_sensors/lib/python3.10/site-packages/seano_sensors
[3.034s] copying /home/raihan/seano_ws/build/seano_sensors/build/lib/seano_sensors/gps_reader.py -> /home/raihan/seano_ws/install/seano_sensors/lib/python3.10/site-packages/seano_sensors
[3.034s] copying /home/raihan/seano_ws/build/seano_sensors/build/lib/seano_sensors/imu_reader.py -> /home/raihan/seano_ws/install/seano_sensors/lib/python3.10/site-packages/seano_sensors
[3.034s] copying /home/raihan/seano_ws/build/seano_sensors/build/lib/seano_sensors/adcp_reader.py -> /home/raihan/seano_ws/install/seano_sensors/lib/python3.10/site-packages/seano_sensors
[3.034s] copying /home/raihan/seano_ws/build/seano_sensors/build/lib/seano_sensors/sbes_reader.py -> /home/raihan/seano_ws/install/seano_sensors/lib/python3.10/site-packages/seano_sensors
[3.035s] copying /home/raihan/seano_ws/build/seano_sensors/build/lib/seano_sensors/ctd_reader.py -> /home/raihan/seano_ws/install/seano_sensors/lib/python3.10/site-packages/seano_sensors
[3.036s] byte-compiling /home/raihan/seano_ws/install/seano_sensors/lib/python3.10/site-packages/seano_sensors/battery_reader.py to battery_reader.cpython-310.pyc
[3.037s] byte-compiling /home/raihan/seano_ws/install/seano_sensors/lib/python3.10/site-packages/seano_sensors/gps_reader.py to gps_reader.cpython-310.pyc
[3.038s] byte-compiling /home/raihan/seano_ws/install/seano_sensors/lib/python3.10/site-packages/seano_sensors/imu_reader.py to imu_reader.cpython-310.pyc
[3.040s] byte-compiling /home/raihan/seano_ws/install/seano_sensors/lib/python3.10/site-packages/seano_sensors/adcp_reader.py to adcp_reader.cpython-310.pyc
[3.041s] byte-compiling /home/raihan/seano_ws/install/seano_sensors/lib/python3.10/site-packages/seano_sensors/sbes_reader.py to sbes_reader.cpython-310.pyc
[3.042s] byte-compiling /home/raihan/seano_ws/install/seano_sensors/lib/python3.10/site-packages/seano_sensors/ctd_reader.py to ctd_reader.cpython-310.pyc
[3.043s] running install_data
[3.044s] running install_egg_info
[3.047s] removing '/home/raihan/seano_ws/install/seano_sensors/lib/python3.10/site-packages/seano_sensors-0.0.0-py3.10.egg-info' (and everything under it)
[3.047s] Copying ../../build/seano_sensors/seano_sensors.egg-info to /home/raihan/seano_ws/install/seano_sensors/lib/python3.10/site-packages/seano_sensors-0.0.0-py3.10.egg-info
[3.106s] running install_scripts
[3.148s] Installing adcp_reader script to /home/raihan/seano_ws/install/seano_sensors/lib/seano_sensors
[3.148s] Installing battery_reader script to /home/raihan/seano_ws/install/seano_sensors/lib/seano_sensors
[3.148s] Installing ctd_reader script to /home/raihan/seano_ws/install/seano_sensors/lib/seano_sensors
[3.149s] Installing gps_reader script to /home/raihan/seano_ws/install/seano_sensors/lib/seano_sensors
[3.149s] Installing imu_reader script to /home/raihan/seano_ws/install/seano_sensors/lib/seano_sensors
[3.149s] Installing sbes_reader script to /home/raihan/seano_ws/install/seano_sensors/lib/seano_sensors
[3.150s] writing list of installed files to '/home/raihan/seano_ws/build/seano_sensors/install.log'
[3.228s] Invoked command in '/home/raihan/seano_ws/src/seano_sensors' returned '0': PYTHONPATH=/home/raihan/seano_ws/build/seano_sensors/prefix_override:/usr/lib/python3/dist-packages/colcon_core/task/python/colcon_distutils_commands:/home/raihan/seano_ws/install/seano_sensors/lib/python3.10/site-packages:${PYTHONPATH} /usr/bin/python3 -W ignore:setup.py install is deprecated -W ignore:easy_install command is deprecated setup.py egg_info --egg-base ../../build/seano_sensors build --build-base /home/raihan/seano_ws/build/seano_sensors/build install --record /home/raihan/seano_ws/build/seano_sensors/install.log --single-version-externally-managed install_data
