[2.544s] Invoking command in '/home/raihan/seano_ws/src/seano_sensors': PYTHONPATH=/home/raihan/seano_ws/build/seano_sensors/prefix_override:/usr/lib/python3/dist-packages/colcon_core/task/python/colcon_distutils_commands:/home/raihan/seano_ws/install/seano_sensors/lib/python3.10/site-packages:${PYTHONPATH} /usr/bin/python3 -W ignore:setup.py install is deprecated -W ignore:easy_install command is deprecated setup.py egg_info --egg-base ../../build/seano_sensors build --build-base /home/raihan/seano_ws/build/seano_sensors/build install --record /home/raihan/seano_ws/build/seano_sensors/install.log --single-version-externally-managed install_data
[3.006s] running egg_info
[3.008s] writing ../../build/seano_sensors/seano_sensors.egg-info/PKG-INFO
[3.008s] writing dependency_links to ../../build/seano_sensors/seano_sensors.egg-info/dependency_links.txt
[3.058s] writing entry points to ../../build/seano_sensors/seano_sensors.egg-info/entry_points.txt
[3.058s] writing requirements to ../../build/seano_sensors/seano_sensors.egg-info/requires.txt
[3.058s] writing top-level names to ../../build/seano_sensors/seano_sensors.egg-info/top_level.txt
[3.062s] reading manifest file '../../build/seano_sensors/seano_sensors.egg-info/SOURCES.txt'
[3.088s] writing manifest file '../../build/seano_sensors/seano_sensors.egg-info/SOURCES.txt'
[3.089s] running build
[3.090s] running build_py
[3.090s] copying seano_sensors/battery_reader.py -> /home/raihan/seano_ws/build/seano_sensors/build/lib/seano_sensors
[3.164s] copying seano_sensors/gps_reader.py -> /home/raihan/seano_ws/build/seano_sensors/build/lib/seano_sensors
[3.164s] copying seano_sensors/imu_reader.py -> /home/raihan/seano_ws/build/seano_sensors/build/lib/seano_sensors
[3.164s] copying seano_sensors/adcp_reader.py -> /home/raihan/seano_ws/build/seano_sensors/build/lib/seano_sensors
[3.165s] copying seano_sensors/sbes_reader.py -> /home/raihan/seano_ws/build/seano_sensors/build/lib/seano_sensors
[3.165s] copying seano_sensors/ctd_reader.py -> /home/raihan/seano_ws/build/seano_sensors/build/lib/seano_sensors
[3.165s] running install
[3.166s] running install_lib
[3.168s] copying /home/raihan/seano_ws/build/seano_sensors/build/lib/seano_sensors/battery_reader.py -> /home/raihan/seano_ws/install/seano_sensors/lib/python3.10/site-packages/seano_sensors
[3.168s] copying /home/raihan/seano_ws/build/seano_sensors/build/lib/seano_sensors/gps_reader.py -> /home/raihan/seano_ws/install/seano_sensors/lib/python3.10/site-packages/seano_sensors
[3.169s] copying /home/raihan/seano_ws/build/seano_sensors/build/lib/seano_sensors/imu_reader.py -> /home/raihan/seano_ws/install/seano_sensors/lib/python3.10/site-packages/seano_sensors
[3.170s] copying /home/raihan/seano_ws/build/seano_sensors/build/lib/seano_sensors/adcp_reader.py -> /home/raihan/seano_ws/install/seano_sensors/lib/python3.10/site-packages/seano_sensors
[3.170s] copying /home/raihan/seano_ws/build/seano_sensors/build/lib/seano_sensors/sbes_reader.py -> /home/raihan/seano_ws/install/seano_sensors/lib/python3.10/site-packages/seano_sensors
[3.170s] copying /home/raihan/seano_ws/build/seano_sensors/build/lib/seano_sensors/ctd_reader.py -> /home/raihan/seano_ws/install/seano_sensors/lib/python3.10/site-packages/seano_sensors
[3.172s] byte-compiling /home/raihan/seano_ws/install/seano_sensors/lib/python3.10/site-packages/seano_sensors/battery_reader.py to battery_reader.cpython-310.pyc
[3.174s] byte-compiling /home/raihan/seano_ws/install/seano_sensors/lib/python3.10/site-packages/seano_sensors/gps_reader.py to gps_reader.cpython-310.pyc
[3.174s] byte-compiling /home/raihan/seano_ws/install/seano_sensors/lib/python3.10/site-packages/seano_sensors/imu_reader.py to imu_reader.cpython-310.pyc
[3.175s] byte-compiling /home/raihan/seano_ws/install/seano_sensors/lib/python3.10/site-packages/seano_sensors/adcp_reader.py to adcp_reader.cpython-310.pyc
[3.177s] byte-compiling /home/raihan/seano_ws/install/seano_sensors/lib/python3.10/site-packages/seano_sensors/sbes_reader.py to sbes_reader.cpython-310.pyc
[3.178s] byte-compiling /home/raihan/seano_ws/install/seano_sensors/lib/python3.10/site-packages/seano_sensors/ctd_reader.py to ctd_reader.cpython-310.pyc
[3.179s] running install_data
[3.179s] running install_egg_info
[3.183s] removing '/home/raihan/seano_ws/install/seano_sensors/lib/python3.10/site-packages/seano_sensors-0.0.0-py3.10.egg-info' (and everything under it)
[3.183s] Copying ../../build/seano_sensors/seano_sensors.egg-info to /home/raihan/seano_ws/install/seano_sensors/lib/python3.10/site-packages/seano_sensors-0.0.0-py3.10.egg-info
[3.208s] running install_scripts
[3.272s] Installing adcp_reader script to /home/raihan/seano_ws/install/seano_sensors/lib/seano_sensors
[3.273s] Installing battery_reader script to /home/raihan/seano_ws/install/seano_sensors/lib/seano_sensors
[3.273s] Installing ctd_reader script to /home/raihan/seano_ws/install/seano_sensors/lib/seano_sensors
[3.273s] Installing gps_reader script to /home/raihan/seano_ws/install/seano_sensors/lib/seano_sensors
[3.273s] Installing imu_reader script to /home/raihan/seano_ws/install/seano_sensors/lib/seano_sensors
[3.274s] Installing sbes_reader script to /home/raihan/seano_ws/install/seano_sensors/lib/seano_sensors
[3.274s] writing list of installed files to '/home/raihan/seano_ws/build/seano_sensors/install.log'
[3.495s] Invoked command in '/home/raihan/seano_ws/src/seano_sensors' returned '0': PYTHONPATH=/home/raihan/seano_ws/build/seano_sensors/prefix_override:/usr/lib/python3/dist-packages/colcon_core/task/python/colcon_distutils_commands:/home/raihan/seano_ws/install/seano_sensors/lib/python3.10/site-packages:${PYTHONPATH} /usr/bin/python3 -W ignore:setup.py install is deprecated -W ignore:easy_install command is deprecated setup.py egg_info --egg-base ../../build/seano_sensors build --build-base /home/raihan/seano_ws/build/seano_sensors/build install --record /home/raihan/seano_ws/build/seano_sensors/install.log --single-version-externally-managed install_data
