[9.065s] DEBUG:colcon:Command line arguments: ['/usr/bin/colcon', 'build']
[9.065s] DEBUG:colcon:Parsed command line arguments: Namespace(log_base=None, log_level=None, verb_name='build', build_base='build', install_base='install', merge_install=False, symlink_install=False, test_result_base=None, continue_on_error=False, executor='parallel', parallel_workers=4, event_handlers=None, ignore_user_meta=False, metas=['./colcon.meta'], base_paths=['.'], packages_ignore=None, packages_ignore_regex=None, paths=None, packages_up_to=None, packages_up_to_regex=None, packages_above=None, packages_above_and_dependencies=None, packages_above_depth=None, packages_select_by_dep=None, packages_skip_by_dep=None, packages_skip_up_to=None, packages_select_build_failed=False, packages_skip_build_finished=False, packages_select_test_failures=False, packages_skip_test_passed=False, packages_select=None, packages_skip=None, packages_select_regex=None, packages_skip_regex=None, packages_start=None, packages_end=None, allow_overriding=[], cmake_args=None, cmake_target=None, cmake_target_skip_unavailable=False, cmake_clean_cache=False, cmake_clean_first=False, cmake_force_configure=False, ament_cmake_args=None, catkin_cmake_args=None, catkin_skip_building_tests=False, verb_parser=<colcon_defaults.argument_parser.defaults.DefaultArgumentsDecorator object at 0x7eedaec33670>, verb_extension=<colcon_core.verb.build.BuildVerb object at 0x7eedaec32ad0>, main=<bound method BuildVerb.main of <colcon_core.verb.build.BuildVerb object at 0x7eedaec32ad0>>)
[13.867s] Level 1:colcon.colcon_core.package_discovery:discover_packages(colcon_meta) check parameters
[13.867s] Level 1:colcon.colcon_core.package_discovery:discover_packages(recursive) check parameters
[13.867s] Level 1:colcon.colcon_core.package_discovery:discover_packages(ignore) check parameters
[13.868s] Level 1:colcon.colcon_core.package_discovery:discover_packages(path) check parameters
[13.868s] Level 1:colcon.colcon_core.package_discovery:discover_packages(colcon_meta) discover
[13.868s] Level 1:colcon.colcon_core.package_discovery:discover_packages(recursive) discover
[13.868s] INFO:colcon.colcon_core.package_discovery:Crawling recursively for packages in '/home/raihan/seano_ws'
[13.868s] Level 1:colcon.colcon_core.package_identification:_identify(.) by extensions ['ignore', 'ignore_ament_install']
[13.868s] Level 1:colcon.colcon_core.package_identification:_identify(.) by extension 'ignore'
[13.868s] Level 1:colcon.colcon_core.package_identification:_identify(.) by extension 'ignore_ament_install'
[13.868s] Level 1:colcon.colcon_core.package_identification:_identify(.) by extensions ['colcon_pkg']
[13.868s] Level 1:colcon.colcon_core.package_identification:_identify(.) by extension 'colcon_pkg'
[13.868s] Level 1:colcon.colcon_core.package_identification:_identify(.) by extensions ['colcon_meta']
[13.868s] Level 1:colcon.colcon_core.package_identification:_identify(.) by extension 'colcon_meta'
[13.869s] Level 1:colcon.colcon_core.package_identification:_identify(.) by extensions ['ros']
[13.869s] Level 1:colcon.colcon_core.package_identification:_identify(.) by extension 'ros'
[13.921s] Level 1:colcon.colcon_core.package_identification:_identify(.) by extensions ['cmake', 'python']
[13.921s] Level 1:colcon.colcon_core.package_identification:_identify(.) by extension 'cmake'
[13.921s] Level 1:colcon.colcon_core.package_identification:_identify(.) by extension 'python'
[13.921s] Level 1:colcon.colcon_core.package_identification:_identify(.) by extensions ['python_setup_py']
[13.921s] Level 1:colcon.colcon_core.package_identification:_identify(.) by extension 'python_setup_py'
[13.921s] Level 1:colcon.colcon_core.package_identification:_identify(build) by extensions ['ignore', 'ignore_ament_install']
[13.921s] Level 1:colcon.colcon_core.package_identification:_identify(build) by extension 'ignore'
[13.921s] Level 1:colcon.colcon_core.package_identification:_identify(build) ignored
[13.922s] Level 1:colcon.colcon_core.package_identification:_identify(install) by extensions ['ignore', 'ignore_ament_install']
[13.922s] Level 1:colcon.colcon_core.package_identification:_identify(install) by extension 'ignore'
[13.922s] Level 1:colcon.colcon_core.package_identification:_identify(install) ignored
[13.922s] Level 1:colcon.colcon_core.package_identification:_identify(log) by extensions ['ignore', 'ignore_ament_install']
[13.922s] Level 1:colcon.colcon_core.package_identification:_identify(log) by extension 'ignore'
[13.922s] Level 1:colcon.colcon_core.package_identification:_identify(log) ignored
[13.922s] Level 1:colcon.colcon_core.package_identification:_identify(src) by extensions ['ignore', 'ignore_ament_install']
[13.922s] Level 1:colcon.colcon_core.package_identification:_identify(src) by extension 'ignore'
[13.922s] Level 1:colcon.colcon_core.package_identification:_identify(src) by extension 'ignore_ament_install'
[13.922s] Level 1:colcon.colcon_core.package_identification:_identify(src) by extensions ['colcon_pkg']
[13.923s] Level 1:colcon.colcon_core.package_identification:_identify(src) by extension 'colcon_pkg'
[13.923s] Level 1:colcon.colcon_core.package_identification:_identify(src) by extensions ['colcon_meta']
[13.923s] Level 1:colcon.colcon_core.package_identification:_identify(src) by extension 'colcon_meta'
[13.923s] Level 1:colcon.colcon_core.package_identification:_identify(src) by extensions ['ros']
[13.923s] Level 1:colcon.colcon_core.package_identification:_identify(src) by extension 'ros'
[13.923s] Level 1:colcon.colcon_core.package_identification:_identify(src) by extensions ['cmake', 'python']
[13.923s] Level 1:colcon.colcon_core.package_identification:_identify(src) by extension 'cmake'
[13.923s] Level 1:colcon.colcon_core.package_identification:_identify(src) by extension 'python'
[13.923s] Level 1:colcon.colcon_core.package_identification:_identify(src) by extensions ['python_setup_py']
[13.923s] Level 1:colcon.colcon_core.package_identification:_identify(src) by extension 'python_setup_py'
[13.923s] Level 1:colcon.colcon_core.package_identification:_identify(src/build) by extensions ['ignore', 'ignore_ament_install']
[13.924s] Level 1:colcon.colcon_core.package_identification:_identify(src/build) by extension 'ignore'
[13.924s] Level 1:colcon.colcon_core.package_identification:_identify(src/build) ignored
[13.924s] Level 1:colcon.colcon_core.package_identification:_identify(src/install) by extensions ['ignore', 'ignore_ament_install']
[13.924s] Level 1:colcon.colcon_core.package_identification:_identify(src/install) by extension 'ignore'
[13.924s] Level 1:colcon.colcon_core.package_identification:_identify(src/install) ignored
[13.924s] Level 1:colcon.colcon_core.package_identification:_identify(src/log) by extensions ['ignore', 'ignore_ament_install']
[13.924s] Level 1:colcon.colcon_core.package_identification:_identify(src/log) by extension 'ignore'
[13.924s] Level 1:colcon.colcon_core.package_identification:_identify(src/log) ignored
[13.924s] Level 1:colcon.colcon_core.package_identification:_identify(src/seano_logger) by extensions ['ignore', 'ignore_ament_install']
[13.925s] Level 1:colcon.colcon_core.package_identification:_identify(src/seano_logger) by extension 'ignore'
[13.925s] Level 1:colcon.colcon_core.package_identification:_identify(src/seano_logger) by extension 'ignore_ament_install'
[13.925s] Level 1:colcon.colcon_core.package_identification:_identify(src/seano_logger) by extensions ['colcon_pkg']
[13.925s] Level 1:colcon.colcon_core.package_identification:_identify(src/seano_logger) by extension 'colcon_pkg'
[13.925s] Level 1:colcon.colcon_core.package_identification:_identify(src/seano_logger) by extensions ['colcon_meta']
[13.925s] Level 1:colcon.colcon_core.package_identification:_identify(src/seano_logger) by extension 'colcon_meta'
[13.925s] Level 1:colcon.colcon_core.package_identification:_identify(src/seano_logger) by extensions ['ros']
[13.925s] Level 1:colcon.colcon_core.package_identification:_identify(src/seano_logger) by extension 'ros'
[13.960s] DEBUG:colcon.colcon_core.package_identification:Package 'src/seano_logger' with type 'ros.ament_python' and name 'seano_logger'
[13.961s] Level 1:colcon.colcon_core.package_identification:_identify(src/seano_sensors) by extensions ['ignore', 'ignore_ament_install']
[13.961s] Level 1:colcon.colcon_core.package_identification:_identify(src/seano_sensors) by extension 'ignore'
[13.961s] Level 1:colcon.colcon_core.package_identification:_identify(src/seano_sensors) by extension 'ignore_ament_install'
[13.961s] Level 1:colcon.colcon_core.package_identification:_identify(src/seano_sensors) by extensions ['colcon_pkg']
[13.961s] Level 1:colcon.colcon_core.package_identification:_identify(src/seano_sensors) by extension 'colcon_pkg'
[13.961s] Level 1:colcon.colcon_core.package_identification:_identify(src/seano_sensors) by extensions ['colcon_meta']
[13.961s] Level 1:colcon.colcon_core.package_identification:_identify(src/seano_sensors) by extension 'colcon_meta'
[13.961s] Level 1:colcon.colcon_core.package_identification:_identify(src/seano_sensors) by extensions ['ros']
[13.961s] Level 1:colcon.colcon_core.package_identification:_identify(src/seano_sensors) by extension 'ros'
[13.977s] DEBUG:colcon.colcon_core.package_identification:Package 'src/seano_sensors' with type 'ros.ament_python' and name 'seano_sensors'
[13.977s] Level 1:colcon.colcon_core.package_discovery:discover_packages(recursive) using defaults
[13.977s] Level 1:colcon.colcon_core.package_discovery:discover_packages(ignore) discover
[13.977s] Level 1:colcon.colcon_core.package_discovery:discover_packages(ignore) using defaults
[13.977s] Level 1:colcon.colcon_core.package_discovery:discover_packages(path) discover
[13.977s] Level 1:colcon.colcon_core.package_discovery:discover_packages(path) using defaults
[14.360s] Level 1:colcon.colcon_core.package_discovery:discover_packages(prefix_path) check parameters
[14.360s] Level 1:colcon.colcon_core.package_discovery:discover_packages(prefix_path) discover
[14.403s] DEBUG:colcon.colcon_installed_package_information.package_discovery:Found 279 installed packages in /opt/ros/humble
[14.420s] Level 1:colcon.colcon_core.package_discovery:discover_packages(prefix_path) using defaults
[16.327s] Level 5:colcon.colcon_core.verb:set package 'seano_logger' build argument 'cmake_args' from command line to 'None'
[16.327s] Level 5:colcon.colcon_core.verb:set package 'seano_logger' build argument 'cmake_target' from command line to 'None'
[16.327s] Level 5:colcon.colcon_core.verb:set package 'seano_logger' build argument 'cmake_target_skip_unavailable' from command line to 'False'
[16.327s] Level 5:colcon.colcon_core.verb:set package 'seano_logger' build argument 'cmake_clean_cache' from command line to 'False'
[16.327s] Level 5:colcon.colcon_core.verb:set package 'seano_logger' build argument 'cmake_clean_first' from command line to 'False'
[16.327s] Level 5:colcon.colcon_core.verb:set package 'seano_logger' build argument 'cmake_force_configure' from command line to 'False'
[16.327s] Level 5:colcon.colcon_core.verb:set package 'seano_logger' build argument 'ament_cmake_args' from command line to 'None'
[16.327s] Level 5:colcon.colcon_core.verb:set package 'seano_logger' build argument 'catkin_cmake_args' from command line to 'None'
[16.327s] Level 5:colcon.colcon_core.verb:set package 'seano_logger' build argument 'catkin_skip_building_tests' from command line to 'False'
[16.327s] DEBUG:colcon.colcon_core.verb:Building package 'seano_logger' with the following arguments: {'ament_cmake_args': None, 'build_base': '/home/raihan/seano_ws/build/seano_logger', 'catkin_cmake_args': None, 'catkin_skip_building_tests': False, 'cmake_args': None, 'cmake_clean_cache': False, 'cmake_clean_first': False, 'cmake_force_configure': False, 'cmake_target': None, 'cmake_target_skip_unavailable': False, 'install_base': '/home/raihan/seano_ws/install/seano_logger', 'merge_install': False, 'path': '/home/raihan/seano_ws/src/seano_logger', 'symlink_install': False, 'test_result_base': None}
[16.328s] Level 5:colcon.colcon_core.verb:set package 'seano_sensors' build argument 'cmake_args' from command line to 'None'
[16.328s] Level 5:colcon.colcon_core.verb:set package 'seano_sensors' build argument 'cmake_target' from command line to 'None'
[16.328s] Level 5:colcon.colcon_core.verb:set package 'seano_sensors' build argument 'cmake_target_skip_unavailable' from command line to 'False'
[16.328s] Level 5:colcon.colcon_core.verb:set package 'seano_sensors' build argument 'cmake_clean_cache' from command line to 'False'
[16.328s] Level 5:colcon.colcon_core.verb:set package 'seano_sensors' build argument 'cmake_clean_first' from command line to 'False'
[16.328s] Level 5:colcon.colcon_core.verb:set package 'seano_sensors' build argument 'cmake_force_configure' from command line to 'False'
[16.328s] Level 5:colcon.colcon_core.verb:set package 'seano_sensors' build argument 'ament_cmake_args' from command line to 'None'
[16.328s] Level 5:colcon.colcon_core.verb:set package 'seano_sensors' build argument 'catkin_cmake_args' from command line to 'None'
[16.328s] Level 5:colcon.colcon_core.verb:set package 'seano_sensors' build argument 'catkin_skip_building_tests' from command line to 'False'
[16.328s] DEBUG:colcon.colcon_core.verb:Building package 'seano_sensors' with the following arguments: {'ament_cmake_args': None, 'build_base': '/home/raihan/seano_ws/build/seano_sensors', 'catkin_cmake_args': None, 'catkin_skip_building_tests': False, 'cmake_args': None, 'cmake_clean_cache': False, 'cmake_clean_first': False, 'cmake_force_configure': False, 'cmake_target': None, 'cmake_target_skip_unavailable': False, 'install_base': '/home/raihan/seano_ws/install/seano_sensors', 'merge_install': False, 'path': '/home/raihan/seano_ws/src/seano_sensors', 'symlink_install': False, 'test_result_base': None}
[16.328s] INFO:colcon.colcon_core.executor:Executing jobs using 'parallel' executor
[16.330s] DEBUG:colcon.colcon_parallel_executor.executor.parallel:run_until_complete
[16.330s] INFO:colcon.colcon_ros.task.ament_python.build:Building ROS package in '/home/raihan/seano_ws/src/seano_logger' with build type 'ament_python'
[16.330s] Level 1:colcon.colcon_core.shell:create_environment_hook('seano_logger', 'ament_prefix_path')
[16.411s] INFO:colcon.colcon_core.plugin_system:Skipping extension 'colcon_core.shell.bat': Not used on non-Windows systems
[16.411s] INFO:colcon.colcon_core.shell:Creating environment hook '/home/raihan/seano_ws/install/seano_logger/share/seano_logger/hook/ament_prefix_path.ps1'
[16.423s] INFO:colcon.colcon_core.shell:Creating environment descriptor '/home/raihan/seano_ws/install/seano_logger/share/seano_logger/hook/ament_prefix_path.dsv'
[16.433s] INFO:colcon.colcon_core.shell:Creating environment hook '/home/raihan/seano_ws/install/seano_logger/share/seano_logger/hook/ament_prefix_path.sh'
[16.435s] INFO:colcon.colcon_core.shell:Skip shell extension 'powershell' for command environment: Not usable outside of PowerShell
[16.435s] DEBUG:colcon.colcon_core.shell:Skip shell extension 'dsv' for command environment
[16.441s] INFO:colcon.colcon_ros.task.ament_python.build:Building ROS package in '/home/raihan/seano_ws/src/seano_sensors' with build type 'ament_python'
[16.442s] Level 1:colcon.colcon_core.shell:create_environment_hook('seano_sensors', 'ament_prefix_path')
[16.442s] INFO:colcon.colcon_core.shell:Creating environment hook '/home/raihan/seano_ws/install/seano_sensors/share/seano_sensors/hook/ament_prefix_path.ps1'
[16.444s] INFO:colcon.colcon_core.shell:Creating environment descriptor '/home/raihan/seano_ws/install/seano_sensors/share/seano_sensors/hook/ament_prefix_path.dsv'
[16.444s] INFO:colcon.colcon_core.shell:Creating environment hook '/home/raihan/seano_ws/install/seano_sensors/share/seano_sensors/hook/ament_prefix_path.sh'
[16.446s] INFO:colcon.colcon_core.shell:Skip shell extension 'powershell' for command environment: Not usable outside of PowerShell
[16.446s] DEBUG:colcon.colcon_core.shell:Skip shell extension 'dsv' for command environment
[16.941s] INFO:colcon.colcon_core.task.python.build:Building Python package in '/home/raihan/seano_ws/src/seano_logger'
[16.942s] INFO:colcon.colcon_core.shell:Skip shell extension 'powershell' for command environment: Not usable outside of PowerShell
[16.942s] DEBUG:colcon.colcon_core.shell:Skip shell extension 'dsv' for command environment
[17.445s] INFO:colcon.colcon_core.task.python.build:Building Python package in '/home/raihan/seano_ws/src/seano_sensors'
[17.446s] INFO:colcon.colcon_core.shell:Skip shell extension 'powershell' for command environment: Not usable outside of PowerShell
[17.446s] DEBUG:colcon.colcon_core.shell:Skip shell extension 'dsv' for command environment
[19.037s] DEBUG:colcon.colcon_core.event_handler.log_command:Invoking command in '/home/raihan/seano_ws/src/seano_logger': PYTHONPATH=/home/raihan/seano_ws/build/seano_logger/prefix_override:/usr/lib/python3/dist-packages/colcon_core/task/python/colcon_distutils_commands:/home/raihan/seano_ws/install/seano_logger/lib/python3.10/site-packages:${PYTHONPATH} /usr/bin/python3 -W ignore:setup.py install is deprecated -W ignore:easy_install command is deprecated setup.py egg_info --egg-base ../../build/seano_logger build --build-base /home/raihan/seano_ws/build/seano_logger/build install --record /home/raihan/seano_ws/build/seano_logger/install.log --single-version-externally-managed install_data
[19.042s] DEBUG:colcon.colcon_core.event_handler.log_command:Invoking command in '/home/raihan/seano_ws/build/seano_sensors': PYTHONPATH=/home/raihan/seano_ws/build/seano_sensors/prefix_override:/usr/lib/python3/dist-packages/colcon_core/task/python/colcon_distutils_commands:/home/raihan/seano_ws/install/seano_sensors/lib/python3.10/site-packages:${PYTHONPATH} /usr/bin/python3 -W ignore:setup.py install is deprecated -W ignore:easy_install command is deprecated setup.py develop --uninstall --editable --build-directory /home/raihan/seano_ws/build/seano_sensors/build
[19.612s] DEBUG:colcon.colcon_core.event_handler.log_command:Invoked command in '/home/raihan/seano_ws/src/seano_logger' returned '0': PYTHONPATH=/home/raihan/seano_ws/build/seano_logger/prefix_override:/usr/lib/python3/dist-packages/colcon_core/task/python/colcon_distutils_commands:/home/raihan/seano_ws/install/seano_logger/lib/python3.10/site-packages:${PYTHONPATH} /usr/bin/python3 -W ignore:setup.py install is deprecated -W ignore:easy_install command is deprecated setup.py egg_info --egg-base ../../build/seano_logger build --build-base /home/raihan/seano_ws/build/seano_logger/build install --record /home/raihan/seano_ws/build/seano_logger/install.log --single-version-externally-managed install_data
[19.681s] Level 1:colcon.colcon_core.environment:checking '/home/raihan/seano_ws/install/seano_logger' for CMake module files
[19.682s] Level 1:colcon.colcon_core.environment:checking '/home/raihan/seano_ws/install/seano_logger' for CMake config files
[19.683s] Level 1:colcon.colcon_core.environment:checking '/home/raihan/seano_ws/install/seano_logger/lib'
[19.683s] Level 1:colcon.colcon_core.environment:checking '/home/raihan/seano_ws/install/seano_logger/bin'
[19.683s] Level 1:colcon.colcon_core.environment:checking '/home/raihan/seano_ws/install/seano_logger/lib/pkgconfig/seano_logger.pc'
[19.683s] Level 1:colcon.colcon_core.environment:checking '/home/raihan/seano_ws/install/seano_logger/lib/python3.10/site-packages'
[19.684s] Level 1:colcon.colcon_core.shell:create_environment_hook('seano_logger', 'pythonpath')
[19.684s] INFO:colcon.colcon_core.shell:Creating environment hook '/home/raihan/seano_ws/install/seano_logger/share/seano_logger/hook/pythonpath.ps1'
[19.685s] INFO:colcon.colcon_core.shell:Creating environment descriptor '/home/raihan/seano_ws/install/seano_logger/share/seano_logger/hook/pythonpath.dsv'
[19.685s] INFO:colcon.colcon_core.shell:Creating environment hook '/home/raihan/seano_ws/install/seano_logger/share/seano_logger/hook/pythonpath.sh'
[19.686s] Level 1:colcon.colcon_core.environment:checking '/home/raihan/seano_ws/install/seano_logger/bin'
[19.686s] Level 1:colcon.colcon_core.environment:create_environment_scripts_only(seano_logger)
[19.687s] INFO:colcon.colcon_core.shell:Creating package script '/home/raihan/seano_ws/install/seano_logger/share/seano_logger/package.ps1'
[19.688s] INFO:colcon.colcon_core.shell:Creating package descriptor '/home/raihan/seano_ws/install/seano_logger/share/seano_logger/package.dsv'
[19.689s] INFO:colcon.colcon_core.shell:Creating package script '/home/raihan/seano_ws/install/seano_logger/share/seano_logger/package.sh'
[19.691s] INFO:colcon.colcon_core.shell:Creating package script '/home/raihan/seano_ws/install/seano_logger/share/seano_logger/package.bash'
[19.748s] INFO:colcon.colcon_core.shell:Creating package script '/home/raihan/seano_ws/install/seano_logger/share/seano_logger/package.zsh'
[19.788s] Level 1:colcon.colcon_core.environment:create_file_with_runtime_dependencies(/home/raihan/seano_ws/install/seano_logger/share/colcon-core/packages/seano_logger)
[19.859s] DEBUG:colcon.colcon_core.event_handler.log_command:Invoked command in '/home/raihan/seano_ws/build/seano_sensors' returned '0': PYTHONPATH=/home/raihan/seano_ws/build/seano_sensors/prefix_override:/usr/lib/python3/dist-packages/colcon_core/task/python/colcon_distutils_commands:/home/raihan/seano_ws/install/seano_sensors/lib/python3.10/site-packages:${PYTHONPATH} /usr/bin/python3 -W ignore:setup.py install is deprecated -W ignore:easy_install command is deprecated setup.py develop --uninstall --editable --build-directory /home/raihan/seano_ws/build/seano_sensors/build
[19.894s] DEBUG:colcon.colcon_core.event_handler.log_command:Invoking command in '/home/raihan/seano_ws/src/seano_sensors': PYTHONPATH=/home/raihan/seano_ws/build/seano_sensors/prefix_override:/usr/lib/python3/dist-packages/colcon_core/task/python/colcon_distutils_commands:/home/raihan/seano_ws/install/seano_sensors/lib/python3.10/site-packages:${PYTHONPATH} /usr/bin/python3 -W ignore:setup.py install is deprecated -W ignore:easy_install command is deprecated setup.py egg_info --egg-base ../../build/seano_sensors build --build-base /home/raihan/seano_ws/build/seano_sensors/build install --record /home/raihan/seano_ws/build/seano_sensors/install.log --single-version-externally-managed install_data --force
[20.436s] Level 1:colcon.colcon_core.environment:checking '/home/raihan/seano_ws/install/seano_sensors' for CMake module files
[20.437s] DEBUG:colcon.colcon_core.event_handler.log_command:Invoked command in '/home/raihan/seano_ws/src/seano_sensors' returned '0': PYTHONPATH=/home/raihan/seano_ws/build/seano_sensors/prefix_override:/usr/lib/python3/dist-packages/colcon_core/task/python/colcon_distutils_commands:/home/raihan/seano_ws/install/seano_sensors/lib/python3.10/site-packages:${PYTHONPATH} /usr/bin/python3 -W ignore:setup.py install is deprecated -W ignore:easy_install command is deprecated setup.py egg_info --egg-base ../../build/seano_sensors build --build-base /home/raihan/seano_ws/build/seano_sensors/build install --record /home/raihan/seano_ws/build/seano_sensors/install.log --single-version-externally-managed install_data --force
[20.438s] Level 1:colcon.colcon_core.environment:checking '/home/raihan/seano_ws/install/seano_sensors' for CMake config files
[20.438s] Level 1:colcon.colcon_core.environment:checking '/home/raihan/seano_ws/install/seano_sensors/lib'
[20.438s] Level 1:colcon.colcon_core.environment:checking '/home/raihan/seano_ws/install/seano_sensors/bin'
[20.439s] Level 1:colcon.colcon_core.environment:checking '/home/raihan/seano_ws/install/seano_sensors/lib/pkgconfig/seano_sensors.pc'
[20.439s] Level 1:colcon.colcon_core.environment:checking '/home/raihan/seano_ws/install/seano_sensors/lib/python3.10/site-packages'
[20.439s] Level 1:colcon.colcon_core.shell:create_environment_hook('seano_sensors', 'pythonpath')
[20.439s] INFO:colcon.colcon_core.shell:Creating environment hook '/home/raihan/seano_ws/install/seano_sensors/share/seano_sensors/hook/pythonpath.ps1'
[20.440s] INFO:colcon.colcon_core.shell:Creating environment descriptor '/home/raihan/seano_ws/install/seano_sensors/share/seano_sensors/hook/pythonpath.dsv'
[20.441s] INFO:colcon.colcon_core.shell:Creating environment hook '/home/raihan/seano_ws/install/seano_sensors/share/seano_sensors/hook/pythonpath.sh'
[20.442s] Level 1:colcon.colcon_core.environment:checking '/home/raihan/seano_ws/install/seano_sensors/bin'
[20.442s] Level 1:colcon.colcon_core.environment:create_environment_scripts_only(seano_sensors)
[20.442s] INFO:colcon.colcon_core.shell:Creating package script '/home/raihan/seano_ws/install/seano_sensors/share/seano_sensors/package.ps1'
[20.444s] INFO:colcon.colcon_core.shell:Creating package descriptor '/home/raihan/seano_ws/install/seano_sensors/share/seano_sensors/package.dsv'
[20.445s] INFO:colcon.colcon_core.shell:Creating package script '/home/raihan/seano_ws/install/seano_sensors/share/seano_sensors/package.sh'
[20.446s] INFO:colcon.colcon_core.shell:Creating package script '/home/raihan/seano_ws/install/seano_sensors/share/seano_sensors/package.bash'
[20.447s] INFO:colcon.colcon_core.shell:Creating package script '/home/raihan/seano_ws/install/seano_sensors/share/seano_sensors/package.zsh'
[20.448s] Level 1:colcon.colcon_core.environment:create_file_with_runtime_dependencies(/home/raihan/seano_ws/install/seano_sensors/share/colcon-core/packages/seano_sensors)
[20.448s] DEBUG:colcon.colcon_parallel_executor.executor.parallel:closing loop
[20.449s] DEBUG:colcon.colcon_parallel_executor.executor.parallel:loop closed
[20.449s] DEBUG:colcon.colcon_parallel_executor.executor.parallel:run_until_complete finished with '0'
[20.449s] DEBUG:colcon.colcon_core.event_reactor:joining thread
[20.530s] INFO:colcon.colcon_core.plugin_system:Skipping extension 'colcon_notification.desktop_notification.terminal_notifier': Not used on non-Darwin systems
[20.530s] INFO:colcon.colcon_core.plugin_system:Skipping extension 'colcon_notification.desktop_notification.win32': Not used on non-Windows systems
[20.530s] INFO:colcon.colcon_notification.desktop_notification:Sending desktop notification using 'notify2'
[21.409s] DEBUG:colcon.colcon_core.event_reactor:joined thread
[21.410s] INFO:colcon.colcon_core.shell:Creating prefix script '/home/raihan/seano_ws/install/local_setup.ps1'
[21.440s] INFO:colcon.colcon_core.shell:Creating prefix util module '/home/raihan/seano_ws/install/_local_setup_util_ps1.py'
[21.443s] INFO:colcon.colcon_core.shell:Creating prefix chain script '/home/raihan/seano_ws/install/setup.ps1'
[21.445s] INFO:colcon.colcon_core.shell:Creating prefix script '/home/raihan/seano_ws/install/local_setup.sh'
[21.446s] INFO:colcon.colcon_core.shell:Creating prefix util module '/home/raihan/seano_ws/install/_local_setup_util_sh.py'
[21.446s] INFO:colcon.colcon_core.shell:Creating prefix chain script '/home/raihan/seano_ws/install/setup.sh'
[21.448s] INFO:colcon.colcon_core.shell:Creating prefix script '/home/raihan/seano_ws/install/local_setup.bash'
[21.449s] INFO:colcon.colcon_core.shell:Creating prefix chain script '/home/raihan/seano_ws/install/setup.bash'
[21.451s] INFO:colcon.colcon_core.shell:Creating prefix script '/home/raihan/seano_ws/install/local_setup.zsh'
[21.452s] INFO:colcon.colcon_core.shell:Creating prefix chain script '/home/raihan/seano_ws/install/setup.zsh'
