[1.615s] Invoking command in '/home/raihan/seano_ws/src/seano_logger': PYTHONPATH=/home/raihan/seano_ws/build/seano_logger/prefix_override:/usr/lib/python3/dist-packages/colcon_core/task/python/colcon_distutils_commands:/home/raihan/seano_ws/install/seano_logger/lib/python3.10/site-packages:${PYTHONPATH} /usr/bin/python3 -W ignore:setup.py install is deprecated -W ignore:easy_install command is deprecated setup.py egg_info --egg-base ../../build/seano_logger build --build-base /home/raihan/seano_ws/build/seano_logger/build install --record /home/raihan/seano_ws/build/seano_logger/install.log --single-version-externally-managed install_data
[2.043s] running egg_info
[2.046s] writing ../../build/seano_logger/seano_logger.egg-info/PKG-INFO
[2.046s] writing dependency_links to ../../build/seano_logger/seano_logger.egg-info/dependency_links.txt
[2.048s] writing entry points to ../../build/seano_logger/seano_logger.egg-info/entry_points.txt
[2.048s] writing requirements to ../../build/seano_logger/seano_logger.egg-info/requires.txt
[2.048s] writing top-level names to ../../build/seano_logger/seano_logger.egg-info/top_level.txt
[2.051s] reading manifest file '../../build/seano_logger/seano_logger.egg-info/SOURCES.txt'
[2.052s] writing manifest file '../../build/seano_logger/seano_logger.egg-info/SOURCES.txt'
[2.053s] running build
[2.053s] running build_py
[2.053s] copying seano_logger/logger_node.py -> /home/raihan/seano_ws/build/seano_logger/build/lib/seano_logger
[2.054s] running install
[2.054s] running install_lib
[2.055s] copying /home/raihan/seano_ws/build/seano_logger/build/lib/seano_logger/logger_node.py -> /home/raihan/seano_ws/install/seano_logger/lib/python3.10/site-packages/seano_logger
[2.057s] byte-compiling /home/raihan/seano_ws/install/seano_logger/lib/python3.10/site-packages/seano_logger/logger_node.py to logger_node.cpython-310.pyc
[2.061s] running install_data
[2.062s] running install_egg_info
[2.065s] removing '/home/raihan/seano_ws/install/seano_logger/lib/python3.10/site-packages/seano_logger-0.0.0-py3.10.egg-info' (and everything under it)
[2.065s] Copying ../../build/seano_logger/seano_logger.egg-info to /home/raihan/seano_ws/install/seano_logger/lib/python3.10/site-packages/seano_logger-0.0.0-py3.10.egg-info
[2.067s] running install_scripts
[2.100s] Installing logger_node script to /home/raihan/seano_ws/install/seano_logger/lib/seano_logger
[2.101s] writing list of installed files to '/home/raihan/seano_ws/build/seano_logger/install.log'
[2.156s] Invoked command in '/home/raihan/seano_ws/src/seano_logger' returned '0': PYTHONPATH=/home/raihan/seano_ws/build/seano_logger/prefix_override:/usr/lib/python3/dist-packages/colcon_core/task/python/colcon_distutils_commands:/home/raihan/seano_ws/install/seano_logger/lib/python3.10/site-packages:${PYTHONPATH} /usr/bin/python3 -W ignore:setup.py install is deprecated -W ignore:easy_install command is deprecated setup.py egg_info --egg-base ../../build/seano_logger build --build-base /home/raihan/seano_ws/build/seano_logger/build install --record /home/raihan/seano_ws/build/seano_logger/install.log --single-version-externally-managed install_data
