[1.624s] Invoking command in '/home/raihan/seano_ws/build/seano_sensors': PYTHONPATH=/home/raihan/seano_ws/build/seano_sensors/prefix_override:/usr/lib/python3/dist-packages/colcon_core/task/python/colcon_distutils_commands:/home/raihan/seano_ws/install/seano_sensors/lib/python3.10/site-packages:${PYTHONPATH} /usr/bin/python3 -W ignore:setup.py install is deprecated -W ignore:easy_install command is deprecated setup.py develop --editable --build-directory /home/raihan/seano_ws/build/seano_sensors/build --no-deps symlink_data
[2.197s] running develop
[2.667s] running egg_info
[2.668s] creating seano_sensors.egg-info
[2.670s] writing seano_sensors.egg-info/PKG-INFO
[2.670s] writing dependency_links to seano_sensors.egg-info/dependency_links.txt
[2.670s] writing entry points to seano_sensors.egg-info/entry_points.txt
[2.677s] writing requirements to seano_sensors.egg-info/requires.txt
[2.677s] writing top-level names to seano_sensors.egg-info/top_level.txt
[2.678s] writing manifest file 'seano_sensors.egg-info/SOURCES.txt'
[2.678s] reading manifest file 'seano_sensors.egg-info/SOURCES.txt'
[2.678s] writing manifest file 'seano_sensors.egg-info/SOURCES.txt'
[2.683s] running build_ext
[2.683s] Creating /home/raihan/seano_ws/install/seano_sensors/lib/python3.10/site-packages/seano-sensors.egg-link (link to .)
[2.684s] Installing adcp_reader script to /home/raihan/seano_ws/install/seano_sensors/lib/seano_sensors
[2.690s] Installing ctd_reader script to /home/raihan/seano_ws/install/seano_sensors/lib/seano_sensors
[2.690s] Installing gps_reader script to /home/raihan/seano_ws/install/seano_sensors/lib/seano_sensors
[2.690s] Installing imu_reader script to /home/raihan/seano_ws/install/seano_sensors/lib/seano_sensors
[2.690s] 
[2.691s] Installed /home/raihan/seano_ws/build/seano_sensors
[2.691s] running symlink_data
[2.691s] creating /home/raihan/seano_ws/install/seano_sensors/share/ament_index
[2.691s] creating /home/raihan/seano_ws/install/seano_sensors/share/ament_index/resource_index
[2.691s] creating /home/raihan/seano_ws/install/seano_sensors/share/ament_index/resource_index/packages
[2.692s] symbolically linking /home/raihan/seano_ws/build/seano_sensors/resource/seano_sensors -> /home/raihan/seano_ws/install/seano_sensors/share/ament_index/resource_index/packages
[2.692s] symbolically linking /home/raihan/seano_ws/build/seano_sensors/package.xml -> /home/raihan/seano_ws/install/seano_sensors/share/seano_sensors
[2.765s] Invoked command in '/home/raihan/seano_ws/build/seano_sensors' returned '0': PYTHONPATH=/home/raihan/seano_ws/build/seano_sensors/prefix_override:/usr/lib/python3/dist-packages/colcon_core/task/python/colcon_distutils_commands:/home/raihan/seano_ws/install/seano_sensors/lib/python3.10/site-packages:${PYTHONPATH} /usr/bin/python3 -W ignore:setup.py install is deprecated -W ignore:easy_install command is deprecated setup.py develop --editable --build-directory /home/raihan/seano_ws/build/seano_sensors/build --no-deps symlink_data
