[2.009s] DEBUG:colcon:Command line arguments: ['/usr/bin/colcon', 'build', '--symlink-install']
[2.009s] DEBUG:colcon:Parsed command line arguments: Namespace(log_base=None, log_level=None, verb_name='build', build_base='build', install_base='install', merge_install=False, symlink_install=True, test_result_base=None, continue_on_error=False, executor='parallel', parallel_workers=4, event_handlers=None, ignore_user_meta=False, metas=['./colcon.meta'], base_paths=['.'], packages_ignore=None, packages_ignore_regex=None, paths=None, packages_up_to=None, packages_up_to_regex=None, packages_above=None, packages_above_and_dependencies=None, packages_above_depth=None, packages_select_by_dep=None, packages_skip_by_dep=None, packages_skip_up_to=None, packages_select_build_failed=False, packages_skip_build_finished=False, packages_select_test_failures=False, packages_skip_test_passed=False, packages_select=None, packages_skip=None, packages_select_regex=None, packages_skip_regex=None, packages_start=None, packages_end=None, allow_overriding=[], cmake_args=None, cmake_target=None, cmake_target_skip_unavailable=False, cmake_clean_cache=False, cmake_clean_first=False, cmake_force_configure=False, ament_cmake_args=None, catkin_cmake_args=None, catkin_skip_building_tests=False, verb_parser=<colcon_defaults.argument_parser.defaults.DefaultArgumentsDecorator object at 0x7a14cb3a7130>, verb_extension=<colcon_core.verb.build.BuildVerb object at 0x7a14cb3a6590>, main=<bound method BuildVerb.main of <colcon_core.verb.build.BuildVerb object at 0x7a14cb3a6590>>)
[5.268s] Level 1:colcon.colcon_core.package_discovery:discover_packages(colcon_meta) check parameters
[5.268s] Level 1:colcon.colcon_core.package_discovery:discover_packages(recursive) check parameters
[5.268s] Level 1:colcon.colcon_core.package_discovery:discover_packages(ignore) check parameters
[5.268s] Level 1:colcon.colcon_core.package_discovery:discover_packages(path) check parameters
[5.269s] Level 1:colcon.colcon_core.package_discovery:discover_packages(colcon_meta) discover
[5.269s] Level 1:colcon.colcon_core.package_discovery:discover_packages(recursive) discover
[5.269s] INFO:colcon.colcon_core.package_discovery:Crawling recursively for packages in '/home/raihan/seano_ws'
[5.269s] Level 1:colcon.colcon_core.package_identification:_identify(.) by extensions ['ignore', 'ignore_ament_install']
[5.269s] Level 1:colcon.colcon_core.package_identification:_identify(.) by extension 'ignore'
[5.269s] Level 1:colcon.colcon_core.package_identification:_identify(.) by extension 'ignore_ament_install'
[5.269s] Level 1:colcon.colcon_core.package_identification:_identify(.) by extensions ['colcon_pkg']
[5.269s] Level 1:colcon.colcon_core.package_identification:_identify(.) by extension 'colcon_pkg'
[5.269s] Level 1:colcon.colcon_core.package_identification:_identify(.) by extensions ['colcon_meta']
[5.270s] Level 1:colcon.colcon_core.package_identification:_identify(.) by extension 'colcon_meta'
[5.270s] Level 1:colcon.colcon_core.package_identification:_identify(.) by extensions ['ros']
[5.270s] Level 1:colcon.colcon_core.package_identification:_identify(.) by extension 'ros'
[5.323s] Level 1:colcon.colcon_core.package_identification:_identify(.) by extensions ['cmake', 'python']
[5.324s] Level 1:colcon.colcon_core.package_identification:_identify(.) by extension 'cmake'
[5.324s] Level 1:colcon.colcon_core.package_identification:_identify(.) by extension 'python'
[5.324s] Level 1:colcon.colcon_core.package_identification:_identify(.) by extensions ['python_setup_py']
[5.324s] Level 1:colcon.colcon_core.package_identification:_identify(.) by extension 'python_setup_py'
[5.324s] Level 1:colcon.colcon_core.package_identification:_identify(build) by extensions ['ignore', 'ignore_ament_install']
[5.324s] Level 1:colcon.colcon_core.package_identification:_identify(build) by extension 'ignore'
[5.324s] Level 1:colcon.colcon_core.package_identification:_identify(build) ignored
[5.325s] Level 1:colcon.colcon_core.package_identification:_identify(install) by extensions ['ignore', 'ignore_ament_install']
[5.325s] Level 1:colcon.colcon_core.package_identification:_identify(install) by extension 'ignore'
[5.325s] Level 1:colcon.colcon_core.package_identification:_identify(install) ignored
[5.325s] Level 1:colcon.colcon_core.package_identification:_identify(log) by extensions ['ignore', 'ignore_ament_install']
[5.325s] Level 1:colcon.colcon_core.package_identification:_identify(log) by extension 'ignore'
[5.326s] Level 1:colcon.colcon_core.package_identification:_identify(log) ignored
[5.326s] Level 1:colcon.colcon_core.package_identification:_identify(src) by extensions ['ignore', 'ignore_ament_install']
[5.326s] Level 1:colcon.colcon_core.package_identification:_identify(src) by extension 'ignore'
[5.326s] Level 1:colcon.colcon_core.package_identification:_identify(src) by extension 'ignore_ament_install'
[5.326s] Level 1:colcon.colcon_core.package_identification:_identify(src) by extensions ['colcon_pkg']
[5.326s] Level 1:colcon.colcon_core.package_identification:_identify(src) by extension 'colcon_pkg'
[5.326s] Level 1:colcon.colcon_core.package_identification:_identify(src) by extensions ['colcon_meta']
[5.326s] Level 1:colcon.colcon_core.package_identification:_identify(src) by extension 'colcon_meta'
[5.327s] Level 1:colcon.colcon_core.package_identification:_identify(src) by extensions ['ros']
[5.327s] Level 1:colcon.colcon_core.package_identification:_identify(src) by extension 'ros'
[5.327s] Level 1:colcon.colcon_core.package_identification:_identify(src) by extensions ['cmake', 'python']
[5.327s] Level 1:colcon.colcon_core.package_identification:_identify(src) by extension 'cmake'
[5.327s] Level 1:colcon.colcon_core.package_identification:_identify(src) by extension 'python'
[5.327s] Level 1:colcon.colcon_core.package_identification:_identify(src) by extensions ['python_setup_py']
[5.327s] Level 1:colcon.colcon_core.package_identification:_identify(src) by extension 'python_setup_py'
[5.343s] Level 1:colcon.colcon_core.package_identification:_identify(src/build) by extensions ['ignore', 'ignore_ament_install']
[5.344s] Level 1:colcon.colcon_core.package_identification:_identify(src/build) by extension 'ignore'
[5.344s] Level 1:colcon.colcon_core.package_identification:_identify(src/build) ignored
[5.345s] Level 1:colcon.colcon_core.package_identification:_identify(src/install) by extensions ['ignore', 'ignore_ament_install']
[5.345s] Level 1:colcon.colcon_core.package_identification:_identify(src/install) by extension 'ignore'
[5.345s] Level 1:colcon.colcon_core.package_identification:_identify(src/install) ignored
[5.358s] Level 1:colcon.colcon_core.package_identification:_identify(src/log) by extensions ['ignore', 'ignore_ament_install']
[5.359s] Level 1:colcon.colcon_core.package_identification:_identify(src/log) by extension 'ignore'
[5.359s] Level 1:colcon.colcon_core.package_identification:_identify(src/log) ignored
[5.359s] Level 1:colcon.colcon_core.package_identification:_identify(src/seano_logger) by extensions ['ignore', 'ignore_ament_install']
[5.359s] Level 1:colcon.colcon_core.package_identification:_identify(src/seano_logger) by extension 'ignore'
[5.359s] Level 1:colcon.colcon_core.package_identification:_identify(src/seano_logger) by extension 'ignore_ament_install'
[5.359s] Level 1:colcon.colcon_core.package_identification:_identify(src/seano_logger) by extensions ['colcon_pkg']
[5.360s] Level 1:colcon.colcon_core.package_identification:_identify(src/seano_logger) by extension 'colcon_pkg'
[5.360s] Level 1:colcon.colcon_core.package_identification:_identify(src/seano_logger) by extensions ['colcon_meta']
[5.360s] Level 1:colcon.colcon_core.package_identification:_identify(src/seano_logger) by extension 'colcon_meta'
[5.360s] Level 1:colcon.colcon_core.package_identification:_identify(src/seano_logger) by extensions ['ros']
[5.360s] Level 1:colcon.colcon_core.package_identification:_identify(src/seano_logger) by extension 'ros'
[5.395s] DEBUG:colcon.colcon_core.package_identification:Package 'src/seano_logger' with type 'ros.ament_python' and name 'seano_logger'
[5.395s] Level 1:colcon.colcon_core.package_identification:_identify(src/seano_sensors) by extensions ['ignore', 'ignore_ament_install']
[5.396s] Level 1:colcon.colcon_core.package_identification:_identify(src/seano_sensors) by extension 'ignore'
[5.396s] Level 1:colcon.colcon_core.package_identification:_identify(src/seano_sensors) by extension 'ignore_ament_install'
[5.396s] Level 1:colcon.colcon_core.package_identification:_identify(src/seano_sensors) by extensions ['colcon_pkg']
[5.396s] Level 1:colcon.colcon_core.package_identification:_identify(src/seano_sensors) by extension 'colcon_pkg'
[5.396s] Level 1:colcon.colcon_core.package_identification:_identify(src/seano_sensors) by extensions ['colcon_meta']
[5.396s] Level 1:colcon.colcon_core.package_identification:_identify(src/seano_sensors) by extension 'colcon_meta'
[5.396s] Level 1:colcon.colcon_core.package_identification:_identify(src/seano_sensors) by extensions ['ros']
[5.396s] Level 1:colcon.colcon_core.package_identification:_identify(src/seano_sensors) by extension 'ros'
[5.409s] DEBUG:colcon.colcon_core.package_identification:Package 'src/seano_sensors' with type 'ros.ament_python' and name 'seano_sensors'
[5.410s] Level 1:colcon.colcon_core.package_discovery:discover_packages(recursive) using defaults
[5.410s] Level 1:colcon.colcon_core.package_discovery:discover_packages(ignore) discover
[5.410s] Level 1:colcon.colcon_core.package_discovery:discover_packages(ignore) using defaults
[5.410s] Level 1:colcon.colcon_core.package_discovery:discover_packages(path) discover
[5.410s] Level 1:colcon.colcon_core.package_discovery:discover_packages(path) using defaults
[5.600s] Level 1:colcon.colcon_core.package_discovery:discover_packages(prefix_path) check parameters
[5.600s] Level 1:colcon.colcon_core.package_discovery:discover_packages(prefix_path) discover
[5.606s] DEBUG:colcon.colcon_installed_package_information.package_discovery:Found 272 installed packages in /opt/ros/humble
[5.609s] Level 1:colcon.colcon_core.package_discovery:discover_packages(prefix_path) using defaults
[5.705s] Level 5:colcon.colcon_core.verb:set package 'seano_logger' build argument 'cmake_args' from command line to 'None'
[5.705s] Level 5:colcon.colcon_core.verb:set package 'seano_logger' build argument 'cmake_target' from command line to 'None'
[5.705s] Level 5:colcon.colcon_core.verb:set package 'seano_logger' build argument 'cmake_target_skip_unavailable' from command line to 'False'
[5.705s] Level 5:colcon.colcon_core.verb:set package 'seano_logger' build argument 'cmake_clean_cache' from command line to 'False'
[5.705s] Level 5:colcon.colcon_core.verb:set package 'seano_logger' build argument 'cmake_clean_first' from command line to 'False'
[5.705s] Level 5:colcon.colcon_core.verb:set package 'seano_logger' build argument 'cmake_force_configure' from command line to 'False'
[5.705s] Level 5:colcon.colcon_core.verb:set package 'seano_logger' build argument 'ament_cmake_args' from command line to 'None'
[5.705s] Level 5:colcon.colcon_core.verb:set package 'seano_logger' build argument 'catkin_cmake_args' from command line to 'None'
[5.705s] Level 5:colcon.colcon_core.verb:set package 'seano_logger' build argument 'catkin_skip_building_tests' from command line to 'False'
[5.706s] DEBUG:colcon.colcon_core.verb:Building package 'seano_logger' with the following arguments: {'ament_cmake_args': None, 'build_base': '/home/raihan/seano_ws/build/seano_logger', 'catkin_cmake_args': None, 'catkin_skip_building_tests': False, 'cmake_args': None, 'cmake_clean_cache': False, 'cmake_clean_first': False, 'cmake_force_configure': False, 'cmake_target': None, 'cmake_target_skip_unavailable': False, 'install_base': '/home/raihan/seano_ws/install/seano_logger', 'merge_install': False, 'path': '/home/raihan/seano_ws/src/seano_logger', 'symlink_install': True, 'test_result_base': None}
[5.706s] Level 5:colcon.colcon_core.verb:set package 'seano_sensors' build argument 'cmake_args' from command line to 'None'
[5.706s] Level 5:colcon.colcon_core.verb:set package 'seano_sensors' build argument 'cmake_target' from command line to 'None'
[5.706s] Level 5:colcon.colcon_core.verb:set package 'seano_sensors' build argument 'cmake_target_skip_unavailable' from command line to 'False'
[5.706s] Level 5:colcon.colcon_core.verb:set package 'seano_sensors' build argument 'cmake_clean_cache' from command line to 'False'
[5.706s] Level 5:colcon.colcon_core.verb:set package 'seano_sensors' build argument 'cmake_clean_first' from command line to 'False'
[5.706s] Level 5:colcon.colcon_core.verb:set package 'seano_sensors' build argument 'cmake_force_configure' from command line to 'False'
[5.706s] Level 5:colcon.colcon_core.verb:set package 'seano_sensors' build argument 'ament_cmake_args' from command line to 'None'
[5.706s] Level 5:colcon.colcon_core.verb:set package 'seano_sensors' build argument 'catkin_cmake_args' from command line to 'None'
[5.706s] Level 5:colcon.colcon_core.verb:set package 'seano_sensors' build argument 'catkin_skip_building_tests' from command line to 'False'
[5.706s] DEBUG:colcon.colcon_core.verb:Building package 'seano_sensors' with the following arguments: {'ament_cmake_args': None, 'build_base': '/home/raihan/seano_ws/build/seano_sensors', 'catkin_cmake_args': None, 'catkin_skip_building_tests': False, 'cmake_args': None, 'cmake_clean_cache': False, 'cmake_clean_first': False, 'cmake_force_configure': False, 'cmake_target': None, 'cmake_target_skip_unavailable': False, 'install_base': '/home/raihan/seano_ws/install/seano_sensors', 'merge_install': False, 'path': '/home/raihan/seano_ws/src/seano_sensors', 'symlink_install': True, 'test_result_base': None}
[5.707s] INFO:colcon.colcon_core.executor:Executing jobs using 'parallel' executor
[5.708s] DEBUG:colcon.colcon_parallel_executor.executor.parallel:run_until_complete
[5.708s] INFO:colcon.colcon_ros.task.ament_python.build:Building ROS package in '/home/raihan/seano_ws/src/seano_logger' with build type 'ament_python'
[5.709s] Level 1:colcon.colcon_core.shell:create_environment_hook('seano_logger', 'ament_prefix_path')
[5.725s] INFO:colcon.colcon_core.plugin_system:Skipping extension 'colcon_core.shell.bat': Not used on non-Windows systems
[5.726s] INFO:colcon.colcon_core.shell:Creating environment hook '/home/raihan/seano_ws/install/seano_logger/share/seano_logger/hook/ament_prefix_path.ps1'
[5.760s] INFO:colcon.colcon_core.shell:Creating environment descriptor '/home/raihan/seano_ws/install/seano_logger/share/seano_logger/hook/ament_prefix_path.dsv'
[5.779s] INFO:colcon.colcon_core.shell:Creating environment hook '/home/raihan/seano_ws/install/seano_logger/share/seano_logger/hook/ament_prefix_path.sh'
[5.781s] INFO:colcon.colcon_core.shell:Skip shell extension 'powershell' for command environment: Not usable outside of PowerShell
[5.781s] DEBUG:colcon.colcon_core.shell:Skip shell extension 'dsv' for command environment
[5.786s] INFO:colcon.colcon_ros.task.ament_python.build:Building ROS package in '/home/raihan/seano_ws/src/seano_sensors' with build type 'ament_python'
[5.786s] Level 1:colcon.colcon_core.shell:create_environment_hook('seano_sensors', 'ament_prefix_path')
[5.787s] INFO:colcon.colcon_core.shell:Creating environment hook '/home/raihan/seano_ws/install/seano_sensors/share/seano_sensors/hook/ament_prefix_path.ps1'
[5.788s] INFO:colcon.colcon_core.shell:Creating environment descriptor '/home/raihan/seano_ws/install/seano_sensors/share/seano_sensors/hook/ament_prefix_path.dsv'
[5.789s] INFO:colcon.colcon_core.shell:Creating environment hook '/home/raihan/seano_ws/install/seano_sensors/share/seano_sensors/hook/ament_prefix_path.sh'
[5.790s] INFO:colcon.colcon_core.shell:Skip shell extension 'powershell' for command environment: Not usable outside of PowerShell
[5.791s] DEBUG:colcon.colcon_core.shell:Skip shell extension 'dsv' for command environment
[6.267s] INFO:colcon.colcon_core.task.python.build:Building Python package in '/home/raihan/seano_ws/src/seano_logger'
[6.268s] INFO:colcon.colcon_core.shell:Skip shell extension 'powershell' for command environment: Not usable outside of PowerShell
[6.268s] DEBUG:colcon.colcon_core.shell:Skip shell extension 'dsv' for command environment
[6.663s] INFO:colcon.colcon_core.task.python.build:Building Python package in '/home/raihan/seano_ws/src/seano_sensors'
[6.663s] INFO:colcon.colcon_core.shell:Skip shell extension 'powershell' for command environment: Not usable outside of PowerShell
[6.664s] DEBUG:colcon.colcon_core.shell:Skip shell extension 'dsv' for command environment
[7.519s] DEBUG:colcon.colcon_core.event_handler.log_command:Invoking command in '/home/raihan/seano_ws/build/seano_sensors': PYTHONPATH=/home/raihan/seano_ws/build/seano_sensors/prefix_override:/usr/lib/python3/dist-packages/colcon_core/task/python/colcon_distutils_commands:/home/raihan/seano_ws/install/seano_sensors/lib/python3.10/site-packages:${PYTHONPATH} /usr/bin/python3 -W ignore:setup.py install is deprecated -W ignore:easy_install command is deprecated setup.py develop --editable --build-directory /home/raihan/seano_ws/build/seano_sensors/build --no-deps symlink_data
[7.527s] DEBUG:colcon.colcon_core.event_handler.log_command:Invoking command in '/home/raihan/seano_ws/build/seano_logger': PYTHONPATH=/home/raihan/seano_ws/build/seano_logger/prefix_override:/usr/lib/python3/dist-packages/colcon_core/task/python/colcon_distutils_commands:/home/raihan/seano_ws/install/seano_logger/lib/python3.10/site-packages:${PYTHONPATH} /usr/bin/python3 -W ignore:setup.py install is deprecated -W ignore:easy_install command is deprecated setup.py develop --editable --build-directory /home/raihan/seano_ws/build/seano_logger/build --no-deps symlink_data
[8.372s] Level 1:colcon.colcon_core.shell:create_environment_hook('seano_sensors', 'pythonpath_develop')
[8.373s] INFO:colcon.colcon_core.shell:Creating environment hook '/home/raihan/seano_ws/build/seano_sensors/share/seano_sensors/hook/pythonpath_develop.ps1'
[8.373s] DEBUG:colcon.colcon_core.event_handler.log_command:Invoked command in '/home/raihan/seano_ws/build/seano_sensors' returned '0': PYTHONPATH=/home/raihan/seano_ws/build/seano_sensors/prefix_override:/usr/lib/python3/dist-packages/colcon_core/task/python/colcon_distutils_commands:/home/raihan/seano_ws/install/seano_sensors/lib/python3.10/site-packages:${PYTHONPATH} /usr/bin/python3 -W ignore:setup.py install is deprecated -W ignore:easy_install command is deprecated setup.py develop --editable --build-directory /home/raihan/seano_ws/build/seano_sensors/build --no-deps symlink_data
[8.375s] INFO:colcon.colcon_core.shell:Creating environment descriptor '/home/raihan/seano_ws/build/seano_sensors/share/seano_sensors/hook/pythonpath_develop.dsv'
[8.375s] INFO:colcon.colcon_core.shell:Creating environment hook '/home/raihan/seano_ws/build/seano_sensors/share/seano_sensors/hook/pythonpath_develop.sh'
[8.382s] Level 1:colcon.colcon_core.environment:checking '/home/raihan/seano_ws/install/seano_sensors' for CMake module files
[8.383s] Level 1:colcon.colcon_core.environment:checking '/home/raihan/seano_ws/install/seano_sensors' for CMake config files
[8.384s] Level 1:colcon.colcon_core.environment:checking '/home/raihan/seano_ws/install/seano_sensors/lib'
[8.384s] Level 1:colcon.colcon_core.environment:checking '/home/raihan/seano_ws/install/seano_sensors/bin'
[8.385s] Level 1:colcon.colcon_core.environment:checking '/home/raihan/seano_ws/install/seano_sensors/lib/pkgconfig/seano_sensors.pc'
[8.385s] Level 1:colcon.colcon_core.environment:checking '/home/raihan/seano_ws/install/seano_sensors/lib/python3.10/site-packages'
[8.385s] Level 1:colcon.colcon_core.shell:create_environment_hook('seano_sensors', 'pythonpath')
[8.385s] INFO:colcon.colcon_core.shell:Creating environment hook '/home/raihan/seano_ws/install/seano_sensors/share/seano_sensors/hook/pythonpath.ps1'
[8.386s] INFO:colcon.colcon_core.shell:Creating environment descriptor '/home/raihan/seano_ws/install/seano_sensors/share/seano_sensors/hook/pythonpath.dsv'
[8.387s] INFO:colcon.colcon_core.shell:Creating environment hook '/home/raihan/seano_ws/install/seano_sensors/share/seano_sensors/hook/pythonpath.sh'
[8.388s] Level 1:colcon.colcon_core.environment:checking '/home/raihan/seano_ws/install/seano_sensors/bin'
[8.388s] Level 1:colcon.colcon_core.environment:create_environment_scripts_only(seano_sensors)
[8.388s] INFO:colcon.colcon_core.shell:Creating package script '/home/raihan/seano_ws/install/seano_sensors/share/seano_sensors/package.ps1'
[8.390s] INFO:colcon.colcon_core.shell:Creating package descriptor '/home/raihan/seano_ws/install/seano_sensors/share/seano_sensors/package.dsv'
[8.391s] INFO:colcon.colcon_core.shell:Creating package script '/home/raihan/seano_ws/install/seano_sensors/share/seano_sensors/package.sh'
[8.392s] INFO:colcon.colcon_core.shell:Creating package script '/home/raihan/seano_ws/install/seano_sensors/share/seano_sensors/package.bash'
[8.394s] INFO:colcon.colcon_core.shell:Creating package script '/home/raihan/seano_ws/install/seano_sensors/share/seano_sensors/package.zsh'
[8.395s] Level 1:colcon.colcon_core.environment:create_file_with_runtime_dependencies(/home/raihan/seano_ws/install/seano_sensors/share/colcon-core/packages/seano_sensors)
[8.397s] Level 1:colcon.colcon_core.shell:create_environment_hook('seano_logger', 'pythonpath_develop')
[8.398s] INFO:colcon.colcon_core.shell:Creating environment hook '/home/raihan/seano_ws/build/seano_logger/share/seano_logger/hook/pythonpath_develop.ps1'
[8.399s] DEBUG:colcon.colcon_core.event_handler.log_command:Invoked command in '/home/raihan/seano_ws/build/seano_logger' returned '0': PYTHONPATH=/home/raihan/seano_ws/build/seano_logger/prefix_override:/usr/lib/python3/dist-packages/colcon_core/task/python/colcon_distutils_commands:/home/raihan/seano_ws/install/seano_logger/lib/python3.10/site-packages:${PYTHONPATH} /usr/bin/python3 -W ignore:setup.py install is deprecated -W ignore:easy_install command is deprecated setup.py develop --editable --build-directory /home/raihan/seano_ws/build/seano_logger/build --no-deps symlink_data
[8.399s] INFO:colcon.colcon_core.shell:Creating environment descriptor '/home/raihan/seano_ws/build/seano_logger/share/seano_logger/hook/pythonpath_develop.dsv'
[8.400s] INFO:colcon.colcon_core.shell:Creating environment hook '/home/raihan/seano_ws/build/seano_logger/share/seano_logger/hook/pythonpath_develop.sh'
[8.401s] Level 1:colcon.colcon_core.environment:checking '/home/raihan/seano_ws/install/seano_logger' for CMake module files
[8.402s] Level 1:colcon.colcon_core.environment:checking '/home/raihan/seano_ws/install/seano_logger' for CMake config files
[8.404s] Level 1:colcon.colcon_core.environment:checking '/home/raihan/seano_ws/install/seano_logger/lib'
[8.404s] Level 1:colcon.colcon_core.environment:checking '/home/raihan/seano_ws/install/seano_logger/bin'
[8.404s] Level 1:colcon.colcon_core.environment:checking '/home/raihan/seano_ws/install/seano_logger/lib/pkgconfig/seano_logger.pc'
[8.404s] Level 1:colcon.colcon_core.environment:checking '/home/raihan/seano_ws/install/seano_logger/lib/python3.10/site-packages'
[8.405s] Level 1:colcon.colcon_core.shell:create_environment_hook('seano_logger', 'pythonpath')
[8.405s] INFO:colcon.colcon_core.shell:Creating environment hook '/home/raihan/seano_ws/install/seano_logger/share/seano_logger/hook/pythonpath.ps1'
[8.406s] INFO:colcon.colcon_core.shell:Creating environment descriptor '/home/raihan/seano_ws/install/seano_logger/share/seano_logger/hook/pythonpath.dsv'
[8.407s] INFO:colcon.colcon_core.shell:Creating environment hook '/home/raihan/seano_ws/install/seano_logger/share/seano_logger/hook/pythonpath.sh'
[8.408s] Level 1:colcon.colcon_core.environment:checking '/home/raihan/seano_ws/install/seano_logger/bin'
[8.408s] Level 1:colcon.colcon_core.environment:create_environment_scripts_only(seano_logger)
[8.409s] INFO:colcon.colcon_core.shell:Creating package script '/home/raihan/seano_ws/install/seano_logger/share/seano_logger/package.ps1'
[8.410s] INFO:colcon.colcon_core.shell:Creating package descriptor '/home/raihan/seano_ws/install/seano_logger/share/seano_logger/package.dsv'
[8.411s] INFO:colcon.colcon_core.shell:Creating package script '/home/raihan/seano_ws/install/seano_logger/share/seano_logger/package.sh'
[8.412s] INFO:colcon.colcon_core.shell:Creating package script '/home/raihan/seano_ws/install/seano_logger/share/seano_logger/package.bash'
[8.413s] INFO:colcon.colcon_core.shell:Creating package script '/home/raihan/seano_ws/install/seano_logger/share/seano_logger/package.zsh'
[8.413s] Level 1:colcon.colcon_core.environment:create_file_with_runtime_dependencies(/home/raihan/seano_ws/install/seano_logger/share/colcon-core/packages/seano_logger)
[8.414s] DEBUG:colcon.colcon_parallel_executor.executor.parallel:closing loop
[8.415s] DEBUG:colcon.colcon_parallel_executor.executor.parallel:loop closed
[8.415s] DEBUG:colcon.colcon_parallel_executor.executor.parallel:run_until_complete finished with '0'
[8.415s] DEBUG:colcon.colcon_core.event_reactor:joining thread
[8.501s] INFO:colcon.colcon_core.plugin_system:Skipping extension 'colcon_notification.desktop_notification.terminal_notifier': Not used on non-Darwin systems
[8.501s] INFO:colcon.colcon_core.plugin_system:Skipping extension 'colcon_notification.desktop_notification.win32': Not used on non-Windows systems
[8.501s] INFO:colcon.colcon_notification.desktop_notification:Sending desktop notification using 'notify2'
[9.150s] DEBUG:colcon.colcon_core.event_reactor:joined thread
[9.151s] INFO:colcon.colcon_core.shell:Creating prefix script '/home/raihan/seano_ws/install/local_setup.ps1'
[9.223s] INFO:colcon.colcon_core.shell:Creating prefix util module '/home/raihan/seano_ws/install/_local_setup_util_ps1.py'
[9.225s] INFO:colcon.colcon_core.shell:Creating prefix chain script '/home/raihan/seano_ws/install/setup.ps1'
[9.228s] INFO:colcon.colcon_core.shell:Creating prefix script '/home/raihan/seano_ws/install/local_setup.sh'
[9.229s] INFO:colcon.colcon_core.shell:Creating prefix util module '/home/raihan/seano_ws/install/_local_setup_util_sh.py'
[9.231s] INFO:colcon.colcon_core.shell:Creating prefix chain script '/home/raihan/seano_ws/install/setup.sh'
[9.233s] INFO:colcon.colcon_core.shell:Creating prefix script '/home/raihan/seano_ws/install/local_setup.bash'
[9.235s] INFO:colcon.colcon_core.shell:Creating prefix chain script '/home/raihan/seano_ws/install/setup.bash'
[9.236s] INFO:colcon.colcon_core.shell:Creating prefix script '/home/raihan/seano_ws/install/local_setup.zsh'
[9.237s] INFO:colcon.colcon_core.shell:Creating prefix chain script '/home/raihan/seano_ws/install/setup.zsh'
